{"C:\\Users\\leonardo\\Desktop\\Biblioteca-error404\\Backend\\controllers\\Ejemplar.controller.js": {"path":"C:\\Users\\leonardo\\Desktop\\Biblioteca-error404\\Backend\\controllers\\Ejemplar.controller.js","statementMap":{"0":{"start":{"line":1,"column":17},"end":{"line":1,"column":46}},"1":{"start":{"line":2,"column":14},"end":{"line":2,"column":40}},"2":{"start":{"line":3,"column":17},"end":{"line":3,"column":46}},"3":{"start":{"line":4,"column":15},"end":{"line":4,"column":35}},"4":{"start":{"line":5,"column":24},"end":{"line":5,"column":49}},"5":{"start":{"line":7,"column":22},"end":{"line":31,"column":1}},"6":{"start":{"line":8,"column":23},"end":{"line":8,"column":33}},"7":{"start":{"line":9,"column":16},"end":{"line":9,"column":39}},"8":{"start":{"line":10,"column":2},"end":{"line":30,"column":3}},"9":{"start":{"line":11,"column":18},"end":{"line":11,"column":48}},"10":{"start":{"line":12,"column":4},"end":{"line":12,"column":78}},"11":{"start":{"line":12,"column":16},"end":{"line":12,"column":78}},"12":{"start":{"line":14,"column":18},"end":{"line":14,"column":63}},"13":{"start":{"line":15,"column":19},"end":{"line":15,"column":47}},"14":{"start":{"line":17,"column":21},"end":{"line":17,"column":71}},"15":{"start":{"line":19,"column":4},"end":{"line":25,"column":7}},"16":{"start":{"line":27,"column":4},"end":{"line":27,"column":35}},"17":{"start":{"line":29,"column":4},"end":{"line":29,"column":85}},"18":{"start":{"line":33,"column":22},"end":{"line":70,"column":1}},"19":{"start":{"line":34,"column":17},"end":{"line":34,"column":27}},"20":{"start":{"line":35,"column":28},"end":{"line":35,"column":36}},"21":{"start":{"line":37,"column":25},"end":{"line":37,"column":81}},"22":{"start":{"line":38,"column":2},"end":{"line":40,"column":3}},"23":{"start":{"line":39,"column":4},"end":{"line":39,"column":97}},"24":{"start":{"line":42,"column":2},"end":{"line":44,"column":3}},"25":{"start":{"line":43,"column":4},"end":{"line":43,"column":83}},"26":{"start":{"line":46,"column":2},"end":{"line":69,"column":3}},"27":{"start":{"line":47,"column":21},"end":{"line":47,"column":48}},"28":{"start":{"line":48,"column":4},"end":{"line":48,"column":84}},"29":{"start":{"line":48,"column":19},"end":{"line":48,"column":84}},"30":{"start":{"line":50,"column":18},"end":{"line":50,"column":35}},"31":{"start":{"line":52,"column":20},"end":{"line":52,"column":22}},"32":{"start":{"line":53,"column":4},"end":{"line":53,"column":40}},"33":{"start":{"line":53,"column":16},"end":{"line":53,"column":40}},"34":{"start":{"line":54,"column":4},"end":{"line":54,"column":51}},"35":{"start":{"line":54,"column":29},"end":{"line":54,"column":51}},"36":{"start":{"line":56,"column":4},"end":{"line":56,"column":35}},"37":{"start":{"line":58,"column":4},"end":{"line":64,"column":7}},"38":{"start":{"line":66,"column":4},"end":{"line":66,"column":60}},"39":{"start":{"line":68,"column":4},"end":{"line":68,"column":90}},"40":{"start":{"line":72,"column":30},"end":{"line":107,"column":1}},"41":{"start":{"line":73,"column":23},"end":{"line":73,"column":33}},"42":{"start":{"line":74,"column":2},"end":{"line":106,"column":3}},"43":{"start":{"line":75,"column":23},"end":{"line":78,"column":6}},"44":{"start":{"line":80,"column":24},"end":{"line":80,"column":51}},"45":{"start":{"line":80,"column":46},"end":{"line":80,"column":50}},"46":{"start":{"line":81,"column":29},"end":{"line":89,"column":10}},"47":{"start":{"line":91,"column":35},"end":{"line":91,"column":44}},"48":{"start":{"line":92,"column":4},"end":{"line":96,"column":7}},"49":{"start":{"line":93,"column":6},"end":{"line":95,"column":7}},"50":{"start":{"line":94,"column":8},"end":{"line":94,"column":71}},"51":{"start":{"line":98,"column":21},"end":{"line":101,"column":7}},"52":{"start":{"line":98,"column":44},"end":{"line":101,"column":5}},"53":{"start":{"line":103,"column":4},"end":{"line":103,"column":23}},"54":{"start":{"line":105,"column":4},"end":{"line":105,"column":67}},"55":{"start":{"line":109,"column":25},"end":{"line":135,"column":1}},"56":{"start":{"line":110,"column":17},"end":{"line":110,"column":27}},"57":{"start":{"line":111,"column":2},"end":{"line":134,"column":3}},"58":{"start":{"line":112,"column":21},"end":{"line":112,"column":48}},"59":{"start":{"line":113,"column":4},"end":{"line":113,"column":84}},"60":{"start":{"line":113,"column":19},"end":{"line":113,"column":84}},"61":{"start":{"line":115,"column":18},"end":{"line":115,"column":35}},"62":{"start":{"line":117,"column":4},"end":{"line":119,"column":5}},"63":{"start":{"line":118,"column":6},"end":{"line":118,"column":95}},"64":{"start":{"line":121,"column":4},"end":{"line":121,"column":29}},"65":{"start":{"line":123,"column":4},"end":{"line":129,"column":7}},"66":{"start":{"line":131,"column":4},"end":{"line":131,"column":62}},"67":{"start":{"line":133,"column":4},"end":{"line":133,"column":88}},"68":{"start":{"line":137,"column":0},"end":{"line":142,"column":2}}},"fnMap":{"0":{"name":"(anonymous_0)","decl":{"start":{"line":7,"column":22},"end":{"line":7,"column":23}},"loc":{"start":{"line":7,"column":42},"end":{"line":31,"column":1}},"line":7},"1":{"name":"(anonymous_1)","decl":{"start":{"line":33,"column":22},"end":{"line":33,"column":23}},"loc":{"start":{"line":33,"column":42},"end":{"line":70,"column":1}},"line":33},"2":{"name":"(anonymous_2)","decl":{"start":{"line":72,"column":30},"end":{"line":72,"column":31}},"loc":{"start":{"line":72,"column":50},"end":{"line":107,"column":1}},"line":72},"3":{"name":"(anonymous_3)","decl":{"start":{"line":80,"column":39},"end":{"line":80,"column":40}},"loc":{"start":{"line":80,"column":46},"end":{"line":80,"column":50}},"line":80},"4":{"name":"(anonymous_4)","decl":{"start":{"line":92,"column":29},"end":{"line":92,"column":30}},"loc":{"start":{"line":92,"column":36},"end":{"line":96,"column":5}},"line":92},"5":{"name":"(anonymous_5)","decl":{"start":{"line":98,"column":36},"end":{"line":98,"column":37}},"loc":{"start":{"line":98,"column":44},"end":{"line":101,"column":5}},"line":98},"6":{"name":"(anonymous_6)","decl":{"start":{"line":109,"column":25},"end":{"line":109,"column":26}},"loc":{"start":{"line":109,"column":45},"end":{"line":135,"column":1}},"line":109}},"branchMap":{"0":{"loc":{"start":{"line":9,"column":16},"end":{"line":9,"column":39}},"type":"binary-expr","locations":[{"start":{"line":9,"column":16},"end":{"line":9,"column":31}},{"start":{"line":9,"column":35},"end":{"line":9,"column":39}}],"line":9},"1":{"loc":{"start":{"line":12,"column":4},"end":{"line":12,"column":78}},"type":"if","locations":[{"start":{"line":12,"column":4},"end":{"line":12,"column":78}},{"start":{},"end":{}}],"line":12},"2":{"loc":{"start":{"line":38,"column":2},"end":{"line":40,"column":3}},"type":"if","locations":[{"start":{"line":38,"column":2},"end":{"line":40,"column":3}},{"start":{},"end":{}}],"line":38},"3":{"loc":{"start":{"line":38,"column":6},"end":{"line":38,"column":48}},"type":"binary-expr","locations":[{"start":{"line":38,"column":6},"end":{"line":38,"column":12}},{"start":{"line":38,"column":16},"end":{"line":38,"column":48}}],"line":38},"4":{"loc":{"start":{"line":42,"column":2},"end":{"line":44,"column":3}},"type":"if","locations":[{"start":{"line":42,"column":2},"end":{"line":44,"column":3}},{"start":{},"end":{}}],"line":42},"5":{"loc":{"start":{"line":42,"column":6},"end":{"line":42,"column":36}},"type":"binary-expr","locations":[{"start":{"line":42,"column":6},"end":{"line":42,"column":13}},{"start":{"line":42,"column":17},"end":{"line":42,"column":36}}],"line":42},"6":{"loc":{"start":{"line":48,"column":4},"end":{"line":48,"column":84}},"type":"if","locations":[{"start":{"line":48,"column":4},"end":{"line":48,"column":84}},{"start":{},"end":{}}],"line":48},"7":{"loc":{"start":{"line":53,"column":4},"end":{"line":53,"column":40}},"type":"if","locations":[{"start":{"line":53,"column":4},"end":{"line":53,"column":40}},{"start":{},"end":{}}],"line":53},"8":{"loc":{"start":{"line":54,"column":4},"end":{"line":54,"column":51}},"type":"if","locations":[{"start":{"line":54,"column":4},"end":{"line":54,"column":51}},{"start":{},"end":{}}],"line":54},"9":{"loc":{"start":{"line":81,"column":29},"end":{"line":89,"column":10}},"type":"cond-expr","locations":[{"start":{"line":82,"column":8},"end":{"line":88,"column":8}},{"start":{"line":89,"column":8},"end":{"line":89,"column":10}}],"line":81},"10":{"loc":{"start":{"line":93,"column":6},"end":{"line":95,"column":7}},"type":"if","locations":[{"start":{"line":93,"column":6},"end":{"line":95,"column":7}},{"start":{},"end":{}}],"line":93},"11":{"loc":{"start":{"line":100,"column":33},"end":{"line":100,"column":73}},"type":"binary-expr","locations":[{"start":{"line":100,"column":33},"end":{"line":100,"column":65}},{"start":{"line":100,"column":69},"end":{"line":100,"column":73}}],"line":100},"12":{"loc":{"start":{"line":113,"column":4},"end":{"line":113,"column":84}},"type":"if","locations":[{"start":{"line":113,"column":4},"end":{"line":113,"column":84}},{"start":{},"end":{}}],"line":113},"13":{"loc":{"start":{"line":117,"column":4},"end":{"line":119,"column":5}},"type":"if","locations":[{"start":{"line":117,"column":4},"end":{"line":119,"column":5}},{"start":{},"end":{}}],"line":117}},"s":{"0":1,"1":1,"2":1,"3":1,"4":1,"5":1,"6":3,"7":3,"8":3,"9":3,"10":2,"11":1,"12":1,"13":1,"14":1,"15":1,"16":1,"17":1,"18":1,"19":5,"20":5,"21":5,"22":5,"23":1,"24":4,"25":1,"26":3,"27":3,"28":2,"29":1,"30":1,"31":1,"32":1,"33":1,"34":1,"35":0,"36":1,"37":1,"38":1,"39":1,"40":1,"41":4,"42":4,"43":4,"44":3,"45":2,"46":3,"47":3,"48":3,"49":1,"50":1,"51":3,"52":2,"53":3,"54":1,"55":1,"56":4,"57":4,"58":4,"59":3,"60":1,"61":2,"62":2,"63":1,"64":1,"65":1,"66":1,"67":1,"68":1},"f":{"0":3,"1":5,"2":4,"3":2,"4":1,"5":2,"6":4},"b":{"0":[3,2],"1":[1,1],"2":[1,4],"3":[5,4],"4":[1,3],"5":[4,1],"6":[1,1],"7":[1,0],"8":[0,1],"9":[2,1],"10":[1,0],"11":[2,1],"12":[1,2],"13":[1,1]},"_coverageSchema":"1a1c01bbd47fc00a2c39e90264f33305004495a9","hash":"3d9cd56c8961b97324f2e2a3ec5ebd9f3e01eb71"}
,"C:\\Users\\leonardo\\Desktop\\Biblioteca-error404\\Backend\\controllers\\admin.controller.js": {"path":"C:\\Users\\leonardo\\Desktop\\Biblioteca-error404\\Backend\\controllers\\admin.controller.js","statementMap":{"0":{"start":{"line":1,"column":20},"end":{"line":1,"column":37}},"1":{"start":{"line":2,"column":13},"end":{"line":2,"column":28}},"2":{"start":{"line":3,"column":23},"end":{"line":3,"column":43}},"3":{"start":{"line":4,"column":101},"end":{"line":4,"column":121}},"4":{"start":{"line":6,"column":20},"end":{"line":6,"column":64}},"5":{"start":{"line":6,"column":26},"end":{"line":6,"column":64}},"6":{"start":{"line":8,"column":22},"end":{"line":19,"column":2}},"7":{"start":{"line":8,"column":37},"end":{"line":19,"column":1}},"8":{"start":{"line":21,"column":26},"end":{"line":46,"column":1}},"9":{"start":{"line":22,"column":21},"end":{"line":36,"column":6}},"10":{"start":{"line":38,"column":4},"end":{"line":45,"column":8}},"11":{"start":{"line":38,"column":39},"end":{"line":45,"column":5}},"12":{"start":{"line":48,"column":26},"end":{"line":71,"column":1}},"13":{"start":{"line":49,"column":19},"end":{"line":63,"column":5}},"14":{"start":{"line":65,"column":4},"end":{"line":70,"column":8}},"15":{"start":{"line":65,"column":34},"end":{"line":70,"column":5}},"16":{"start":{"line":73,"column":31},"end":{"line":120,"column":1}},"17":{"start":{"line":74,"column":22},"end":{"line":85,"column":6}},"18":{"start":{"line":87,"column":20},"end":{"line":87,"column":22}},"19":{"start":{"line":88,"column":21},"end":{"line":88,"column":23}},"20":{"start":{"line":89,"column":22},"end":{"line":89,"column":24}},"21":{"start":{"line":90,"column":16},"end":{"line":90,"column":29}},"22":{"start":{"line":92,"column":4},"end":{"line":107,"column":7}},"23":{"start":{"line":93,"column":20},"end":{"line":93,"column":43}},"24":{"start":{"line":94,"column":33},"end":{"line":94,"column":73}},"25":{"start":{"line":96,"column":8},"end":{"line":99,"column":9}},"26":{"start":{"line":97,"column":12},"end":{"line":97,"column":32}},"27":{"start":{"line":98,"column":12},"end":{"line":98,"column":19}},"28":{"start":{"line":101,"column":8},"end":{"line":104,"column":9}},"29":{"start":{"line":102,"column":12},"end":{"line":102,"column":31}},"30":{"start":{"line":103,"column":12},"end":{"line":103,"column":19}},"31":{"start":{"line":106,"column":8},"end":{"line":106,"column":26}},"32":{"start":{"line":109,"column":4},"end":{"line":119,"column":6}},"33":{"start":{"line":122,"column":22},"end":{"line":130,"column":1}},"34":{"start":{"line":123,"column":42},"end":{"line":127,"column":6}},"35":{"start":{"line":129,"column":4},"end":{"line":129,"column":43}},"36":{"start":{"line":132,"column":27},"end":{"line":158,"column":1}},"37":{"start":{"line":133,"column":17},"end":{"line":137,"column":5}},"38":{"start":{"line":134,"column":8},"end":{"line":134,"column":61}},"39":{"start":{"line":134,"column":51},"end":{"line":134,"column":61}},"40":{"start":{"line":135,"column":21},"end":{"line":135,"column":34}},"41":{"start":{"line":136,"column":8},"end":{"line":136,"column":77}},"42":{"start":{"line":139,"column":4},"end":{"line":139,"column":35}},"43":{"start":{"line":139,"column":21},"end":{"line":139,"column":35}},"44":{"start":{"line":141,"column":4},"end":{"line":141,"column":19}},"45":{"start":{"line":142,"column":4},"end":{"line":142,"column":54}},"46":{"start":{"line":143,"column":4},"end":{"line":143,"column":22}},"47":{"start":{"line":144,"column":4},"end":{"line":144,"column":69}},"48":{"start":{"line":145,"column":4},"end":{"line":145,"column":22}},"49":{"start":{"line":146,"column":4},"end":{"line":146,"column":38}},"50":{"start":{"line":148,"column":24},"end":{"line":148,"column":46}},"51":{"start":{"line":149,"column":4},"end":{"line":152,"column":7}},"52":{"start":{"line":150,"column":8},"end":{"line":150,"column":39}},"53":{"start":{"line":150,"column":25},"end":{"line":150,"column":39}},"54":{"start":{"line":151,"column":8},"end":{"line":151,"column":62}},"55":{"start":{"line":151,"column":36},"end":{"line":151,"column":47}},"56":{"start":{"line":154,"column":4},"end":{"line":157,"column":5}},"57":{"start":{"line":155,"column":8},"end":{"line":155,"column":26}},"58":{"start":{"line":156,"column":8},"end":{"line":156,"column":115}},"59":{"start":{"line":160,"column":28},"end":{"line":183,"column":1}},"60":{"start":{"line":161,"column":4},"end":{"line":182,"column":5}},"61":{"start":{"line":162,"column":103},"end":{"line":169,"column":10}},"62":{"start":{"line":171,"column":8},"end":{"line":178,"column":11}},"63":{"start":{"line":180,"column":8},"end":{"line":180,"column":52}},"64":{"start":{"line":181,"column":8},"end":{"line":181,"column":95}},"65":{"start":{"line":185,"column":35},"end":{"line":208,"column":1}},"66":{"start":{"line":186,"column":4},"end":{"line":207,"column":5}},"67":{"start":{"line":187,"column":103},"end":{"line":194,"column":10}},"68":{"start":{"line":196,"column":8},"end":{"line":203,"column":11}},"69":{"start":{"line":205,"column":8},"end":{"line":205,"column":52}},"70":{"start":{"line":206,"column":8},"end":{"line":206,"column":95}},"71":{"start":{"line":210,"column":20},"end":{"line":218,"column":1}},"72":{"start":{"line":211,"column":4},"end":{"line":217,"column":5}},"73":{"start":{"line":212,"column":22},"end":{"line":212,"column":41}},"74":{"start":{"line":213,"column":8},"end":{"line":213,"column":31}},"75":{"start":{"line":215,"column":8},"end":{"line":215,"column":50}},"76":{"start":{"line":216,"column":8},"end":{"line":216,"column":83}},"77":{"start":{"line":220,"column":17},"end":{"line":233,"column":1}},"78":{"start":{"line":221,"column":36},"end":{"line":221,"column":44}},"79":{"start":{"line":222,"column":4},"end":{"line":224,"column":5}},"80":{"start":{"line":223,"column":8},"end":{"line":223,"column":81}},"81":{"start":{"line":226,"column":4},"end":{"line":232,"column":5}},"82":{"start":{"line":227,"column":25},"end":{"line":227,"column":66}},"83":{"start":{"line":228,"column":8},"end":{"line":228,"column":46}},"84":{"start":{"line":230,"column":8},"end":{"line":230,"column":56}},"85":{"start":{"line":231,"column":8},"end":{"line":231,"column":74}},"86":{"start":{"line":235,"column":25},"end":{"line":243,"column":1}},"87":{"start":{"line":236,"column":4},"end":{"line":242,"column":5}},"88":{"start":{"line":237,"column":27},"end":{"line":237,"column":52}},"89":{"start":{"line":238,"column":8},"end":{"line":238,"column":36}},"90":{"start":{"line":240,"column":8},"end":{"line":240,"column":55}},"91":{"start":{"line":241,"column":8},"end":{"line":241,"column":88}},"92":{"start":{"line":245,"column":23},"end":{"line":258,"column":1}},"93":{"start":{"line":246,"column":36},"end":{"line":246,"column":44}},"94":{"start":{"line":247,"column":4},"end":{"line":249,"column":5}},"95":{"start":{"line":248,"column":8},"end":{"line":248,"column":89}},"96":{"start":{"line":251,"column":4},"end":{"line":257,"column":5}},"97":{"start":{"line":252,"column":26},"end":{"line":252,"column":73}},"98":{"start":{"line":253,"column":8},"end":{"line":253,"column":47}},"99":{"start":{"line":255,"column":8},"end":{"line":255,"column":60}},"100":{"start":{"line":256,"column":8},"end":{"line":256,"column":80}},"101":{"start":{"line":260,"column":36},"end":{"line":268,"column":1}},"102":{"start":{"line":261,"column":4},"end":{"line":267,"column":5}},"103":{"start":{"line":262,"column":26},"end":{"line":262,"column":51}},"104":{"start":{"line":263,"column":8},"end":{"line":263,"column":35}},"105":{"start":{"line":265,"column":8},"end":{"line":265,"column":54}},"106":{"start":{"line":266,"column":8},"end":{"line":266,"column":110}},"107":{"start":{"line":270,"column":35},"end":{"line":298,"column":1}},"108":{"start":{"line":271,"column":4},"end":{"line":297,"column":5}},"109":{"start":{"line":272,"column":25},"end":{"line":272,"column":50}},"110":{"start":{"line":274,"column":21},"end":{"line":276,"column":9}},"111":{"start":{"line":278,"column":8},"end":{"line":287,"column":11}},"112":{"start":{"line":279,"column":12},"end":{"line":286,"column":15}},"113":{"start":{"line":289,"column":20},"end":{"line":289,"column":122}},"114":{"start":{"line":289,"column":38},"end":{"line":289,"column":108}},"115":{"start":{"line":289,"column":57},"end":{"line":289,"column":97}},"116":{"start":{"line":291,"column":8},"end":{"line":291,"column":50}},"117":{"start":{"line":292,"column":8},"end":{"line":292,"column":98}},"118":{"start":{"line":293,"column":8},"end":{"line":293,"column":29}},"119":{"start":{"line":295,"column":8},"end":{"line":295,"column":61}},"120":{"start":{"line":296,"column":8},"end":{"line":296,"column":111}},"121":{"start":{"line":300,"column":38},"end":{"line":338,"column":1}},"122":{"start":{"line":301,"column":4},"end":{"line":337,"column":5}},"123":{"start":{"line":302,"column":25},"end":{"line":302,"column":50}},"124":{"start":{"line":304,"column":20},"end":{"line":304,"column":63}},"125":{"start":{"line":305,"column":25},"end":{"line":305,"column":53}},"126":{"start":{"line":307,"column":8},"end":{"line":307,"column":57}},"127":{"start":{"line":308,"column":8},"end":{"line":308,"column":83}},"128":{"start":{"line":310,"column":8},"end":{"line":310,"column":93}},"129":{"start":{"line":311,"column":8},"end":{"line":311,"column":23}},"130":{"start":{"line":313,"column":8},"end":{"line":313,"column":25}},"131":{"start":{"line":314,"column":8},"end":{"line":314,"column":66}},"132":{"start":{"line":315,"column":8},"end":{"line":315,"column":71}},"133":{"start":{"line":316,"column":8},"end":{"line":316,"column":74}},"134":{"start":{"line":317,"column":8},"end":{"line":317,"column":72}},"135":{"start":{"line":318,"column":8},"end":{"line":318,"column":74}},"136":{"start":{"line":319,"column":8},"end":{"line":319,"column":42}},"137":{"start":{"line":320,"column":8},"end":{"line":320,"column":23}},"138":{"start":{"line":322,"column":8},"end":{"line":330,"column":11}},"139":{"start":{"line":323,"column":12},"end":{"line":323,"column":93}},"140":{"start":{"line":324,"column":12},"end":{"line":324,"column":88}},"141":{"start":{"line":325,"column":12},"end":{"line":325,"column":91}},"142":{"start":{"line":326,"column":12},"end":{"line":326,"column":89}},"143":{"start":{"line":327,"column":12},"end":{"line":327,"column":91}},"144":{"start":{"line":328,"column":12},"end":{"line":328,"column":66}},"145":{"start":{"line":329,"column":12},"end":{"line":329,"column":27}},"146":{"start":{"line":332,"column":8},"end":{"line":332,"column":22}},"147":{"start":{"line":333,"column":8},"end":{"line":333,"column":18}},"148":{"start":{"line":335,"column":8},"end":{"line":335,"column":65}},"149":{"start":{"line":336,"column":8},"end":{"line":336,"column":118}},"150":{"start":{"line":340,"column":40},"end":{"line":366,"column":1}},"151":{"start":{"line":341,"column":4},"end":{"line":365,"column":5}},"152":{"start":{"line":342,"column":25},"end":{"line":342,"column":50}},"153":{"start":{"line":344,"column":25},"end":{"line":344,"column":46}},"154":{"start":{"line":345,"column":22},"end":{"line":354,"column":9}},"155":{"start":{"line":346,"column":33},"end":{"line":353,"column":13}},"156":{"start":{"line":356,"column":8},"end":{"line":356,"column":73}},"157":{"start":{"line":358,"column":23},"end":{"line":358,"column":81}},"158":{"start":{"line":359,"column":8},"end":{"line":359,"column":107}},"159":{"start":{"line":360,"column":8},"end":{"line":360,"column":99}},"160":{"start":{"line":361,"column":8},"end":{"line":361,"column":32}},"161":{"start":{"line":363,"column":8},"end":{"line":363,"column":67}},"162":{"start":{"line":364,"column":8},"end":{"line":364,"column":120}},"163":{"start":{"line":368,"column":34},"end":{"line":376,"column":1}},"164":{"start":{"line":369,"column":4},"end":{"line":375,"column":5}},"165":{"start":{"line":370,"column":26},"end":{"line":370,"column":51}},"166":{"start":{"line":371,"column":8},"end":{"line":371,"column":35}},"167":{"start":{"line":373,"column":8},"end":{"line":373,"column":54}},"168":{"start":{"line":374,"column":8},"end":{"line":374,"column":108}},"169":{"start":{"line":378,"column":24},"end":{"line":386,"column":1}},"170":{"start":{"line":379,"column":4},"end":{"line":385,"column":5}},"171":{"start":{"line":380,"column":25},"end":{"line":380,"column":46}},"172":{"start":{"line":381,"column":8},"end":{"line":381,"column":34}},"173":{"start":{"line":383,"column":8},"end":{"line":383,"column":52}},"174":{"start":{"line":384,"column":8},"end":{"line":384,"column":102}},"175":{"start":{"line":388,"column":28},"end":{"line":439,"column":1}},"176":{"start":{"line":389,"column":4},"end":{"line":438,"column":5}},"177":{"start":{"line":390,"column":25},"end":{"line":390,"column":46}},"178":{"start":{"line":391,"column":25},"end":{"line":391,"column":46}},"179":{"start":{"line":393,"column":29},"end":{"line":398,"column":10}},"180":{"start":{"line":400,"column":30},"end":{"line":409,"column":9}},"181":{"start":{"line":401,"column":42},"end":{"line":408,"column":13}},"182":{"start":{"line":411,"column":28},"end":{"line":418,"column":9}},"183":{"start":{"line":412,"column":40},"end":{"line":417,"column":13}},"184":{"start":{"line":420,"column":29},"end":{"line":420,"column":81}},"185":{"start":{"line":421,"column":30},"end":{"line":421,"column":83}},"186":{"start":{"line":422,"column":31},"end":{"line":422,"column":85}},"187":{"start":{"line":424,"column":8},"end":{"line":424,"column":81}},"188":{"start":{"line":425,"column":8},"end":{"line":425,"column":81}},"189":{"start":{"line":426,"column":8},"end":{"line":426,"column":82}},"190":{"start":{"line":427,"column":8},"end":{"line":427,"column":81}},"191":{"start":{"line":428,"column":8},"end":{"line":428,"column":83}},"192":{"start":{"line":429,"column":8},"end":{"line":429,"column":85}},"193":{"start":{"line":431,"column":23},"end":{"line":431,"column":81}},"194":{"start":{"line":432,"column":8},"end":{"line":432,"column":107}},"195":{"start":{"line":433,"column":8},"end":{"line":433,"column":96}},"196":{"start":{"line":434,"column":8},"end":{"line":434,"column":32}},"197":{"start":{"line":436,"column":8},"end":{"line":436,"column":65}},"198":{"start":{"line":437,"column":8},"end":{"line":437,"column":96}},"199":{"start":{"line":441,"column":26},"end":{"line":509,"column":1}},"200":{"start":{"line":442,"column":4},"end":{"line":508,"column":5}},"201":{"start":{"line":443,"column":25},"end":{"line":443,"column":46}},"202":{"start":{"line":445,"column":20},"end":{"line":445,"column":63}},"203":{"start":{"line":446,"column":25},"end":{"line":446,"column":50}},"204":{"start":{"line":448,"column":8},"end":{"line":448,"column":57}},"205":{"start":{"line":449,"column":8},"end":{"line":449,"column":83}},"206":{"start":{"line":451,"column":8},"end":{"line":451,"column":77}},"207":{"start":{"line":452,"column":8},"end":{"line":452,"column":26}},"208":{"start":{"line":453,"column":8},"end":{"line":453,"column":113}},"209":{"start":{"line":454,"column":8},"end":{"line":454,"column":23}},"210":{"start":{"line":456,"column":8},"end":{"line":456,"column":65}},"211":{"start":{"line":457,"column":8},"end":{"line":457,"column":26}},"212":{"start":{"line":458,"column":8},"end":{"line":458,"column":80}},"213":{"start":{"line":459,"column":8},"end":{"line":459,"column":69}},"214":{"start":{"line":460,"column":8},"end":{"line":460,"column":71}},"215":{"start":{"line":461,"column":8},"end":{"line":461,"column":63}},"216":{"start":{"line":463,"column":8},"end":{"line":469,"column":10}},"217":{"start":{"line":467,"column":41},"end":{"line":467,"column":144}},"218":{"start":{"line":471,"column":8},"end":{"line":477,"column":10}},"219":{"start":{"line":475,"column":39},"end":{"line":475,"column":88}},"220":{"start":{"line":479,"column":8},"end":{"line":485,"column":10}},"221":{"start":{"line":483,"column":50},"end":{"line":483,"column":116}},"222":{"start":{"line":487,"column":8},"end":{"line":493,"column":10}},"223":{"start":{"line":491,"column":51},"end":{"line":491,"column":117}},"224":{"start":{"line":495,"column":8},"end":{"line":501,"column":10}},"225":{"start":{"line":499,"column":52},"end":{"line":499,"column":124}},"226":{"start":{"line":503,"column":8},"end":{"line":503,"column":22}},"227":{"start":{"line":504,"column":8},"end":{"line":504,"column":18}},"228":{"start":{"line":506,"column":8},"end":{"line":506,"column":63}},"229":{"start":{"line":507,"column":8},"end":{"line":507,"column":94}},"230":{"start":{"line":511,"column":25},"end":{"line":524,"column":1}},"231":{"start":{"line":512,"column":4},"end":{"line":523,"column":5}},"232":{"start":{"line":513,"column":24},"end":{"line":513,"column":26}},"233":{"start":{"line":514,"column":8},"end":{"line":516,"column":9}},"234":{"start":{"line":515,"column":12},"end":{"line":515,"column":54}},"235":{"start":{"line":518,"column":27},"end":{"line":518,"column":70}},"236":{"start":{"line":519,"column":8},"end":{"line":519,"column":36}},"237":{"start":{"line":521,"column":8},"end":{"line":521,"column":50}},"238":{"start":{"line":522,"column":8},"end":{"line":522,"column":82}},"239":{"start":{"line":526,"column":0},"end":{"line":542,"column":2}}},"fnMap":{"0":{"name":"(anonymous_0)","decl":{"start":{"line":6,"column":20},"end":{"line":6,"column":21}},"loc":{"start":{"line":6,"column":26},"end":{"line":6,"column":64}},"line":6},"1":{"name":"(anonymous_1)","decl":{"start":{"line":8,"column":22},"end":{"line":8,"column":23}},"loc":{"start":{"line":8,"column":37},"end":{"line":19,"column":1}},"line":8},"2":{"name":"(anonymous_2)","decl":{"start":{"line":21,"column":26},"end":{"line":21,"column":27}},"loc":{"start":{"line":21,"column":38},"end":{"line":46,"column":1}},"line":21},"3":{"name":"(anonymous_3)","decl":{"start":{"line":38,"column":24},"end":{"line":38,"column":25}},"loc":{"start":{"line":38,"column":39},"end":{"line":45,"column":5}},"line":38},"4":{"name":"(anonymous_4)","decl":{"start":{"line":48,"column":26},"end":{"line":48,"column":27}},"loc":{"start":{"line":48,"column":38},"end":{"line":71,"column":1}},"line":48},"5":{"name":"(anonymous_5)","decl":{"start":{"line":65,"column":22},"end":{"line":65,"column":23}},"loc":{"start":{"line":65,"column":34},"end":{"line":70,"column":5}},"line":65},"6":{"name":"(anonymous_6)","decl":{"start":{"line":73,"column":31},"end":{"line":73,"column":32}},"loc":{"start":{"line":73,"column":43},"end":{"line":120,"column":1}},"line":73},"7":{"name":"(anonymous_7)","decl":{"start":{"line":92,"column":22},"end":{"line":92,"column":23}},"loc":{"start":{"line":92,"column":36},"end":{"line":107,"column":5}},"line":92},"8":{"name":"(anonymous_8)","decl":{"start":{"line":122,"column":22},"end":{"line":122,"column":23}},"loc":{"start":{"line":122,"column":34},"end":{"line":130,"column":1}},"line":122},"9":{"name":"(anonymous_9)","decl":{"start":{"line":132,"column":27},"end":{"line":132,"column":28}},"loc":{"start":{"line":132,"column":72},"end":{"line":158,"column":1}},"line":132},"10":{"name":"(anonymous_10)","decl":{"start":{"line":133,"column":17},"end":{"line":133,"column":18}},"loc":{"start":{"line":133,"column":40},"end":{"line":137,"column":5}},"line":133},"11":{"name":"(anonymous_11)","decl":{"start":{"line":149,"column":24},"end":{"line":149,"column":25}},"loc":{"start":{"line":149,"column":33},"end":{"line":152,"column":5}},"line":149},"12":{"name":"(anonymous_12)","decl":{"start":{"line":151,"column":25},"end":{"line":151,"column":26}},"loc":{"start":{"line":151,"column":36},"end":{"line":151,"column":47}},"line":151},"13":{"name":"(anonymous_13)","decl":{"start":{"line":160,"column":28},"end":{"line":160,"column":29}},"loc":{"start":{"line":160,"column":48},"end":{"line":183,"column":1}},"line":160},"14":{"name":"(anonymous_14)","decl":{"start":{"line":185,"column":35},"end":{"line":185,"column":36}},"loc":{"start":{"line":185,"column":55},"end":{"line":208,"column":1}},"line":185},"15":{"name":"(anonymous_15)","decl":{"start":{"line":210,"column":20},"end":{"line":210,"column":21}},"loc":{"start":{"line":210,"column":40},"end":{"line":218,"column":1}},"line":210},"16":{"name":"(anonymous_16)","decl":{"start":{"line":220,"column":17},"end":{"line":220,"column":18}},"loc":{"start":{"line":220,"column":37},"end":{"line":233,"column":1}},"line":220},"17":{"name":"(anonymous_17)","decl":{"start":{"line":235,"column":25},"end":{"line":235,"column":26}},"loc":{"start":{"line":235,"column":45},"end":{"line":243,"column":1}},"line":235},"18":{"name":"(anonymous_18)","decl":{"start":{"line":245,"column":23},"end":{"line":245,"column":24}},"loc":{"start":{"line":245,"column":43},"end":{"line":258,"column":1}},"line":245},"19":{"name":"(anonymous_19)","decl":{"start":{"line":260,"column":36},"end":{"line":260,"column":37}},"loc":{"start":{"line":260,"column":56},"end":{"line":268,"column":1}},"line":260},"20":{"name":"(anonymous_20)","decl":{"start":{"line":270,"column":35},"end":{"line":270,"column":36}},"loc":{"start":{"line":270,"column":55},"end":{"line":298,"column":1}},"line":270},"21":{"name":"(anonymous_21)","decl":{"start":{"line":278,"column":25},"end":{"line":278,"column":26}},"loc":{"start":{"line":278,"column":39},"end":{"line":287,"column":9}},"line":278},"22":{"name":"(anonymous_22)","decl":{"start":{"line":289,"column":29},"end":{"line":289,"column":30}},"loc":{"start":{"line":289,"column":38},"end":{"line":289,"column":108}},"line":289},"23":{"name":"(anonymous_23)","decl":{"start":{"line":289,"column":46},"end":{"line":289,"column":47}},"loc":{"start":{"line":289,"column":57},"end":{"line":289,"column":97}},"line":289},"24":{"name":"(anonymous_24)","decl":{"start":{"line":300,"column":38},"end":{"line":300,"column":39}},"loc":{"start":{"line":300,"column":58},"end":{"line":338,"column":1}},"line":300},"25":{"name":"(anonymous_25)","decl":{"start":{"line":322,"column":25},"end":{"line":322,"column":26}},"loc":{"start":{"line":322,"column":39},"end":{"line":330,"column":9}},"line":322},"26":{"name":"(anonymous_26)","decl":{"start":{"line":340,"column":40},"end":{"line":340,"column":41}},"loc":{"start":{"line":340,"column":60},"end":{"line":366,"column":1}},"line":340},"27":{"name":"(anonymous_27)","decl":{"start":{"line":346,"column":25},"end":{"line":346,"column":26}},"loc":{"start":{"line":346,"column":33},"end":{"line":353,"column":13}},"line":346},"28":{"name":"(anonymous_28)","decl":{"start":{"line":368,"column":34},"end":{"line":368,"column":35}},"loc":{"start":{"line":368,"column":54},"end":{"line":376,"column":1}},"line":368},"29":{"name":"(anonymous_29)","decl":{"start":{"line":378,"column":24},"end":{"line":378,"column":25}},"loc":{"start":{"line":378,"column":44},"end":{"line":386,"column":1}},"line":378},"30":{"name":"(anonymous_30)","decl":{"start":{"line":388,"column":28},"end":{"line":388,"column":29}},"loc":{"start":{"line":388,"column":48},"end":{"line":439,"column":1}},"line":388},"31":{"name":"(anonymous_31)","decl":{"start":{"line":401,"column":34},"end":{"line":401,"column":35}},"loc":{"start":{"line":401,"column":42},"end":{"line":408,"column":13}},"line":401},"32":{"name":"(anonymous_32)","decl":{"start":{"line":412,"column":32},"end":{"line":412,"column":33}},"loc":{"start":{"line":412,"column":40},"end":{"line":417,"column":13}},"line":412},"33":{"name":"(anonymous_33)","decl":{"start":{"line":441,"column":26},"end":{"line":441,"column":27}},"loc":{"start":{"line":441,"column":46},"end":{"line":509,"column":1}},"line":441},"34":{"name":"(anonymous_34)","decl":{"start":{"line":467,"column":34},"end":{"line":467,"column":35}},"loc":{"start":{"line":467,"column":41},"end":{"line":467,"column":144}},"line":467},"35":{"name":"(anonymous_35)","decl":{"start":{"line":475,"column":32},"end":{"line":475,"column":33}},"loc":{"start":{"line":475,"column":39},"end":{"line":475,"column":88}},"line":475},"36":{"name":"(anonymous_36)","decl":{"start":{"line":483,"column":43},"end":{"line":483,"column":44}},"loc":{"start":{"line":483,"column":50},"end":{"line":483,"column":116}},"line":483},"37":{"name":"(anonymous_37)","decl":{"start":{"line":491,"column":44},"end":{"line":491,"column":45}},"loc":{"start":{"line":491,"column":51},"end":{"line":491,"column":117}},"line":491},"38":{"name":"(anonymous_38)","decl":{"start":{"line":499,"column":45},"end":{"line":499,"column":46}},"loc":{"start":{"line":499,"column":52},"end":{"line":499,"column":124}},"line":499},"39":{"name":"(anonymous_39)","decl":{"start":{"line":511,"column":25},"end":{"line":511,"column":26}},"loc":{"start":{"line":511,"column":45},"end":{"line":524,"column":1}},"line":511}},"branchMap":{"0":{"loc":{"start":{"line":10,"column":16},"end":{"line":10,"column":46}},"type":"binary-expr","locations":[{"start":{"line":10,"column":16},"end":{"line":10,"column":40}},{"start":{"line":10,"column":44},"end":{"line":10,"column":46}}],"line":10},"1":{"loc":{"start":{"line":10,"column":50},"end":{"line":10,"column":82}},"type":"binary-expr","locations":[{"start":{"line":10,"column":50},"end":{"line":10,"column":76}},{"start":{"line":10,"column":80},"end":{"line":10,"column":82}}],"line":10},"2":{"loc":{"start":{"line":11,"column":12},"end":{"line":11,"column":42}},"type":"binary-expr","locations":[{"start":{"line":11,"column":12},"end":{"line":11,"column":36}},{"start":{"line":11,"column":40},"end":{"line":11,"column":42}}],"line":11},"3":{"loc":{"start":{"line":12,"column":15},"end":{"line":12,"column":48}},"type":"binary-expr","locations":[{"start":{"line":12,"column":15},"end":{"line":12,"column":42}},{"start":{"line":12,"column":46},"end":{"line":12,"column":48}}],"line":12},"4":{"loc":{"start":{"line":13,"column":11},"end":{"line":13,"column":49}},"type":"binary-expr","locations":[{"start":{"line":13,"column":11},"end":{"line":13,"column":43}},{"start":{"line":13,"column":47},"end":{"line":13,"column":49}}],"line":13},"5":{"loc":{"start":{"line":14,"column":21},"end":{"line":14,"column":52}},"type":"binary-expr","locations":[{"start":{"line":14,"column":21},"end":{"line":14,"column":46}},{"start":{"line":14,"column":50},"end":{"line":14,"column":52}}],"line":14},"6":{"loc":{"start":{"line":94,"column":40},"end":{"line":94,"column":72}},"type":"binary-expr","locations":[{"start":{"line":94,"column":40},"end":{"line":94,"column":66}},{"start":{"line":94,"column":70},"end":{"line":94,"column":72}}],"line":94},"7":{"loc":{"start":{"line":96,"column":8},"end":{"line":99,"column":9}},"type":"if","locations":[{"start":{"line":96,"column":8},"end":{"line":99,"column":9}},{"start":{},"end":{}}],"line":96},"8":{"loc":{"start":{"line":101,"column":8},"end":{"line":104,"column":9}},"type":"if","locations":[{"start":{"line":101,"column":8},"end":{"line":104,"column":9}},{"start":{},"end":{}}],"line":101},"9":{"loc":{"start":{"line":101,"column":12},"end":{"line":101,"column":89}},"type":"binary-expr","locations":[{"start":{"line":101,"column":12},"end":{"line":101,"column":41}},{"start":{"line":101,"column":46},"end":{"line":101,"column":62}},{"start":{"line":101,"column":66},"end":{"line":101,"column":88}}],"line":101},"10":{"loc":{"start":{"line":132,"column":55},"end":{"line":132,"column":67}},"type":"default-arg","locations":[{"start":{"line":132,"column":65},"end":{"line":132,"column":67}}],"line":132},"11":{"loc":{"start":{"line":133,"column":25},"end":{"line":133,"column":35}},"type":"default-arg","locations":[{"start":{"line":133,"column":33},"end":{"line":133,"column":35}}],"line":133},"12":{"loc":{"start":{"line":134,"column":8},"end":{"line":134,"column":61}},"type":"if","locations":[{"start":{"line":134,"column":8},"end":{"line":134,"column":61}},{"start":{},"end":{}}],"line":134},"13":{"loc":{"start":{"line":134,"column":12},"end":{"line":134,"column":49}},"type":"binary-expr","locations":[{"start":{"line":134,"column":12},"end":{"line":134,"column":26}},{"start":{"line":134,"column":30},"end":{"line":134,"column":49}}],"line":134},"14":{"loc":{"start":{"line":136,"column":15},"end":{"line":136,"column":76}},"type":"cond-expr","locations":[{"start":{"line":136,"column":37},"end":{"line":136,"column":69}},{"start":{"line":136,"column":72},"end":{"line":136,"column":76}}],"line":136},"15":{"loc":{"start":{"line":139,"column":4},"end":{"line":139,"column":35}},"type":"if","locations":[{"start":{"line":139,"column":4},"end":{"line":139,"column":35}},{"start":{},"end":{}}],"line":139},"16":{"loc":{"start":{"line":150,"column":8},"end":{"line":150,"column":39}},"type":"if","locations":[{"start":{"line":150,"column":8},"end":{"line":150,"column":39}},{"start":{},"end":{}}],"line":150},"17":{"loc":{"start":{"line":154,"column":4},"end":{"line":157,"column":5}},"type":"if","locations":[{"start":{"line":154,"column":4},"end":{"line":157,"column":5}},{"start":{},"end":{}}],"line":154},"18":{"loc":{"start":{"line":222,"column":4},"end":{"line":224,"column":5}},"type":"if","locations":[{"start":{"line":222,"column":4},"end":{"line":224,"column":5}},{"start":{},"end":{}}],"line":222},"19":{"loc":{"start":{"line":247,"column":4},"end":{"line":249,"column":5}},"type":"if","locations":[{"start":{"line":247,"column":4},"end":{"line":249,"column":5}},{"start":{},"end":{}}],"line":247},"20":{"loc":{"start":{"line":281,"column":16},"end":{"line":281,"column":37}},"type":"binary-expr","locations":[{"start":{"line":281,"column":16},"end":{"line":281,"column":31}},{"start":{"line":281,"column":35},"end":{"line":281,"column":37}}],"line":281},"21":{"loc":{"start":{"line":282,"column":16},"end":{"line":282,"column":39}},"type":"binary-expr","locations":[{"start":{"line":282,"column":16},"end":{"line":282,"column":33}},{"start":{"line":282,"column":37},"end":{"line":282,"column":39}}],"line":282},"22":{"loc":{"start":{"line":283,"column":16},"end":{"line":283,"column":37}},"type":"binary-expr","locations":[{"start":{"line":283,"column":16},"end":{"line":283,"column":31}},{"start":{"line":283,"column":35},"end":{"line":283,"column":37}}],"line":283},"23":{"loc":{"start":{"line":284,"column":16},"end":{"line":284,"column":40}},"type":"binary-expr","locations":[{"start":{"line":284,"column":16},"end":{"line":284,"column":34}},{"start":{"line":284,"column":38},"end":{"line":284,"column":40}}],"line":284},"24":{"loc":{"start":{"line":324,"column":21},"end":{"line":324,"column":42}},"type":"binary-expr","locations":[{"start":{"line":324,"column":21},"end":{"line":324,"column":36}},{"start":{"line":324,"column":40},"end":{"line":324,"column":42}}],"line":324},"25":{"loc":{"start":{"line":325,"column":21},"end":{"line":325,"column":44}},"type":"binary-expr","locations":[{"start":{"line":325,"column":21},"end":{"line":325,"column":38}},{"start":{"line":325,"column":42},"end":{"line":325,"column":44}}],"line":325},"26":{"loc":{"start":{"line":326,"column":21},"end":{"line":326,"column":42}},"type":"binary-expr","locations":[{"start":{"line":326,"column":21},"end":{"line":326,"column":36}},{"start":{"line":326,"column":40},"end":{"line":326,"column":42}}],"line":326},"27":{"loc":{"start":{"line":327,"column":21},"end":{"line":327,"column":45}},"type":"binary-expr","locations":[{"start":{"line":327,"column":21},"end":{"line":327,"column":39}},{"start":{"line":327,"column":43},"end":{"line":327,"column":45}}],"line":327},"28":{"loc":{"start":{"line":467,"column":59},"end":{"line":467,"column":73}},"type":"binary-expr","locations":[{"start":{"line":467,"column":59},"end":{"line":467,"column":67}},{"start":{"line":467,"column":71},"end":{"line":467,"column":73}}],"line":467},"29":{"loc":{"start":{"line":467,"column":77},"end":{"line":467,"column":93}},"type":"binary-expr","locations":[{"start":{"line":467,"column":77},"end":{"line":467,"column":87}},{"start":{"line":467,"column":91},"end":{"line":467,"column":93}}],"line":467},"30":{"loc":{"start":{"line":499,"column":88},"end":{"line":499,"column":113}},"type":"binary-expr","locations":[{"start":{"line":499,"column":88},"end":{"line":499,"column":106}},{"start":{"line":499,"column":110},"end":{"line":499,"column":113}}],"line":499},"31":{"loc":{"start":{"line":514,"column":8},"end":{"line":516,"column":9}},"type":"if","locations":[{"start":{"line":514,"column":8},"end":{"line":516,"column":9}},{"start":{},"end":{}}],"line":514}},"s":{"0":1,"1":1,"2":1,"3":1,"4":1,"5":1,"6":1,"7":1,"8":1,"9":6,"10":3,"11":3,"12":1,"13":4,"14":3,"15":2,"16":1,"17":2,"18":1,"19":1,"20":1,"21":1,"22":1,"23":1,"24":1,"25":1,"26":0,"27":0,"28":1,"29":0,"30":0,"31":1,"32":1,"33":1,"34":2,"35":1,"36":1,"37":0,"38":0,"39":0,"40":0,"41":0,"42":0,"43":0,"44":0,"45":0,"46":0,"47":0,"48":0,"49":0,"50":0,"51":0,"52":0,"53":0,"54":0,"55":0,"56":0,"57":0,"58":0,"59":1,"60":2,"61":2,"62":1,"63":1,"64":1,"65":1,"66":1,"67":1,"68":1,"69":0,"70":0,"71":1,"72":2,"73":2,"74":1,"75":1,"76":1,"77":1,"78":3,"79":3,"80":1,"81":2,"82":2,"83":1,"84":1,"85":1,"86":1,"87":2,"88":2,"89":1,"90":1,"91":1,"92":1,"93":3,"94":3,"95":1,"96":2,"97":2,"98":1,"99":1,"100":1,"101":1,"102":2,"103":2,"104":1,"105":1,"106":1,"107":1,"108":2,"109":2,"110":1,"111":1,"112":1,"113":1,"114":2,"115":12,"116":1,"117":1,"118":1,"119":1,"120":1,"121":1,"122":0,"123":0,"124":0,"125":0,"126":0,"127":0,"128":0,"129":0,"130":0,"131":0,"132":0,"133":0,"134":0,"135":0,"136":0,"137":0,"138":0,"139":0,"140":0,"141":0,"142":0,"143":0,"144":0,"145":0,"146":0,"147":0,"148":0,"149":0,"150":1,"151":0,"152":0,"153":0,"154":0,"155":0,"156":0,"157":0,"158":0,"159":0,"160":0,"161":0,"162":0,"163":1,"164":2,"165":2,"166":1,"167":1,"168":1,"169":1,"170":2,"171":2,"172":1,"173":1,"174":1,"175":1,"176":0,"177":0,"178":0,"179":0,"180":0,"181":0,"182":0,"183":0,"184":0,"185":0,"186":0,"187":0,"188":0,"189":0,"190":0,"191":0,"192":0,"193":0,"194":0,"195":0,"196":0,"197":0,"198":0,"199":1,"200":0,"201":0,"202":0,"203":0,"204":0,"205":0,"206":0,"207":0,"208":0,"209":0,"210":0,"211":0,"212":0,"213":0,"214":0,"215":0,"216":0,"217":0,"218":0,"219":0,"220":0,"221":0,"222":0,"223":0,"224":0,"225":0,"226":0,"227":0,"228":0,"229":0,"230":1,"231":3,"232":3,"233":3,"234":1,"235":3,"236":2,"237":1,"238":1,"239":1},"f":{"0":1,"1":1,"2":6,"3":3,"4":4,"5":2,"6":2,"7":1,"8":2,"9":0,"10":0,"11":0,"12":0,"13":2,"14":1,"15":2,"16":3,"17":2,"18":3,"19":2,"20":2,"21":1,"22":2,"23":12,"24":0,"25":0,"26":0,"27":0,"28":2,"29":2,"30":0,"31":0,"32":0,"33":0,"34":0,"35":0,"36":0,"37":0,"38":0,"39":3},"b":{"0":[1,0],"1":[1,0],"2":[1,0],"3":[1,0],"4":[1,0],"5":[1,0],"6":[1,0],"7":[0,1],"8":[0,1],"9":[1,1,1],"10":[0],"11":[0],"12":[0,0],"13":[0,0],"14":[0,0],"15":[0,0],"16":[0,0],"17":[0,0],"18":[1,2],"19":[1,2],"20":[1,0],"21":[1,0],"22":[1,0],"23":[1,0],"24":[0,0],"25":[0,0],"26":[0,0],"27":[0,0],"28":[0,0],"29":[0,0],"30":[0,0],"31":[1,2]},"_coverageSchema":"1a1c01bbd47fc00a2c39e90264f33305004495a9","hash":"7bb275fcbc27b8cd7001ea63804b82a952dc47cb"}
,"C:\\Users\\leonardo\\Desktop\\Biblioteca-error404\\Backend\\controllers\\auth.controller.js": {"path":"C:\\Users\\leonardo\\Desktop\\Biblioteca-error404\\Backend\\controllers\\auth.controller.js","statementMap":{"0":{"start":{"line":1,"column":15},"end":{"line":1,"column":34}},"1":{"start":{"line":2,"column":12},"end":{"line":2,"column":35}},"2":{"start":{"line":3,"column":25},"end":{"line":3,"column":45}},"3":{"start":{"line":4,"column":18},"end":{"line":4,"column":62}},"4":{"start":{"line":5,"column":21},"end":{"line":5,"column":55}},"5":{"start":{"line":6,"column":25},"end":{"line":6,"column":53}},"6":{"start":{"line":8,"column":14},"end":{"line":51,"column":1}},"7":{"start":{"line":9,"column":17},"end":{"line":9,"column":31}},"8":{"start":{"line":10,"column":33},"end":{"line":10,"column":37}},"9":{"start":{"line":11,"column":4},"end":{"line":13,"column":5}},"10":{"start":{"line":12,"column":8},"end":{"line":12,"column":83}},"11":{"start":{"line":15,"column":4},"end":{"line":50,"column":5}},"12":{"start":{"line":16,"column":24},"end":{"line":19,"column":10}},"13":{"start":{"line":21,"column":8},"end":{"line":23,"column":9}},"14":{"start":{"line":22,"column":12},"end":{"line":22,"column":77}},"15":{"start":{"line":25,"column":24},"end":{"line":29,"column":9}},"16":{"start":{"line":31,"column":22},"end":{"line":31,"column":79}},"17":{"start":{"line":32,"column":8},"end":{"line":32,"column":40}},"18":{"start":{"line":34,"column":8},"end":{"line":46,"column":11}},"19":{"start":{"line":48,"column":8},"end":{"line":48,"column":44}},"20":{"start":{"line":49,"column":8},"end":{"line":49,"column":76}},"21":{"start":{"line":53,"column":17},"end":{"line":65,"column":1}},"22":{"start":{"line":54,"column":49},"end":{"line":54,"column":57}},"23":{"start":{"line":56,"column":2},"end":{"line":60,"column":3}},"24":{"start":{"line":57,"column":4},"end":{"line":59,"column":7}},"25":{"start":{"line":61,"column":2},"end":{"line":61,"column":29}},"26":{"start":{"line":62,"column":2},"end":{"line":62,"column":29}},"27":{"start":{"line":64,"column":2},"end":{"line":64,"column":32}},"28":{"start":{"line":67,"column":0},"end":{"line":70,"column":2}}},"fnMap":{"0":{"name":"(anonymous_0)","decl":{"start":{"line":8,"column":14},"end":{"line":8,"column":15}},"loc":{"start":{"line":8,"column":34},"end":{"line":51,"column":1}},"line":8},"1":{"name":"(anonymous_1)","decl":{"start":{"line":53,"column":17},"end":{"line":53,"column":18}},"loc":{"start":{"line":53,"column":37},"end":{"line":65,"column":1}},"line":53}},"branchMap":{"0":{"loc":{"start":{"line":4,"column":18},"end":{"line":4,"column":62}},"type":"binary-expr","locations":[{"start":{"line":4,"column":18},"end":{"line":4,"column":40}},{"start":{"line":4,"column":44},"end":{"line":4,"column":62}}],"line":4},"1":{"loc":{"start":{"line":5,"column":21},"end":{"line":5,"column":55}},"type":"binary-expr","locations":[{"start":{"line":5,"column":21},"end":{"line":5,"column":47}},{"start":{"line":5,"column":51},"end":{"line":5,"column":55}}],"line":5},"2":{"loc":{"start":{"line":9,"column":17},"end":{"line":9,"column":31}},"type":"binary-expr","locations":[{"start":{"line":9,"column":17},"end":{"line":9,"column":25}},{"start":{"line":9,"column":29},"end":{"line":9,"column":31}}],"line":9},"3":{"loc":{"start":{"line":11,"column":4},"end":{"line":13,"column":5}},"type":"if","locations":[{"start":{"line":11,"column":4},"end":{"line":13,"column":5}},{"start":{},"end":{}}],"line":11},"4":{"loc":{"start":{"line":11,"column":8},"end":{"line":11,"column":28}},"type":"binary-expr","locations":[{"start":{"line":11,"column":8},"end":{"line":11,"column":15}},{"start":{"line":11,"column":19},"end":{"line":11,"column":28}}],"line":11},"5":{"loc":{"start":{"line":21,"column":8},"end":{"line":23,"column":9}},"type":"if","locations":[{"start":{"line":21,"column":8},"end":{"line":23,"column":9}},{"start":{},"end":{}}],"line":21},"6":{"loc":{"start":{"line":21,"column":12},"end":{"line":21,"column":80}},"type":"binary-expr","locations":[{"start":{"line":21,"column":12},"end":{"line":21,"column":20}},{"start":{"line":21,"column":24},"end":{"line":21,"column":80}}],"line":21},"7":{"loc":{"start":{"line":43,"column":21},"end":{"line":43,"column":60}},"type":"cond-expr","locations":[{"start":{"line":43,"column":35},"end":{"line":43,"column":53}},{"start":{"line":43,"column":56},"end":{"line":43,"column":60}}],"line":43},"8":{"loc":{"start":{"line":56,"column":2},"end":{"line":60,"column":3}},"type":"if","locations":[{"start":{"line":56,"column":2},"end":{"line":60,"column":3}},{"start":{},"end":{}}],"line":56},"9":{"loc":{"start":{"line":56,"column":6},"end":{"line":56,"column":50}},"type":"binary-expr","locations":[{"start":{"line":56,"column":6},"end":{"line":56,"column":13}},{"start":{"line":56,"column":17},"end":{"line":56,"column":26}},{"start":{"line":56,"column":30},"end":{"line":56,"column":37}},{"start":{"line":56,"column":41},"end":{"line":56,"column":50}}],"line":56}},"s":{"0":1,"1":1,"2":1,"3":1,"4":1,"5":1,"6":1,"7":3,"8":3,"9":3,"10":1,"11":2,"12":2,"13":2,"14":1,"15":1,"16":1,"17":1,"18":1,"19":0,"20":0,"21":1,"22":2,"23":2,"24":1,"25":1,"26":1,"27":1,"28":1},"f":{"0":3,"1":2},"b":{"0":[1,1],"1":[1,1],"2":[3,0],"3":[1,2],"4":[3,3],"5":[1,1],"6":[2,1],"7":[1,0],"8":[1,1],"9":[2,2,1,1]},"_coverageSchema":"1a1c01bbd47fc00a2c39e90264f33305004495a9","hash":"f25c457e640da0ee958f9e5bf263ba6ae669cfd5"}
,"C:\\Users\\leonardo\\Desktop\\Biblioteca-error404\\Backend\\controllers\\catalogo.controller.js": {"path":"C:\\Users\\leonardo\\Desktop\\Biblioteca-error404\\Backend\\controllers\\catalogo.controller.js","statementMap":{"0":{"start":{"line":1,"column":22},"end":{"line":1,"column":42}},"1":{"start":{"line":2,"column":14},"end":{"line":2,"column":40}},"2":{"start":{"line":3,"column":18},"end":{"line":3,"column":48}},"3":{"start":{"line":4,"column":17},"end":{"line":4,"column":46}},"4":{"start":{"line":6,"column":26},"end":{"line":26,"column":1}},"5":{"start":{"line":7,"column":2},"end":{"line":25,"column":3}},"6":{"start":{"line":8,"column":19},"end":{"line":20,"column":6}},"7":{"start":{"line":22,"column":4},"end":{"line":22,"column":21}},"8":{"start":{"line":24,"column":4},"end":{"line":24,"column":101}},"9":{"start":{"line":28,"column":0},"end":{"line":30,"column":2}}},"fnMap":{"0":{"name":"(anonymous_0)","decl":{"start":{"line":6,"column":26},"end":{"line":6,"column":27}},"loc":{"start":{"line":6,"column":46},"end":{"line":26,"column":1}},"line":6}},"branchMap":{},"s":{"0":1,"1":1,"2":1,"3":1,"4":1,"5":3,"6":3,"7":2,"8":1,"9":1},"f":{"0":3},"b":{},"_coverageSchema":"1a1c01bbd47fc00a2c39e90264f33305004495a9","hash":"3246af9b7026973351b346cde2d58affedbc4c8a"}
,"C:\\Users\\leonardo\\Desktop\\Biblioteca-error404\\Backend\\controllers\\libro.controller.js": {"path":"C:\\Users\\leonardo\\Desktop\\Biblioteca-error404\\Backend\\controllers\\libro.controller.js","statementMap":{"0":{"start":{"line":1,"column":14},"end":{"line":1,"column":40}},"1":{"start":{"line":2,"column":18},"end":{"line":2,"column":48}},"2":{"start":{"line":3,"column":15},"end":{"line":3,"column":35}},"3":{"start":{"line":4,"column":11},"end":{"line":4,"column":24}},"4":{"start":{"line":5,"column":13},"end":{"line":5,"column":28}},"5":{"start":{"line":6,"column":17},"end":{"line":6,"column":46}},"6":{"start":{"line":8,"column":18},"end":{"line":53,"column":1}},"7":{"start":{"line":9,"column":2},"end":{"line":52,"column":3}},"8":{"start":{"line":10,"column":64},"end":{"line":10,"column":73}},"9":{"start":{"line":11,"column":18},"end":{"line":11,"column":20}},"10":{"start":{"line":12,"column":25},"end":{"line":12,"column":27}},"11":{"start":{"line":14,"column":4},"end":{"line":14,"column":60}},"12":{"start":{"line":14,"column":16},"end":{"line":14,"column":60}},"13":{"start":{"line":15,"column":4},"end":{"line":15,"column":57}},"14":{"start":{"line":15,"column":15},"end":{"line":15,"column":57}},"15":{"start":{"line":16,"column":4},"end":{"line":16,"column":56}},"16":{"start":{"line":16,"column":22},"end":{"line":16,"column":56}},"17":{"start":{"line":17,"column":4},"end":{"line":17,"column":54}},"18":{"start":{"line":17,"column":14},"end":{"line":17,"column":54}},"19":{"start":{"line":19,"column":4},"end":{"line":26,"column":5}},"20":{"start":{"line":20,"column":6},"end":{"line":25,"column":8}},"21":{"start":{"line":28,"column":4},"end":{"line":33,"column":5}},"22":{"start":{"line":29,"column":6},"end":{"line":32,"column":8}},"23":{"start":{"line":35,"column":29},"end":{"line":35,"column":96}},"24":{"start":{"line":36,"column":4},"end":{"line":38,"column":5}},"25":{"start":{"line":37,"column":6},"end":{"line":37,"column":75}},"26":{"start":{"line":40,"column":19},"end":{"line":47,"column":6}},"27":{"start":{"line":49,"column":4},"end":{"line":49,"column":21}},"28":{"start":{"line":51,"column":4},"end":{"line":51,"column":63}},"29":{"start":{"line":55,"column":22},"end":{"line":68,"column":1}},"30":{"start":{"line":56,"column":17},"end":{"line":56,"column":27}},"31":{"start":{"line":57,"column":2},"end":{"line":67,"column":3}},"32":{"start":{"line":58,"column":18},"end":{"line":60,"column":6}},"33":{"start":{"line":62,"column":4},"end":{"line":62,"column":78}},"34":{"start":{"line":62,"column":16},"end":{"line":62,"column":78}},"35":{"start":{"line":64,"column":4},"end":{"line":64,"column":20}},"36":{"start":{"line":66,"column":4},"end":{"line":66,"column":62}},"37":{"start":{"line":70,"column":19},"end":{"line":84,"column":1}},"38":{"start":{"line":71,"column":90},"end":{"line":71,"column":98}},"39":{"start":{"line":72,"column":2},"end":{"line":83,"column":3}},"40":{"start":{"line":73,"column":23},"end":{"line":73,"column":58}},"41":{"start":{"line":75,"column":18},"end":{"line":78,"column":6}},"42":{"start":{"line":80,"column":4},"end":{"line":80,"column":32}},"43":{"start":{"line":82,"column":4},"end":{"line":82,"column":82}},"44":{"start":{"line":86,"column":24},"end":{"line":113,"column":1}},"45":{"start":{"line":87,"column":17},"end":{"line":87,"column":27}},"46":{"start":{"line":88,"column":2},"end":{"line":112,"column":3}},"47":{"start":{"line":89,"column":18},"end":{"line":89,"column":42}},"48":{"start":{"line":90,"column":4},"end":{"line":90,"column":78}},"49":{"start":{"line":90,"column":16},"end":{"line":90,"column":78}},"50":{"start":{"line":92,"column":4},"end":{"line":105,"column":5}},"51":{"start":{"line":93,"column":6},"end":{"line":96,"column":7}},"52":{"start":{"line":94,"column":29},"end":{"line":94,"column":73}},"53":{"start":{"line":95,"column":8},"end":{"line":95,"column":69}},"54":{"start":{"line":95,"column":41},"end":{"line":95,"column":69}},"55":{"start":{"line":98,"column":18},"end":{"line":98,"column":49}},"56":{"start":{"line":99,"column":26},"end":{"line":99,"column":47}},"57":{"start":{"line":100,"column":25},"end":{"line":100,"column":70}},"58":{"start":{"line":101,"column":24},"end":{"line":101,"column":63}},"59":{"start":{"line":103,"column":6},"end":{"line":103,"column":43}},"60":{"start":{"line":104,"column":6},"end":{"line":104,"column":40}},"61":{"start":{"line":107,"column":4},"end":{"line":107,"column":33}},"62":{"start":{"line":109,"column":4},"end":{"line":109,"column":68}},"63":{"start":{"line":111,"column":4},"end":{"line":111,"column":87}},"64":{"start":{"line":115,"column":22},"end":{"line":133,"column":1}},"65":{"start":{"line":116,"column":17},"end":{"line":116,"column":27}},"66":{"start":{"line":117,"column":2},"end":{"line":132,"column":3}},"67":{"start":{"line":118,"column":18},"end":{"line":118,"column":42}},"68":{"start":{"line":119,"column":4},"end":{"line":119,"column":78}},"69":{"start":{"line":119,"column":16},"end":{"line":119,"column":78}},"70":{"start":{"line":121,"column":4},"end":{"line":126,"column":5}},"71":{"start":{"line":122,"column":25},"end":{"line":122,"column":69}},"72":{"start":{"line":123,"column":6},"end":{"line":125,"column":7}},"73":{"start":{"line":124,"column":8},"end":{"line":124,"column":34}},"74":{"start":{"line":127,"column":4},"end":{"line":127,"column":26}},"75":{"start":{"line":129,"column":4},"end":{"line":129,"column":59}},"76":{"start":{"line":131,"column":4},"end":{"line":131,"column":85}},"77":{"start":{"line":135,"column":0},"end":{"line":141,"column":2}}},"fnMap":{"0":{"name":"(anonymous_0)","decl":{"start":{"line":8,"column":18},"end":{"line":8,"column":19}},"loc":{"start":{"line":8,"column":38},"end":{"line":53,"column":1}},"line":8},"1":{"name":"(anonymous_1)","decl":{"start":{"line":55,"column":22},"end":{"line":55,"column":23}},"loc":{"start":{"line":55,"column":42},"end":{"line":68,"column":1}},"line":55},"2":{"name":"(anonymous_2)","decl":{"start":{"line":70,"column":19},"end":{"line":70,"column":20}},"loc":{"start":{"line":70,"column":39},"end":{"line":84,"column":1}},"line":70},"3":{"name":"(anonymous_3)","decl":{"start":{"line":86,"column":24},"end":{"line":86,"column":25}},"loc":{"start":{"line":86,"column":44},"end":{"line":113,"column":1}},"line":86},"4":{"name":"(anonymous_4)","decl":{"start":{"line":115,"column":22},"end":{"line":115,"column":23}},"loc":{"start":{"line":115,"column":42},"end":{"line":133,"column":1}},"line":115}},"branchMap":{"0":{"loc":{"start":{"line":14,"column":4},"end":{"line":14,"column":60}},"type":"if","locations":[{"start":{"line":14,"column":4},"end":{"line":14,"column":60}},{"start":{},"end":{}}],"line":14},"1":{"loc":{"start":{"line":15,"column":4},"end":{"line":15,"column":57}},"type":"if","locations":[{"start":{"line":15,"column":4},"end":{"line":15,"column":57}},{"start":{},"end":{}}],"line":15},"2":{"loc":{"start":{"line":16,"column":4},"end":{"line":16,"column":56}},"type":"if","locations":[{"start":{"line":16,"column":4},"end":{"line":16,"column":56}},{"start":{},"end":{}}],"line":16},"3":{"loc":{"start":{"line":17,"column":4},"end":{"line":17,"column":54}},"type":"if","locations":[{"start":{"line":17,"column":4},"end":{"line":17,"column":54}},{"start":{},"end":{}}],"line":17},"4":{"loc":{"start":{"line":19,"column":4},"end":{"line":26,"column":5}},"type":"if","locations":[{"start":{"line":19,"column":4},"end":{"line":26,"column":5}},{"start":{},"end":{}}],"line":19},"5":{"loc":{"start":{"line":28,"column":4},"end":{"line":33,"column":5}},"type":"if","locations":[{"start":{"line":28,"column":4},"end":{"line":33,"column":5}},{"start":{},"end":{}}],"line":28},"6":{"loc":{"start":{"line":30,"column":12},"end":{"line":30,"column":31}},"type":"binary-expr","locations":[{"start":{"line":30,"column":12},"end":{"line":30,"column":25}},{"start":{"line":30,"column":29},"end":{"line":30,"column":31}}],"line":30},"7":{"loc":{"start":{"line":36,"column":4},"end":{"line":38,"column":5}},"type":"if","locations":[{"start":{"line":36,"column":4},"end":{"line":38,"column":5}},{"start":{},"end":{}}],"line":36},"8":{"loc":{"start":{"line":62,"column":4},"end":{"line":62,"column":78}},"type":"if","locations":[{"start":{"line":62,"column":4},"end":{"line":62,"column":78}},{"start":{},"end":{}}],"line":62},"9":{"loc":{"start":{"line":73,"column":23},"end":{"line":73,"column":58}},"type":"cond-expr","locations":[{"start":{"line":73,"column":34},"end":{"line":73,"column":51}},{"start":{"line":73,"column":54},"end":{"line":73,"column":58}}],"line":73},"10":{"loc":{"start":{"line":90,"column":4},"end":{"line":90,"column":78}},"type":"if","locations":[{"start":{"line":90,"column":4},"end":{"line":90,"column":78}},{"start":{},"end":{}}],"line":90},"11":{"loc":{"start":{"line":92,"column":4},"end":{"line":105,"column":5}},"type":"if","locations":[{"start":{"line":92,"column":4},"end":{"line":105,"column":5}},{"start":{},"end":{}}],"line":92},"12":{"loc":{"start":{"line":93,"column":6},"end":{"line":96,"column":7}},"type":"if","locations":[{"start":{"line":93,"column":6},"end":{"line":96,"column":7}},{"start":{},"end":{}}],"line":93},"13":{"loc":{"start":{"line":95,"column":8},"end":{"line":95,"column":69}},"type":"if","locations":[{"start":{"line":95,"column":8},"end":{"line":95,"column":69}},{"start":{},"end":{}}],"line":95},"14":{"loc":{"start":{"line":119,"column":4},"end":{"line":119,"column":78}},"type":"if","locations":[{"start":{"line":119,"column":4},"end":{"line":119,"column":78}},{"start":{},"end":{}}],"line":119},"15":{"loc":{"start":{"line":121,"column":4},"end":{"line":126,"column":5}},"type":"if","locations":[{"start":{"line":121,"column":4},"end":{"line":126,"column":5}},{"start":{},"end":{}}],"line":121},"16":{"loc":{"start":{"line":123,"column":6},"end":{"line":125,"column":7}},"type":"if","locations":[{"start":{"line":123,"column":6},"end":{"line":125,"column":7}},{"start":{},"end":{}}],"line":123}},"s":{"0":1,"1":1,"2":1,"3":1,"4":1,"5":1,"6":1,"7":1,"8":1,"9":1,"10":1,"11":1,"12":0,"13":1,"14":0,"15":1,"16":0,"17":1,"18":0,"19":1,"20":0,"21":1,"22":0,"23":1,"24":1,"25":0,"26":1,"27":1,"28":0,"29":1,"30":1,"31":1,"32":1,"33":1,"34":1,"35":0,"36":0,"37":1,"38":1,"39":1,"40":1,"41":1,"42":1,"43":0,"44":1,"45":2,"46":2,"47":2,"48":2,"49":1,"50":1,"51":1,"52":1,"53":1,"54":1,"55":1,"56":1,"57":1,"58":1,"59":1,"60":1,"61":1,"62":1,"63":0,"64":1,"65":1,"66":1,"67":1,"68":1,"69":0,"70":1,"71":1,"72":1,"73":1,"74":1,"75":1,"76":0,"77":1},"f":{"0":1,"1":1,"2":1,"3":2,"4":1},"b":{"0":[0,1],"1":[0,1],"2":[0,1],"3":[0,1],"4":[0,1],"5":[0,1],"6":[0,0],"7":[0,1],"8":[1,0],"9":[1,0],"10":[1,1],"11":[1,0],"12":[1,0],"13":[1,0],"14":[0,1],"15":[1,0],"16":[1,0]},"_coverageSchema":"1a1c01bbd47fc00a2c39e90264f33305004495a9","hash":"c0bca3af6fff312aa503f108835c0d9e877a1d89"}
,"C:\\Users\\leonardo\\Desktop\\Biblioteca-error404\\Backend\\controllers\\loan.controller.js": {"path":"C:\\Users\\leonardo\\Desktop\\Biblioteca-error404\\Backend\\controllers\\loan.controller.js","statementMap":{"0":{"start":{"line":1,"column":15},"end":{"line":1,"column":35}},"1":{"start":{"line":2,"column":77},"end":{"line":2,"column":97}},"2":{"start":{"line":3,"column":24},"end":{"line":3,"column":49}},"3":{"start":{"line":5,"column":26},"end":{"line":5,"column":29}},"4":{"start":{"line":7,"column":24},"end":{"line":25,"column":1}},"5":{"start":{"line":8,"column":4},"end":{"line":24,"column":5}},"6":{"start":{"line":9,"column":26},"end":{"line":19,"column":10}},"7":{"start":{"line":20,"column":8},"end":{"line":20,"column":35}},"8":{"start":{"line":22,"column":8},"end":{"line":22,"column":48}},"9":{"start":{"line":23,"column":8},"end":{"line":23,"column":87}},"10":{"start":{"line":27,"column":24},"end":{"line":50,"column":1}},"11":{"start":{"line":28,"column":4},"end":{"line":49,"column":5}},"12":{"start":{"line":29,"column":25},"end":{"line":39,"column":10}},"13":{"start":{"line":41,"column":8},"end":{"line":43,"column":9}},"14":{"start":{"line":42,"column":12},"end":{"line":42,"column":77}},"15":{"start":{"line":45,"column":8},"end":{"line":45,"column":34}},"16":{"start":{"line":47,"column":8},"end":{"line":47,"column":50}},"17":{"start":{"line":48,"column":8},"end":{"line":48,"column":81}},"18":{"start":{"line":52,"column":32},"end":{"line":98,"column":1}},"19":{"start":{"line":53,"column":20},"end":{"line":56,"column":6}},"20":{"start":{"line":58,"column":4},"end":{"line":60,"column":5}},"21":{"start":{"line":59,"column":8},"end":{"line":59,"column":20}},"22":{"start":{"line":62,"column":28},"end":{"line":62,"column":38}},"23":{"start":{"line":63,"column":4},"end":{"line":63,"column":59}},"24":{"start":{"line":65,"column":25},"end":{"line":65,"column":41}},"25":{"start":{"line":66,"column":4},"end":{"line":70,"column":7}},"26":{"start":{"line":71,"column":4},"end":{"line":77,"column":7}},"27":{"start":{"line":79,"column":26},"end":{"line":79,"column":43}},"28":{"start":{"line":80,"column":4},"end":{"line":80,"column":51}},"29":{"start":{"line":81,"column":4},"end":{"line":87,"column":7}},"30":{"start":{"line":89,"column":4},"end":{"line":95,"column":7}},"31":{"start":{"line":97,"column":4},"end":{"line":97,"column":19}},"32":{"start":{"line":100,"column":34},"end":{"line":119,"column":1}},"33":{"start":{"line":101,"column":4},"end":{"line":118,"column":5}},"34":{"start":{"line":102,"column":26},"end":{"line":113,"column":10}},"35":{"start":{"line":114,"column":8},"end":{"line":114,"column":35}},"36":{"start":{"line":116,"column":8},"end":{"line":116,"column":53}},"37":{"start":{"line":117,"column":8},"end":{"line":117,"column":99}},"38":{"start":{"line":121,"column":32},"end":{"line":143,"column":1}},"39":{"start":{"line":122,"column":4},"end":{"line":142,"column":5}},"40":{"start":{"line":123,"column":20},"end":{"line":123,"column":58}},"41":{"start":{"line":124,"column":26},"end":{"line":137,"column":10}},"42":{"start":{"line":138,"column":8},"end":{"line":138,"column":35}},"43":{"start":{"line":140,"column":8},"end":{"line":140,"column":56}},"44":{"start":{"line":141,"column":8},"end":{"line":141,"column":96}},"45":{"start":{"line":145,"column":31},"end":{"line":169,"column":1}},"46":{"start":{"line":146,"column":4},"end":{"line":168,"column":5}},"47":{"start":{"line":147,"column":23},"end":{"line":163,"column":10}},"48":{"start":{"line":164,"column":8},"end":{"line":164,"column":32}},"49":{"start":{"line":166,"column":8},"end":{"line":166,"column":48}},"50":{"start":{"line":167,"column":8},"end":{"line":167,"column":96}},"51":{"start":{"line":171,"column":39},"end":{"line":231,"column":1}},"52":{"start":{"line":172,"column":4},"end":{"line":230,"column":5}},"53":{"start":{"line":173,"column":20},"end":{"line":173,"column":58}},"54":{"start":{"line":174,"column":25},"end":{"line":174,"column":35}},"55":{"start":{"line":175,"column":8},"end":{"line":175,"column":49}},"56":{"start":{"line":176,"column":29},"end":{"line":176,"column":65}},"57":{"start":{"line":178,"column":26},"end":{"line":180,"column":10}},"58":{"start":{"line":182,"column":38},"end":{"line":182,"column":40}},"59":{"start":{"line":184,"column":8},"end":{"line":220,"column":9}},"60":{"start":{"line":185,"column":37},"end":{"line":185,"column":63}},"61":{"start":{"line":186,"column":38},"end":{"line":186,"column":97}},"62":{"start":{"line":187,"column":32},"end":{"line":187,"column":54}},"63":{"start":{"line":189,"column":12},"end":{"line":203,"column":13}},"64":{"start":{"line":190,"column":39},"end":{"line":201,"column":18}},"65":{"start":{"line":202,"column":16},"end":{"line":202,"column":57}},"66":{"start":{"line":205,"column":12},"end":{"line":219,"column":13}},"67":{"start":{"line":206,"column":39},"end":{"line":217,"column":18}},"68":{"start":{"line":218,"column":16},"end":{"line":218,"column":57}},"69":{"start":{"line":222,"column":8},"end":{"line":226,"column":11}},"70":{"start":{"line":228,"column":8},"end":{"line":228,"column":56}},"71":{"start":{"line":229,"column":8},"end":{"line":229,"column":90}},"72":{"start":{"line":233,"column":22},"end":{"line":324,"column":1}},"73":{"start":{"line":241,"column":8},"end":{"line":241,"column":16}},"74":{"start":{"line":243,"column":4},"end":{"line":245,"column":5}},"75":{"start":{"line":244,"column":8},"end":{"line":244,"column":90}},"76":{"start":{"line":247,"column":4},"end":{"line":323,"column":5}},"77":{"start":{"line":248,"column":25},"end":{"line":250,"column":10}},"78":{"start":{"line":251,"column":8},"end":{"line":253,"column":9}},"79":{"start":{"line":252,"column":12},"end":{"line":252,"column":77}},"80":{"start":{"line":255,"column":8},"end":{"line":257,"column":9}},"81":{"start":{"line":256,"column":12},"end":{"line":256,"column":99}},"82":{"start":{"line":259,"column":24},"end":{"line":259,"column":58}},"83":{"start":{"line":260,"column":8},"end":{"line":262,"column":9}},"84":{"start":{"line":261,"column":12},"end":{"line":261,"column":76}},"85":{"start":{"line":264,"column":28},"end":{"line":269,"column":10}},"86":{"start":{"line":271,"column":8},"end":{"line":273,"column":9}},"87":{"start":{"line":272,"column":12},"end":{"line":272,"column":104}},"88":{"start":{"line":275,"column":23},"end":{"line":275,"column":73}},"89":{"start":{"line":276,"column":28},"end":{"line":278,"column":67}},"90":{"start":{"line":280,"column":31},"end":{"line":286,"column":10}},"91":{"start":{"line":288,"column":30},"end":{"line":296,"column":10}},"92":{"start":{"line":298,"column":8},"end":{"line":298,"column":54}},"93":{"start":{"line":299,"column":8},"end":{"line":305,"column":11}},"94":{"start":{"line":307,"column":8},"end":{"line":317,"column":9}},"95":{"start":{"line":308,"column":33},"end":{"line":308,"column":56}},"96":{"start":{"line":309,"column":12},"end":{"line":309,"column":92}},"97":{"start":{"line":310,"column":12},"end":{"line":316,"column":15}},"98":{"start":{"line":319,"column":8},"end":{"line":319,"column":51}},"99":{"start":{"line":321,"column":8},"end":{"line":321,"column":50}},"100":{"start":{"line":322,"column":8},"end":{"line":322,"column":79}},"101":{"start":{"line":326,"column":29},"end":{"line":354,"column":1}},"102":{"start":{"line":327,"column":29},"end":{"line":327,"column":65}},"103":{"start":{"line":328,"column":21},"end":{"line":328,"column":46}},"104":{"start":{"line":329,"column":18},"end":{"line":329,"column":45}},"105":{"start":{"line":330,"column":24},"end":{"line":330,"column":77}},"106":{"start":{"line":332,"column":4},"end":{"line":334,"column":5}},"107":{"start":{"line":333,"column":8},"end":{"line":333,"column":20}},"108":{"start":{"line":336,"column":18},"end":{"line":336,"column":74}},"109":{"start":{"line":338,"column":20},"end":{"line":347,"column":6}},"110":{"start":{"line":349,"column":4},"end":{"line":351,"column":5}},"111":{"start":{"line":350,"column":8},"end":{"line":350,"column":86}},"112":{"start":{"line":353,"column":4},"end":{"line":353,"column":17}},"113":{"start":{"line":356,"column":27},"end":{"line":440,"column":1}},"114":{"start":{"line":357,"column":4},"end":{"line":439,"column":5}},"115":{"start":{"line":358,"column":25},"end":{"line":358,"column":63}},"116":{"start":{"line":359,"column":8},"end":{"line":361,"column":9}},"117":{"start":{"line":360,"column":12},"end":{"line":360,"column":77}},"118":{"start":{"line":363,"column":30},"end":{"line":363,"column":47}},"119":{"start":{"line":370,"column":12},"end":{"line":370,"column":20}},"120":{"start":{"line":372,"column":32},"end":{"line":372,"column":34}},"121":{"start":{"line":373,"column":8},"end":{"line":373,"column":87}},"122":{"start":{"line":373,"column":41},"end":{"line":373,"column":87}},"123":{"start":{"line":374,"column":8},"end":{"line":374,"column":96}},"124":{"start":{"line":374,"column":44},"end":{"line":374,"column":96}},"125":{"start":{"line":375,"column":8},"end":{"line":375,"column":85}},"126":{"start":{"line":375,"column":31},"end":{"line":375,"column":85}},"127":{"start":{"line":376,"column":8},"end":{"line":376,"column":82}},"128":{"start":{"line":376,"column":30},"end":{"line":376,"column":82}},"129":{"start":{"line":379,"column":8},"end":{"line":402,"column":9}},"130":{"start":{"line":380,"column":12},"end":{"line":401,"column":13}},"131":{"start":{"line":381,"column":16},"end":{"line":383,"column":17}},"132":{"start":{"line":382,"column":20},"end":{"line":382,"column":107}},"133":{"start":{"line":385,"column":16},"end":{"line":385,"column":52}},"134":{"start":{"line":386,"column":16},"end":{"line":386,"column":73}},"135":{"start":{"line":387,"column":16},"end":{"line":392,"column":17}},"136":{"start":{"line":388,"column":35},"end":{"line":388,"column":85}},"137":{"start":{"line":389,"column":20},"end":{"line":391,"column":39}},"138":{"start":{"line":393,"column":19},"end":{"line":401,"column":13}},"139":{"start":{"line":394,"column":16},"end":{"line":394,"column":52}},"140":{"start":{"line":395,"column":16},"end":{"line":397,"column":61}},"141":{"start":{"line":398,"column":16},"end":{"line":398,"column":72}},"142":{"start":{"line":400,"column":16},"end":{"line":400,"column":48}},"143":{"start":{"line":404,"column":8},"end":{"line":404,"column":47}},"144":{"start":{"line":405,"column":8},"end":{"line":411,"column":11}},"145":{"start":{"line":413,"column":8},"end":{"line":433,"column":9}},"146":{"start":{"line":414,"column":29},"end":{"line":414,"column":74}},"147":{"start":{"line":415,"column":12},"end":{"line":418,"column":13}},"148":{"start":{"line":416,"column":16},"end":{"line":416,"column":64}},"149":{"start":{"line":417,"column":16},"end":{"line":417,"column":61}},"150":{"start":{"line":420,"column":12},"end":{"line":426,"column":15}},"151":{"start":{"line":428,"column":35},"end":{"line":428,"column":126}},"152":{"start":{"line":429,"column":26},"end":{"line":429,"column":78}},"153":{"start":{"line":430,"column":12},"end":{"line":432,"column":13}},"154":{"start":{"line":431,"column":16},"end":{"line":431,"column":53}},"155":{"start":{"line":435,"column":8},"end":{"line":435,"column":34}},"156":{"start":{"line":437,"column":8},"end":{"line":437,"column":50}},"157":{"start":{"line":438,"column":8},"end":{"line":438,"column":84}},"158":{"start":{"line":442,"column":24},"end":{"line":497,"column":1}},"159":{"start":{"line":443,"column":4},"end":{"line":496,"column":5}},"160":{"start":{"line":444,"column":25},"end":{"line":446,"column":10}},"161":{"start":{"line":447,"column":8},"end":{"line":449,"column":9}},"162":{"start":{"line":448,"column":12},"end":{"line":448,"column":77}},"163":{"start":{"line":451,"column":30},"end":{"line":451,"column":47}},"164":{"start":{"line":453,"column":8},"end":{"line":455,"column":9}},"165":{"start":{"line":454,"column":12},"end":{"line":454,"column":95}},"166":{"start":{"line":457,"column":8},"end":{"line":459,"column":9}},"167":{"start":{"line":458,"column":12},"end":{"line":458,"column":91}},"168":{"start":{"line":461,"column":25},"end":{"line":461,"column":70}},"169":{"start":{"line":462,"column":8},"end":{"line":464,"column":9}},"170":{"start":{"line":463,"column":12},"end":{"line":463,"column":90}},"171":{"start":{"line":466,"column":35},"end":{"line":471,"column":10}},"172":{"start":{"line":473,"column":8},"end":{"line":475,"column":9}},"173":{"start":{"line":474,"column":12},"end":{"line":474,"column":136}},"174":{"start":{"line":477,"column":27},"end":{"line":477,"column":77}},"175":{"start":{"line":478,"column":8},"end":{"line":478,"column":53}},"176":{"start":{"line":480,"column":8},"end":{"line":480,"column":35}},"177":{"start":{"line":481,"column":8},"end":{"line":481,"column":37}},"178":{"start":{"line":482,"column":8},"end":{"line":482,"column":76}},"179":{"start":{"line":483,"column":8},"end":{"line":483,"column":30}},"180":{"start":{"line":484,"column":8},"end":{"line":490,"column":11}},"181":{"start":{"line":492,"column":8},"end":{"line":492,"column":34}},"182":{"start":{"line":494,"column":8},"end":{"line":494,"column":49}},"183":{"start":{"line":495,"column":8},"end":{"line":495,"column":81}},"184":{"start":{"line":499,"column":25},"end":{"line":527,"column":1}},"185":{"start":{"line":500,"column":4},"end":{"line":526,"column":5}},"186":{"start":{"line":501,"column":25},"end":{"line":501,"column":63}},"187":{"start":{"line":502,"column":8},"end":{"line":504,"column":9}},"188":{"start":{"line":503,"column":12},"end":{"line":503,"column":77}},"189":{"start":{"line":506,"column":30},"end":{"line":506,"column":47}},"190":{"start":{"line":507,"column":8},"end":{"line":512,"column":9}},"191":{"start":{"line":508,"column":29},"end":{"line":508,"column":74}},"192":{"start":{"line":509,"column":12},"end":{"line":511,"column":13}},"193":{"start":{"line":510,"column":16},"end":{"line":510,"column":64}},"194":{"start":{"line":514,"column":8},"end":{"line":514,"column":33}},"195":{"start":{"line":515,"column":8},"end":{"line":521,"column":11}},"196":{"start":{"line":522,"column":8},"end":{"line":522,"column":73}},"197":{"start":{"line":524,"column":8},"end":{"line":524,"column":50}},"198":{"start":{"line":525,"column":8},"end":{"line":525,"column":82}},"199":{"start":{"line":529,"column":0},"end":{"line":540,"column":2}}},"fnMap":{"0":{"name":"(anonymous_0)","decl":{"start":{"line":7,"column":24},"end":{"line":7,"column":25}},"loc":{"start":{"line":7,"column":44},"end":{"line":25,"column":1}},"line":7},"1":{"name":"(anonymous_1)","decl":{"start":{"line":27,"column":24},"end":{"line":27,"column":25}},"loc":{"start":{"line":27,"column":44},"end":{"line":50,"column":1}},"line":27},"2":{"name":"(anonymous_2)","decl":{"start":{"line":52,"column":32},"end":{"line":52,"column":33}},"loc":{"start":{"line":52,"column":57},"end":{"line":98,"column":1}},"line":52},"3":{"name":"(anonymous_3)","decl":{"start":{"line":100,"column":34},"end":{"line":100,"column":35}},"loc":{"start":{"line":100,"column":54},"end":{"line":119,"column":1}},"line":100},"4":{"name":"(anonymous_4)","decl":{"start":{"line":121,"column":32},"end":{"line":121,"column":33}},"loc":{"start":{"line":121,"column":52},"end":{"line":143,"column":1}},"line":121},"5":{"name":"(anonymous_5)","decl":{"start":{"line":145,"column":31},"end":{"line":145,"column":32}},"loc":{"start":{"line":145,"column":51},"end":{"line":169,"column":1}},"line":145},"6":{"name":"(anonymous_6)","decl":{"start":{"line":171,"column":39},"end":{"line":171,"column":40}},"loc":{"start":{"line":171,"column":59},"end":{"line":231,"column":1}},"line":171},"7":{"name":"(anonymous_7)","decl":{"start":{"line":233,"column":22},"end":{"line":233,"column":23}},"loc":{"start":{"line":233,"column":42},"end":{"line":324,"column":1}},"line":233},"8":{"name":"(anonymous_8)","decl":{"start":{"line":326,"column":29},"end":{"line":326,"column":30}},"loc":{"start":{"line":326,"column":66},"end":{"line":354,"column":1}},"line":326},"9":{"name":"(anonymous_9)","decl":{"start":{"line":356,"column":27},"end":{"line":356,"column":28}},"loc":{"start":{"line":356,"column":47},"end":{"line":440,"column":1}},"line":356},"10":{"name":"(anonymous_10)","decl":{"start":{"line":442,"column":24},"end":{"line":442,"column":25}},"loc":{"start":{"line":442,"column":44},"end":{"line":497,"column":1}},"line":442},"11":{"name":"(anonymous_11)","decl":{"start":{"line":499,"column":25},"end":{"line":499,"column":26}},"loc":{"start":{"line":499,"column":45},"end":{"line":527,"column":1}},"line":499}},"branchMap":{"0":{"loc":{"start":{"line":41,"column":8},"end":{"line":43,"column":9}},"type":"if","locations":[{"start":{"line":41,"column":8},"end":{"line":43,"column":9}},{"start":{},"end":{}}],"line":41},"1":{"loc":{"start":{"line":58,"column":4},"end":{"line":60,"column":5}},"type":"if","locations":[{"start":{"line":58,"column":4},"end":{"line":60,"column":5}},{"start":{},"end":{}}],"line":58},"2":{"loc":{"start":{"line":186,"column":38},"end":{"line":186,"column":97}},"type":"binary-expr","locations":[{"start":{"line":186,"column":38},"end":{"line":186,"column":70}},{"start":{"line":186,"column":74},"end":{"line":186,"column":97}}],"line":186},"3":{"loc":{"start":{"line":189,"column":12},"end":{"line":203,"column":13}},"type":"if","locations":[{"start":{"line":189,"column":12},"end":{"line":203,"column":13}},{"start":{},"end":{}}],"line":189},"4":{"loc":{"start":{"line":205,"column":12},"end":{"line":219,"column":13}},"type":"if","locations":[{"start":{"line":205,"column":12},"end":{"line":219,"column":13}},{"start":{},"end":{}}],"line":205},"5":{"loc":{"start":{"line":243,"column":4},"end":{"line":245,"column":5}},"type":"if","locations":[{"start":{"line":243,"column":4},"end":{"line":245,"column":5}},{"start":{},"end":{}}],"line":243},"6":{"loc":{"start":{"line":243,"c
[...]
":{"start":{"line":324,"column":8},"end":{"line":337,"column":9}},"type":"if","locations":[{"start":{"line":324,"column":8},"end":{"line":337,"column":9}},{"start":{},"end":{}}],"line":324},"41":{"loc":{"start":{"line":324,"column":12},"end":{"line":324,"column":57}},"type":"binary-expr","locations":[{"start":{"line":324,"column":12},"end":{"line":324,"column":34}},{"start":{"line":324,"column":38},"end":{"line":324,"column":57}}],"line":324},"42":{"loc":{"start":{"line":326,"column":12},"end":{"line":336,"column":13}},"type":"if","locations":[{"start":{"line":326,"column":12},"end":{"line":336,"column":13}},{"start":{},"end":{}}],"line":326},"43":{"loc":{"start":{"line":326,"column":16},"end":{"line":326,"column":59}},"type":"binary-expr","locations":[{"start":{"line":326,"column":16},"end":{"line":326,"column":24}},{"start":{"line":326,"column":28},"end":{"line":326,"column":59}}],"line":326},"44":{"loc":{"start":{"line":357,"column":8},"end":{"line":359,"column":9}},"type":"if","locations":[{"start":{"line":357,"column":8},"end":{"line":359,"column":9}},{"start":{},"end":{}}],"line":357},"45":{"loc":{"start":{"line":363,"column":8},"end":{"line":376,"column":9}},"type":"if","locations":[{"start":{"line":363,"column":8},"end":{"line":376,"column":9}},{"start":{},"end":{}}],"line":363},"46":{"loc":{"start":{"line":365,"column":12},"end":{"line":375,"column":13}},"type":"if","locations":[{"start":{"line":365,"column":12},"end":{"line":375,"column":13}},{"start":{},"end":{}}],"line":365},"47":{"loc":{"start":{"line":365,"column":16},"end":{"line":365,"column":59}},"type":"binary-expr","locations":[{"start":{"line":365,"column":16},"end":{"line":365,"column":24}},{"start":{"line":365,"column":28},"end":{"line":365,"column":59}}],"line":365}},"s":{"0":1,"1":1,"2":1,"3":2,"4":2,"5":1,"6":1,"7":1,"8":1,"9":2,"10":2,"11":1,"12":1,"13":1,"14":1,"15":2,"16":2,"17":1,"18":1,"19":1,"20":1,"21":3,"22":3,"23":2,"24":1,"25":1,"26":1,"27":1,"28":1,"29":12,"30":12,"31":1,"32":11,"33":11,"34":10,"35":1,"36":9,"37":9,"38":1,"39":8,"40":8,"41":1,"42":7,"43":7,"44":1,"45":6,"46":6,"47":1,"48":5,"49":5,"50":1,"51":4,"52":4,"53":3,"54":3,"55":3,"56":3,"57":1,"58":2,"59":1,"60":0,"61":1,"62":0,"63":1,"64":1,"65":1,"66":1,"67":1,"68":1,"69":1,"70":1,"71":1,"72":2,"73":2,"74":2,"75":1,"76":1,"77":1,"78":9,"79":9,"80":8,"81":1,"82":7,"83":7,"84":7,"85":3,"86":1,"87":2,"88":1,"89":5,"90":5,"91":5,"92":0,"93":5,"94":4,"95":5,"96":1,"97":5,"98":1,"99":5,"100":5,"101":1,"102":1,"103":1,"104":1,"105":1,"106":5,"107":2,"108":1,"109":1,"110":1,"111":0,"112":1,"113":1,"114":0,"115":1,"116":1,"117":0,"118":1,"119":1,"120":0,"121":1,"122":1,"123":1,"124":1,"125":1,"126":1,"127":1,"128":1,"129":1,"130":4,"131":1,"132":1,"133":1,"134":1,"135":1,"136":4,"137":4,"138":1,"139":1,"140":1,"141":4,"142":4,"143":3,"144":1,"145":2,"146":2,"147":1,"148":1,"149":1,"150":1,"151":1,"152":2,"153":2,"154":2,"155":1,"156":1,"157":1},"f":{"0":2,"1":2,"2":2,"3":3,"4":12,"5":9,"6":4},"b":{"0":[1,1],"1":[1,11],"2":[12,12],"3":[1,9],"4":[1,8],"5":[1,7],"6":[1,6],"7":[7,4],"8":[1,5],"9":[1,4],"10":[4,4],"11":[4,4],"12":[4,4],"13":[3,1],"14":[4,3],"15":[3,0],"16":[1,2],"17":[1,1],"18":[0,1],"19":[1,1],"20":[1,1],"21":[1,7],"22":[3,4],"23":[1,2],"24":[1,1],"25":[0,5],"26":[4,1],"27":[1,4],"28":[1,4],"29":[1,4],"30":[5,1],"31":[1,0],"32":[2,3],"33":[1,1],"34":[0,1],"35":[0,1],"36":[0,1],"37":[0,1],"38":[1,0],"39":[1,1],"40":[1,3],"41":[4,1],"42":[1,0],"43":[1,1],"44":[1,2],"45":[1,1],"46":[1,0],"47":[1,1]},"_coverageSchema":"1a1c01bbd47fc00a2c39e90264f33305004495a9","hash":"906796eaa4dfc898dd8d764066cbdece8768db4b"}
,"C:\\Users\\leonardo\\Desktop\\Biblioteca-error404\\Backend\\controllers\\user.controller.js": {"path":"C:\\Users\\leonardo\\Desktop\\Biblioteca-error404\\Backend\\controllers\\user.controller.js","statementMap":{"0":{"start":{"line":1,"column":15},"end":{"line":1,"column":34}},"1":{"start":{"line":2,"column":65},"end":{"line":2,"column":85}},"2":{"start":{"line":3,"column":25},"end":{"line":3,"column":54}},"3":{"start":{"line":5,"column":23},"end":{"line":15,"column":1}},"4":{"start":{"line":6,"column":2},"end":{"line":14,"column":3}},"5":{"start":{"line":7,"column":21},"end":{"line":9,"column":6}},"6":{"start":{"line":10,"column":4},"end":{"line":10,"column":30}},"7":{"start":{"line":12,"column":4},"end":{"line":12,"column":44}},"8":{"start":{"line":13,"column":4},"end":{"line":13,"column":82}},"9":{"start":{"line":17,"column":23},"end":{"line":38,"column":1}},"10":{"start":{"line":18,"column":2},"end":{"line":37,"column":3}},"11":{"start":{"line":19,"column":20},"end":{"line":27,"column":6}},"12":{"start":{"line":29,"column":4},"end":{"line":31,"column":5}},"13":{"start":{"line":30,"column":6},"end":{"line":30,"column":70}},"14":{"start":{"line":33,"column":4},"end":{"line":33,"column":29}},"15":{"start":{"line":35,"column":4},"end":{"line":35,"column":46}},"16":{"start":{"line":36,"column":4},"end":{"line":36,"column":76}},"17":{"start":{"line":40,"column":21},"end":{"line":71,"column":1}},"18":{"start":{"line":41,"column":72},"end":{"line":41,"column":80}},"19":{"start":{"line":43,"column":2},"end":{"line":47,"column":3}},"20":{"start":{"line":44,"column":4},"end":{"line":46,"column":7}},"21":{"start":{"line":49,"column":2},"end":{"line":70,"column":3}},"22":{"start":{"line":50,"column":16},"end":{"line":50,"column":42}},"23":{"start":{"line":51,"column":4},"end":{"line":51,"column":74}},"24":{"start":{"line":51,"column":14},"end":{"line":51,"column":74}},"25":{"start":{"line":53,"column":22},"end":{"line":53,"column":68}},"26":{"start":{"line":54,"column":27},"end":{"line":54,"column":58}},"27":{"start":{"line":56,"column":25},"end":{"line":64,"column":6}},"28":{"start":{"line":66,"column":4},"end":{"line":66,"column":46}},"29":{"start":{"line":68,"column":4},"end":{"line":68,"column":46}},"30":{"start":{"line":69,"column":4},"end":{"line":69,"column":74}},"31":{"start":{"line":73,"column":26},"end":{"line":105,"column":1}},"32":{"start":{"line":74,"column":2},"end":{"line":104,"column":3}},"33":{"start":{"line":75,"column":20},"end":{"line":77,"column":6}},"34":{"start":{"line":78,"column":4},"end":{"line":78,"column":82}},"35":{"start":{"line":78,"column":18},"end":{"line":78,"column":82}},"36":{"start":{"line":80,"column":43},"end":{"line":80,"column":51}},"37":{"start":{"line":82,"column":24},"end":{"line":82,"column":48}},"38":{"start":{"line":83,"column":26},"end":{"line":83,"column":54}},"39":{"start":{"line":84,"column":27},"end":{"line":86,"column":29}},"40":{"start":{"line":88,"column":28},"end":{"line":88,"column":46}},"41":{"start":{"line":89,"column":27},"end":{"line":91,"column":25}},"42":{"start":{"line":93,"column":4},"end":{"line":98,"column":7}},"43":{"start":{"line":100,"column":4},"end":{"line":100,"column":79}},"44":{"start":{"line":102,"column":4},"end":{"line":102,"column":46}},"45":{"start":{"line":103,"column":4},"end":{"line":103,"column":79}},"46":{"start":{"line":107,"column":24},"end":{"line":120,"column":1}},"47":{"start":{"line":108,"column":2},"end":{"line":119,"column":3}},"48":{"start":{"line":109,"column":20},"end":{"line":109,"column":57}},"49":{"start":{"line":110,"column":4},"end":{"line":112,"column":5}},"50":{"start":{"line":111,"column":6},"end":{"line":111,"column":70}},"51":{"start":{"line":114,"column":4},"end":{"line":114,"column":28}},"52":{"start":{"line":115,"column":4},"end":{"line":115,"column":68}},"53":{"start":{"line":117,"column":4},"end":{"line":117,"column":46}},"54":{"start":{"line":118,"column":4},"end":{"line":118,"column":77}},"55":{"start":{"line":121,"column":19},"end":{"line":137,"column":1}},"56":{"start":{"line":122,"column":2},"end":{"line":136,"column":3}},"57":{"start":{"line":123,"column":20},"end":{"line":123,"column":57}},"58":{"start":{"line":124,"column":4},"end":{"line":124,"column":82}},"59":{"start":{"line":124,"column":18},"end":{"line":124,"column":82}},"60":{"start":{"line":126,"column":4},"end":{"line":128,"column":5}},"61":{"start":{"line":127,"column":6},"end":{"line":127,"column":81}},"62":{"start":{"line":130,"column":4},"end":{"line":130,"column":58}},"63":{"start":{"line":132,"column":4},"end":{"line":132,"column":81}},"64":{"start":{"line":134,"column":4},"end":{"line":134,"column":45}},"65":{"start":{"line":135,"column":4},"end":{"line":135,"column":75}},"66":{"start":{"line":139,"column":27},"end":{"line":156,"column":1}},"67":{"start":{"line":140,"column":2},"end":{"line":155,"column":3}},"68":{"start":{"line":141,"column":20},"end":{"line":141,"column":57}},"69":{"start":{"line":142,"column":4},"end":{"line":142,"column":82}},"70":{"start":{"line":142,"column":18},"end":{"line":142,"column":82}},"71":{"start":{"line":144,"column":4},"end":{"line":146,"column":5}},"72":{"start":{"line":145,"column":6},"end":{"line":145,"column":81}},"73":{"start":{"line":148,"column":22},"end":{"line":148,"column":89}},"74":{"start":{"line":149,"column":4},"end":{"line":149,"column":69}},"75":{"start":{"line":151,"column":4},"end":{"line":151,"column":81}},"76":{"start":{"line":153,"column":4},"end":{"line":153,"column":53}},"77":{"start":{"line":154,"column":4},"end":{"line":154,"column":75}},"78":{"start":{"line":158,"column":0},"end":{"line":166,"column":2}}},"fnMap":{"0":{"name":"(anonymous_0)","decl":{"start":{"line":5,"column":23},"end":{"line":5,"column":24}},"loc":{"start":{"line":5,"column":43},"end":{"line":15,"column":1}},"line":5},"1":{"name":"(anonymous_1)","decl":{"start":{"line":17,"column":23},"end":{"line":17,"column":24}},"loc":{"start":{"line":17,"column":43},"end":{"line":38,"column":1}},"line":17},"2":{"name":"(anonymous_2)","decl":{"start":{"line":40,"column":21},"end":{"line":40,"column":22}},"loc":{"start":{"line":40,"column":41},"end":{"line":71,"column":1}},"line":40},"3":{"name":"(anonymous_3)","decl":{"start":{"line":73,"column":26},"end":{"line":73,"column":27}},"loc":{"start":{"line":73,"column":46},"end":{"line":105,"column":1}},"line":73},"4":{"name":"(anonymous_4)","decl":{"start":{"line":107,"column":24},"end":{"line":107,"column":25}},"loc":{"start":{"line":107,"column":44},"end":{"line":120,"column":1}},"line":107},"5":{"name":"(anonymous_5)","decl":{"start":{"line":121,"column":19},"end":{"line":121,"column":20}},"loc":{"start":{"line":121,"column":39},"end":{"line":137,"column":1}},"line":121},"6":{"name":"(anonymous_6)","decl":{"start":{"line":139,"column":27},"end":{"line":139,"column":28}},"loc":{"start":{"line":139,"column":47},"end":{"line":156,"column":1}},"line":139}},"branchMap":{"0":{"loc":{"start":{"line":29,"column":4},"end":{"line":31,"column":5}},"type":"if","locations":[{"start":{"line":29,"column":4},"end":{"line":31,"column":5}},{"start":{},"end":{}}],"line":29},"1":{"loc":{"start":{"line":43,"column":2},"end":{"line":47,"column":3}},"type":"if","locations":[{"start":{"line":43,"column":2},"end":{"line":47,"column":3}},{"start":{},"end":{}}],"line":43},"2":{"loc":{"start":{"line":43,"column":6},"end":{"line":43,"column":61}},"type":"binary-expr","locations":[{"start":{"line":43,"column":6},"end":{"line":43,"column":13}},{"start":{"line":43,"column":17},"end":{"line":43,"column":26}},{"start":{"line":43,"column":30},"end":{"line":43,"column":37}},{"start":{"line":43,"column":41},"end":{"line":43,"column":50}},{"start":{"line":43,"column":54},"end":{"line":43,"column":61}}],"line":43},"3":{"loc":{"start":{"line":51,"column":4},"end":{"line":51,"column":74}},"type":"if","locations":[{"start":{"line":51,"column":4},"end":{"line":51,"column":74}},{"start":{},"end":{}}],"line":51},"4":{"loc":{"start":{"line":63,"column":21},"end":{"line":63,"column":39}},"type":"binary-expr","locations":[{"start":{"line":63,"column":21},"end":{"line":63,"column":34}},{"start":{"line":63,"column":38},"end":{"line":63,"column":39}}],"line":63},"5":{"loc":{"start":{"line":78,"column":4},"end":{"line":78,"column":82}},"type":"if","locations":[{"start":{"line":78,"column":4},"end":{"line":78,"column":82}},{"start":{},"end":{}}],"line":78},"6":{"loc":{"start":{"line":82,"column":24},"end":{"line":82,"column":48}},"type":"binary-expr","locations":[{"start":{"line":82,"column":24},"end":{"line":82,"column":30}},{"start":{"line":82,"column":34},"end":{"line":82,"column":48}}],"line":82},"7":{"loc":{"start":{"line":83,"column":26},"end":{"line":83,"column":54}},"type":"binary-expr","locations":[{"start":{"line":83,"column":26},"end":{"line":83,"column":34}},{"start":{"line":83,"column":38},"end":{"line":83,"column":54}}],"line":83},"8":{"loc":{"start":{"line":84,"column":27},"end":{"line":86,"column":29}},"type":"cond-expr","locations":[{"start":{"line":85,"column":8},"end":{"line":85,"column":39}},{"start":{"line":86,"column":8},"end":{"line":86,"column":29}}],"line":84},"9":{"loc":{"start":{"line":88,"column":28},"end":{"line":88,"column":46}},"type":"binary-expr","locations":[{"start":{"line":88,"column":28},"end":{"line":88,"column":34}},{"start":{"line":88,"column":38},"end":{"line":88,"column":46}}],"line":88},"10":{"loc":{"start":{"line":89,"column":27},"end":{"line":91,"column":25}},"type":"cond-expr","locations":[{"start":{"line":90,"column":8},"end":{"line":90,"column":72}},{"start":{"line":91,"column":8},"end":{"line":91,"column":25}}],"line":89},"11":{"loc":{"start":{"line":110,"column":4},"end":{"line":112,"column":5}},"type":"if","locations":[{"start":{"line":110,"column":4},"end":{"line":112,"column":5}},{"start":{},"end":{}}],"line":110},"12":{"loc":{"start":{"line":124,"column":4},"end":{"line":124,"column":82}},"type":"if","locations":[{"start":{"line":124,"column":4},"end":{"line":124,"column":82}},{"start":{},"end":{}}],"line":124},"13":{"loc":{"start":{"line":126,"column":4},"end":{"line":128,"column":5}},"type":"if","locations":[{"start":{"line":126,"column":4},"end":{"line":128,"column":5}},{"start":{},"end":{}}],"line":126},"14":{"loc":{"start":{"line":142,"column":4},"end":{"line":142,"column":82}},"type":"if","locations":[{"start":{"line":142,"column":4},"end":{"line":142,"column":82}},{"start":{},"end":{}}],"line":142},"15":{"loc":{"start":{"line":144,"column":4},"end":{"line":146,"column":5}},"type":"if","locations":[{"start":{"line":144,"column":4},"end":{"line":146,"column":5}},{"start":{},"end":{}}],"line":144}},"s":{"0":1,"1":1,"2":1,"3":1,"4":2,"5":2,"6":1,"7":1,"8":1,"9":1,"10":3,"11":3,"12":2,"13":1,"14":1,"15":1,"16":1,"17":1,"18":4,"19":4,"20":1,"21":3,"22":3,"23":3,"24":1,"25":2,"26":2,"27":2,"28":1,"29":1,"30":1,"31":1,"32":3,"33":3,"34":2,"35":1,"36":1,"37":1,"38":1,"39":1,"40":1,"41":1,"42":1,"43":1,"44":1,"45":1,"46":1,"47":3,"48":3,"49":2,"50":1,"51":1,"52":1,"53":1,"54":1,"55":1,"56":4,"57":4,"58":3,"59":1,"60":2,"61":1,"62":1,"63":1,"64":1,"65":1,"66":1,"67":4,"68":4,"69":3,"70":1,"71":2,"72":1,"73":1,"74":1,"75":1,"76":1,"77":1,"78":1},"f":{"0":2,"1":3,"2":4,"3":3,"4":3,"5":4,"6":4},"b":{"0":[1,1],"1":[1,3],"2":[4,4,3,3,3],"3":[1,2],"4":[2,2],"5":[1,1],"6":[1,0],"7":[1,1],"8":[0,1],"9":[1,0],"10":[1,0],"11":[1,1],"12":[1,2],"13":[1,1],"14":[1,2],"15":[1,1]},"_coverageSchema":"1a1c01bbd47fc00a2c39e90264f33305004495a9","hash":"6eec588cf1448479c12230fc61deacca7014652a"}
,"C:\\Users\\leonardo\\Desktop\\Biblioteca-error404\\Backend\\middlewares\\auth.middleware.js": {"path":"C:\\Users\\leonardo\\Desktop\\Biblioteca-error404\\Backend\\middlewares\\auth.middleware.js","statementMap":{"0":{"start":{"line":1,"column":12},"end":{"line":1,"column":35}},"1":{"start":{"line":2,"column":20},"end":{"line":2,"column":40}},"2":{"start":{"line":4,"column":21},"end":{"line":34,"column":1}},"3":{"start":{"line":5,"column":4},"end":{"line":33,"column":5}},"4":{"start":{"line":6,"column":20},"end":{"line":6,"column":24}},"5":{"start":{"line":7,"column":27},"end":{"line":7,"column":52}},"6":{"start":{"line":8,"column":8},"end":{"line":12,"column":9}},"7":{"start":{"line":9,"column":12},"end":{"line":9,"column":44}},"8":{"start":{"line":10,"column":15},"end":{"line":12,"column":9}},"9":{"start":{"line":11,"column":12},"end":{"line":11,"column":36}},"10":{"start":{"line":14,"column":8},"end":{"line":16,"column":9}},"11":{"start":{"line":15,"column":12},"end":{"line":15,"column":87}},"12":{"start":{"line":18,"column":24},"end":{"line":18,"column":87}},"13":{"start":{"line":20,"column":24},"end":{"line":22,"column":10}},"14":{"start":{"line":24,"column":8},"end":{"line":26,"column":9}},"15":{"start":{"line":25,"column":12},"end":{"line":25,"column":76}},"16":{"start":{"line":28,"column":8},"end":{"line":28,"column":27}},"17":{"start":{"line":29,"column":8},"end":{"line":29,"column":15}},"18":{"start":{"line":31,"column":8},"end":{"line":31,"column":54}},"19":{"start":{"line":32,"column":8},"end":{"line":32,"column":65}},"20":{"start":{"line":36,"column":18},"end":{"line":51,"column":1}},"21":{"start":{"line":37,"column":4},"end":{"line":50,"column":6}},"22":{"start":{"line":38,"column":8},"end":{"line":40,"column":9}},"23":{"start":{"line":39,"column":12},"end":{"line":39,"column":77}},"24":{"start":{"line":42,"column":25},"end":{"line":42,"column":44}},"25":{"start":{"line":43,"column":8},"end":{"line":47,"column":9}},"26":{"start":{"line":44,"column":12},"end":{"line":46,"column":15}},"27":{"start":{"line":49,"column":8},"end":{"line":49,"column":15}},"28":{"start":{"line":53,"column":0},"end":{"line":56,"column":2}}},"fnMap":{"0":{"name":"(anonymous_0)","decl":{"start":{"line":4,"column":21},"end":{"line":4,"column":22}},"loc":{"start":{"line":4,"column":47},"end":{"line":34,"column":1}},"line":4},"1":{"name":"(anonymous_1)","decl":{"start":{"line":36,"column":18},"end":{"line":36,"column":19}},"loc":{"start":{"line":36,"column":39},"end":{"line":51,"column":1}},"line":36},"2":{"name":"(anonymous_2)","decl":{"start":{"line":37,"column":11},"end":{"line":37,"column":12}},"loc":{"start":{"line":37,"column":31},"end":{"line":50,"column":5}},"line":37}},"branchMap":{"0":{"loc":{"start":{"line":8,"column":8},"end":{"line":12,"column":9}},"type":"if","locations":[{"start":{"line":8,"column":8},"end":{"line":12,"column":9}},{"start":{"line":10,"column":15},"end":{"line":12,"column":9}}],"line":8},"1":{"loc":{"start":{"line":8,"column":12},"end":{"line":8,"column":58}},"type":"binary-expr","locations":[{"start":{"line":8,"column":12},"end":{"line":8,"column":22}},{"start":{"line":8,"column":26},"end":{"line":8,"column":58}}],"line":8},"2":{"loc":{"start":{"line":10,"column":15},"end":{"line":12,"column":9}},"type":"if","locations":[{"start":{"line":10,"column":15},"end":{"line":12,"column":9}},{"start":{},"end":{}}],"line":10},"3":{"loc":{"start":{"line":14,"column":8},"end":{"line":16,"column":9}},"type":"if","locations":[{"start":{"line":14,"column":8},"end":{"line":16,"column":9}},{"start":{},"end":{}}],"line":14},"4":{"loc":{"start":{"line":18,"column":42},"end":{"line":18,"column":86}},"type":"binary-expr","locations":[{"start":{"line":18,"column":42},"end":{"line":18,"column":64}},{"start":{"line":18,"column":68},"end":{"line":18,"column":86}}],"line":18},"5":{"loc":{"start":{"line":24,"column":8},"end":{"line":26,"column":9}},"type":"if","locations":[{"start":{"line":24,"column":8},"end":{"line":26,"column":9}},{"start":{},"end":{}}],"line":24},"6":{"loc":{"start":{"line":38,"column":8},"end":{"line":40,"column":9}},"type":"if","locations":[{"start":{"line":38,"column":8},"end":{"line":40,"column":9}},{"start":{},"end":{}}],"line":38},"7":{"loc":{"start":{"line":43,"column":8},"end":{"line":47,"column":9}},"type":"if","locations":[{"start":{"line":43,"column":8},"end":{"line":47,"column":9}},{"start":{},"end":{}}],"line":43}},"s":{"0":1,"1":1,"2":1,"3":5,"4":5,"5":5,"6":5,"7":3,"8":2,"9":1,"10":5,"11":1,"12":4,"13":3,"14":3,"15":1,"16":2,"17":2,"18":1,"19":1,"20":1,"21":4,"22":4,"23":1,"24":3,"25":3,"26":1,"27":2,"28":1},"f":{"0":5,"1":4,"2":4},"b":{"0":[3,2],"1":[5,3],"2":[1,1],"3":[1,4],"4":[4,4],"5":[1,2],"6":[1,3],"7":[1,2]},"_coverageSchema":"1a1c01bbd47fc00a2c39e90264f33305004495a9","hash":"edeae456a7bac6b92f7522099a5c26a6934008bc"}
}
