TN:
SF:controllers\Ejemplar.controller.js
FN:7,(anonymous_0)
FN:33,(anonymous_1)
FN:72,(anonymous_2)
FN:80,(anonymous_3)
FN:92,(anonymous_4)
FN:98,(anonymous_5)
FN:109,(anonymous_6)
FNF:7
FNH:7
FNDA:3,(anonymous_0)
FNDA:5,(anonymous_1)
FNDA:4,(anonymous_2)
FNDA:2,(anonymous_3)
FNDA:1,(anonymous_4)
FNDA:2,(anonymous_5)
FNDA:4,(anonymous_6)
DA:1,1
DA:2,1
DA:3,1
DA:4,1
DA:5,1
DA:7,1
DA:8,3
DA:9,3
DA:10,3
DA:11,3
DA:12,2
DA:14,1
DA:15,1
DA:17,1
DA:19,1
DA:27,1
DA:29,1
DA:33,1
DA:34,5
DA:35,5
DA:37,5
DA:38,5
DA:39,1
DA:42,4
DA:43,1
DA:46,3
DA:47,3
DA:48,2
DA:50,1
DA:52,1
DA:53,1
DA:54,1
DA:56,1
DA:58,1
DA:66,1
DA:68,1
DA:72,1
DA:73,4
DA:74,4
DA:75,4
DA:80,3
DA:81,3
DA:91,3
DA:92,3
DA:93,1
DA:94,1
DA:98,3
DA:103,3
DA:105,1
DA:109,1
DA:110,4
DA:111,4
DA:112,4
DA:113,3
DA:115,2
DA:117,2
DA:118,1
DA:121,1
DA:123,1
DA:131,1
DA:133,1
DA:137,1
LF:62
LH:62
BRDA:9,0,0,3
BRDA:9,0,1,2
BRDA:12,1,0,1
BRDA:12,1,1,1
BRDA:38,2,0,1
BRDA:38,2,1,4
BRDA:38,3,0,5
BRDA:38,3,1,4
BRDA:42,4,0,1
BRDA:42,4,1,3
BRDA:42,5,0,4
BRDA:42,5,1,1
BRDA:48,6,0,1
BRDA:48,6,1,1
BRDA:53,7,0,1
BRDA:53,7,1,0
BRDA:54,8,0,0
BRDA:54,8,1,1
BRDA:81,9,0,2
BRDA:81,9,1,1
BRDA:93,10,0,1
BRDA:93,10,1,0
BRDA:100,11,0,2
BRDA:100,11,1,1
BRDA:113,12,0,1
BRDA:113,12,1,2
BRDA:117,13,0,1
BRDA:117,13,1,1
BRF:28
BRH:25
end_of_record
TN:
SF:controllers\admin.controller.js
FN:6,(anonymous_0)
FN:8,(anonymous_1)
FN:21,(anonymous_2)
FN:38,(anonymous_3)
FN:48,(anonymous_4)
FN:65,(anonymous_5)
FN:73,(anonymous_6)
FN:92,(anonymous_7)
FN:122,(anonymous_8)
FN:132,(anonymous_9)
FN:133,(anonymous_10)
FN:149,(anonymous_11)
FN:151,(anonymous_12)
FN:160,(anonymous_13)
FN:185,(anonymous_14)
FN:210,(anonymous_15)
FN:220,(anonymous_16)
FN:235,(anonymous_17)
FN:245,(anonymous_18)
FN:260,(anonymous_19)
FN:270,(anonymous_20)
FN:278,(anonymous_21)
FN:289,(anonymous_22)
FN:289,(anonymous_23)
FN:300,(anonymous_24)
FN:322,(anonymous_25)
FN:340,(anonymous_26)
FN:346,(anonymous_27)
FN:368,(anonymous_28)
FN:378,(anonymous_29)
FN:388,(anonymous_30)
FN:401,(anonymous_31)
FN:412,(anonymous_32)
FN:441,(anonymous_33)
FN:467,(anonymous_34)
FN:475,(anonymous_35)
FN:483,(anonymous_36)
FN:491,(anonymous_37)
FN:499,(anonymous_38)
FN:511,(anonymous_39)
FNF:40
FNH:23
FNDA:1,(anonymous_0)
FNDA:1,(anonymous_1)
FNDA:6,(anonymous_2)
FNDA:3,(anonymous_3)
FNDA:4,(anonymous_4)
FNDA:2,(anonymous_5)
FNDA:2,(anonymous_6)
FNDA:1,(anonymous_7)
FNDA:2,(anonymous_8)
FNDA:0,(anonymous_9)
FNDA:0,(anonymous_10)
FNDA:0,(anonymous_11)
FNDA:0,(anonymous_12)
FNDA:2,(anonymous_13)
FNDA:1,(anonymous_14)
FNDA:2,(anonymous_15)
FNDA:3,(anonymous_16)
FNDA:2,(anonymous_17)
FNDA:3,(anonymous_18)
FNDA:2,(anonymous_19)
FNDA:2,(anonymous_20)
FNDA:1,(anonymous_21)
FNDA:2,(anonymous_22)
FNDA:12,(anonymous_23)
FNDA:0,(anonymous_24)
FNDA:0,(anonymous_25)
FNDA:0,(anonymous_26)
FNDA:0,(anonymous_27)
FNDA:2,(anonymous_28)
FNDA:2,(anonymous_29)
FNDA:0,(anonymous_30)
FNDA:0,(anonymous_31)
FNDA:0,(anonymous_32)
FNDA:0,(anonymous_33)
FNDA:0,(anonymous_34)
FNDA:0,(anonymous_35)
FNDA:0,(anonymous_36)
FNDA:0,(anonymous_37)
FNDA:0,(anonymous_38)
FNDA:3,(anonymous_39)
DA:1,1
DA:2,1
DA:3,1
DA:4,1
DA:6,1
DA:8,1
DA:21,1
DA:22,6
DA:38,3
DA:48,1
DA:49,4
DA:65,3
DA:73,1
DA:74,2
DA:87,1
DA:88,1
DA:89,1
DA:90,1
DA:92,1
DA:93,1
DA:94,1
DA:96,1
DA:97,0
DA:98,0
DA:101,1
DA:102,0
DA:103,0
DA:106,1
DA:109,1
DA:122,1
DA:123,2
DA:129,1
DA:132,1
DA:133,0
DA:134,0
DA:135,0
DA:136,0
DA:139,0
DA:141,0
DA:142,0
DA:143,0
DA:144,0
DA:145,0
DA:146,0
DA:148,0
DA:149,0
DA:150,0
DA:151,0
DA:154,0
DA:155,0
DA:156,0
DA:160,1
DA:161,2
DA:162,2
DA:171,1
DA:180,1
DA:181,1
DA:185,1
DA:186,1
DA:187,1
DA:196,1
DA:205,0
DA:206,0
DA:210,1
DA:211,2
DA:212,2
DA:213,1
DA:215,1
DA:216,1
DA:220,1
DA:221,3
DA:222,3
DA:223,1
DA:226,2
DA:227,2
DA:228,1
DA:230,1
DA:231,1
DA:235,1
DA:236,2
DA:237,2
DA:238,1
DA:240,1
DA:241,1
DA:245,1
DA:246,3
DA:247,3
DA:248,1
DA:251,2
DA:252,2
DA:253,1
DA:255,1
DA:256,1
DA:260,1
DA:261,2
DA:262,2
DA:263,1
DA:265,1
DA:266,1
DA:270,1
DA:271,2
DA:272,2
DA:274,1
DA:278,1
DA:279,1
DA:289,12
DA:291,1
DA:292,1
DA:293,1
DA:295,1
DA:296,1
DA:300,1
DA:301,0
DA:302,0
DA:304,0
DA:305,0
DA:307,0
DA:308,0
DA:310,0
DA:311,0
DA:313,0
DA:314,0
DA:315,0
DA:316,0
DA:317,0
DA:318,0
DA:319,0
DA:320,0
DA:322,0
DA:323,0
DA:324,0
DA:325,0
DA:326,0
DA:327,0
DA:328,0
DA:329,0
DA:332,0
DA:333,0
DA:335,0
DA:336,0
DA:340,1
DA:341,0
DA:342,0
DA:344,0
DA:345,0
DA:346,0
DA:356,0
DA:358,0
DA:359,0
DA:360,0
DA:361,0
DA:363,0
DA:364,0
DA:368,1
DA:369,2
DA:370,2
DA:371,1
DA:373,1
DA:374,1
DA:378,1
DA:379,2
DA:380,2
DA:381,1
DA:383,1
DA:384,1
DA:388,1
DA:389,0
DA:390,0
DA:391,0
DA:393,0
DA:400,0
DA:401,0
DA:411,0
DA:412,0
DA:420,0
DA:421,0
DA:422,0
DA:424,0
DA:425,0
DA:426,0
DA:427,0
DA:428,0
DA:429,0
DA:431,0
DA:432,0
DA:433,0
DA:434,0
DA:436,0
DA:437,0
DA:441,1
DA:442,0
DA:443,0
DA:445,0
DA:446,0
DA:448,0
DA:449,0
DA:451,0
DA:452,0
DA:453,0
DA:454,0
DA:456,0
DA:457,0
DA:458,0
DA:459,0
DA:460,0
DA:461,0
DA:463,0
DA:467,0
DA:471,0
DA:475,0
DA:479,0
DA:483,0
DA:487,0
DA:491,0
DA:495,0
DA:499,0
DA:503,0
DA:504,0
DA:506,0
DA:507,0
DA:511,1
DA:512,3
DA:513,3
DA:514,3
DA:515,1
DA:518,3
DA:519,2
DA:521,1
DA:522,1
DA:526,1
LF:230
LH:113
BRDA:10,0,0,1
BRDA:10,0,1,0
BRDA:10,1,0,1
BRDA:10,1,1,0
BRDA:11,2,0,1
BRDA:11,2,1,0
BRDA:12,3,0,1
BRDA:12,3,1,0
BRDA:13,4,0,1
BRDA:13,4,1,0
BRDA:14,5,0,1
BRDA:14,5,1,0
BRDA:94,6,0,1
BRDA:94,6,1,0
BRDA:96,7,0,0
BRDA:96,7,1,1
BRDA:101,8,0,0
BRDA:101,8,1,1
BRDA:101,9,0,1
BRDA:101,9,1,1
BRDA:101,9,2,1
BRDA:132,10,0,0
BRDA:133,11,0,0
BRDA:134,12,0,0
BRDA:134,12,1,0
BRDA:134,13,0,0
BRDA:134,13,1,0
BRDA:136,14,0,0
BRDA:136,14,1,0
BRDA:139,15,0,0
BRDA:139,15,1,0
BRDA:150,16,0,0
BRDA:150,16,1,0
BRDA:154,17,0,0
BRDA:154,17,1,0
BRDA:222,18,0,1
BRDA:222,18,1,2
BRDA:247,19,0,1
BRDA:247,19,1,2
BRDA:281,20,0,1
BRDA:281,20,1,0
BRDA:282,21,0,1
BRDA:282,21,1,0
BRDA:283,22,0,1
BRDA:283,22,1,0
BRDA:284,23,0,1
BRDA:284,23,1,0
BRDA:324,24,0,0
BRDA:324,24,1,0
BRDA:325,25,0,0
BRDA:325,25,1,0
BRDA:326,26,0,0
BRDA:326,26,1,0
BRDA:327,27,0,0
BRDA:327,27,1,0
BRDA:467,28,0,0
BRDA:467,28,1,0
BRDA:467,29,0,0
BRDA:467,29,1,0
BRDA:499,30,0,0
BRDA:499,30,1,0
BRDA:514,31,0,1
BRDA:514,31,1,2
BRF:63
BRH:22
end_of_record
TN:
SF:controllers\auth.controller.js
FN:8,(anonymous_0)
FN:53,(anonymous_1)
FNF:2
FNH:2
FNDA:3,(anonymous_0)
FNDA:2,(anonymous_1)
DA:1,1
DA:2,1
DA:3,1
DA:4,1
DA:5,1
DA:6,1
DA:8,1
DA:9,3
DA:10,3
DA:11,3
DA:12,1
DA:15,2
DA:16,2
DA:21,2
DA:22,1
DA:25,1
DA:31,1
DA:32,1
DA:34,1
DA:48,0
DA:49,0
DA:53,1
DA:54,2
DA:56,2
DA:57,1
DA:61,1
DA:62,1
DA:64,1
DA:67,1
LF:29
LH:27
BRDA:4,0,0,1
BRDA:4,0,1,1
BRDA:5,1,0,1
BRDA:5,1,1,1
BRDA:9,2,0,3
BRDA:9,2,1,0
BRDA:11,3,0,1
BRDA:11,3,1,2
BRDA:11,4,0,3
BRDA:11,4,1,3
BRDA:21,5,0,1
BRDA:21,5,1,1
BRDA:21,6,0,2
BRDA:21,6,1,1
BRDA:43,7,0,1
BRDA:43,7,1,0
BRDA:56,8,0,1
BRDA:56,8,1,1
BRDA:56,9,0,2
BRDA:56,9,1,2
BRDA:56,9,2,1
BRDA:56,9,3,1
BRF:22
BRH:20
end_of_record
TN:
SF:controllers\catalogo.controller.js
FN:6,(anonymous_0)
FNF:1
FNH:1
FNDA:3,(anonymous_0)
DA:1,1
DA:2,1
DA:3,1
DA:4,1
DA:6,1
DA:7,3
DA:8,3
DA:22,2
DA:24,1
DA:28,1
LF:10
LH:10
BRF:0
BRH:0
end_of_record
TN:
SF:controllers\libro.controller.js
FN:8,(anonymous_0)
FN:55,(anonymous_1)
FN:70,(anonymous_2)
FN:86,(anonymous_3)
FN:115,(anonymous_4)
FNF:5
FNH:5
FNDA:1,(anonymous_0)
FNDA:1,(anonymous_1)
FNDA:1,(anonymous_2)
FNDA:2,(anonymous_3)
FNDA:1,(anonymous_4)
DA:1,1
DA:2,1
DA:3,1
DA:4,1
DA:5,1
DA:6,1
DA:8,1
DA:9,1
DA:10,1
DA:11,1
DA:12,1
DA:14,1
DA:15,1
DA:16,1
DA:17,1
DA:19,1
DA:20,0
DA:28,1
DA:29,0
DA:35,1
DA:36,1
DA:37,0
DA:40,1
DA:49,1
DA:51,0
DA:55,1
DA:56,1
DA:57,1
DA:58,1
DA:62,1
DA:64,0
DA:66,0
DA:70,1
DA:71,1
DA:72,1
DA:73,1
DA:75,1
DA:80,1
DA:82,0
DA:86,1
DA:87,2
DA:88,2
DA:89,2
DA:90,2
DA:92,1
DA:93,1
DA:94,1
DA:95,1
DA:98,1
DA:99,1
DA:100,1
DA:101,1
DA:103,1
DA:104,1
DA:107,1
DA:109,1
DA:111,0
DA:115,1
DA:116,1
DA:117,1
DA:118,1
DA:119,1
DA:121,1
DA:122,1
DA:123,1
DA:124,1
DA:127,1
DA:129,1
DA:131,0
DA:135,1
LF:70
LH:61
BRDA:14,0,0,0
BRDA:14,0,1,1
BRDA:15,1,0,0
BRDA:15,1,1,1
BRDA:16,2,0,0
BRDA:16,2,1,1
BRDA:17,3,0,0
BRDA:17,3,1,1
BRDA:19,4,0,0
BRDA:19,4,1,1
BRDA:28,5,0,0
BRDA:28,5,1,1
BRDA:30,6,0,0
BRDA:30,6,1,0
BRDA:36,7,0,0
BRDA:36,7,1,1
BRDA:62,8,0,1
BRDA:62,8,1,0
BRDA:73,9,0,1
BRDA:73,9,1,0
BRDA:90,10,0,1
BRDA:90,10,1,1
BRDA:92,11,0,1
BRDA:92,11,1,0
BRDA:93,12,0,1
BRDA:93,12,1,0
BRDA:95,13,0,1
BRDA:95,13,1,0
BRDA:119,14,0,0
BRDA:119,14,1,1
BRDA:121,15,0,1
BRDA:121,15,1,0
BRDA:123,16,0,1
BRDA:123,16,1,0
BRF:34
BRH:17
end_of_record
TN:
SF:controllers\loan.controller.js
FN:7,(anonymous_0)
FN:27,(anonymous_1)
FN:52,(anonymous_2)
FN:100,(anonymous_3)
FN:121,(anonymous_4)
FN:145,(anonymous_5)
FN:171,(anonymous_6)
FN:233,(anonymous_7)
FN:326,(anonymous_8)
FN:356,(anonymous_9)
FN:442,(anonymous_10)
FN:499,(anonymous_11)
FNF:12
FNH:12
FNDA:2,(anonymous_0)
FNDA:3,(anonymous_1)
FNDA:2,(anonymous_2)
FNDA:2,(anonymous_3)
FNDA:2,(anonymous_4)
FNDA:2,(anonymous_5)
FNDA:3,(anonymous_6)
FNDA:8,(anonymous_7)
FNDA:2,(anonymous_8)
FNDA:7,(anonymous_9)
FNDA:6,(anonymous_10)
FNDA:4,(anonymous_11)
DA:1,1
DA:2,1
DA:3,1
DA:5,1
DA:7,1
DA:8,2
DA:9,2
DA:20,1
DA:22,1
DA:23,1
DA:27,1
DA:28,3
DA:29,3
DA:41,2
DA:42,1
DA:45,1
DA:47,1
DA:48,1
DA:52,1
DA:53,2
DA:58,2
DA:59,2
DA:62,0
DA:63,0
DA:65,0
DA:66,0
DA:71,0
DA:79,0
DA:80,0
DA:81,0
DA:89,0
DA:97,0
DA:100,1
DA:101,2
DA:102,2
DA:114,1
DA:116,1
DA:117,1
DA:121,1
DA:122,2
DA:123,2
DA:124,2
DA:138,1
DA:140,1
DA:141,1
DA:145,1
DA:146,2
DA:147,2
DA:164,1
DA:166,1
DA:167,1
DA:171,1
DA:172,3
DA:173,3
DA:174,3
DA:175,3
DA:176,3
DA:178,3
DA:182,2
DA:184,2
DA:185,2
DA:186,2
DA:187,2
DA:189,2
DA:190,1
DA:202,1
DA:205,2
DA:206,1
DA:218,1
DA:222,2
DA:228,1
DA:229,1
DA:233,1
DA:241,8
DA:243,8
DA:244,1
DA:247,7
DA:248,7
DA:251,6
DA:252,1
DA:255,5
DA:256,1
DA:259,4
DA:260,4
DA:261,1
DA:264,3
DA:271,3
DA:272,1
DA:275,2
DA:276,2
DA:280,2
DA:288,2
DA:298,2
DA:299,2
DA:307,2
DA:308,1
DA:309,1
DA:310,1
DA:319,2
DA:321,1
DA:322,1
DA:326,1
DA:327,2
DA:328,2
DA:329,2
DA:330,2
DA:332,2
DA:333,1
DA:336,1
DA:338,1
DA:349,1
DA:350,0
DA:353,1
DA:356,1
DA:357,7
DA:358,7
DA:359,6
DA:360,1
DA:363,5
DA:370,5
DA:372,5
DA:373,5
DA:374,5
DA:375,5
DA:376,5
DA:379,5
DA:380,4
DA:381,2
DA:382,1
DA:385,1
DA:386,1
DA:387,1
DA:388,1
DA:389,1
DA:393,2
DA:394,2
DA:395,2
DA:398,2
DA:400,0
DA:404,4
DA:405,4
DA:413,4
DA:414,2
DA:415,2
DA:416,2
DA:417,2
DA:420,2
DA:428,2
DA:429,2
DA:430,2
DA:431,1
DA:435,3
DA:437,1
DA:438,1
DA:442,1
DA:443,6
DA:444,6
DA:447,5
DA:448,1
DA:451,4
DA:453,4
DA:454,1
DA:457,3
DA:458,1
DA:461,2
DA:462,2
DA:463,0
DA:466,2
DA:473,2
DA:474,1
DA:477,1
DA:478,1
DA:480,1
DA:481,1
DA:482,1
DA:483,1
DA:484,1
DA:492,1
DA:494,1
DA:495,1
DA:499,1
DA:500,4
DA:501,4
DA:502,3
DA:503,1
DA:506,2
DA:507,2
DA:508,1
DA:509,1
DA:510,1
DA:514,2
DA:515,2
DA:522,2
DA:524,1
DA:525,1
DA:529,1
LF:196
LH:183
BRDA:41,0,0,1
BRDA:41,0,1,1
BRDA:58,1,0,2
BRDA:58,1,1,0
BRDA:186,2,0,2
BRDA:186,2,1,2
BRDA:189,3,0,1
BRDA:189,3,1,1
BRDA:205,4,0,1
BRDA:205,4,1,1
BRDA:243,5,0,1
BRDA:243,5,1,7
BRDA:243,6,0,8
BRDA:243,6,1,8
BRDA:251,7,0,1
BRDA:251,7,1,5
BRDA:255,8,0,1
BRDA:255,8,1,4
BRDA:260,9,0,1
BRDA:260,9,1,3
BRDA:271,10,0,1
BRDA:271,10,1,2
BRDA:275,11,0,0
BRDA:275,11,1,2
BRDA:276,12,0,0
BRDA:276,12,1,2
BRDA:307,13,0,1
BRDA:307,13,1,1
BRDA:332,14,0,1
BRDA:332,14,1,1
BRDA:349,15,0,0
BRDA:349,15,1,1
BRDA:359,16,0,1
BRDA:359,16,1,5
BRDA:373,17,0,1
BRDA:373,17,1,4
BRDA:374,18,0,0
BRDA:374,18,1,5
BRDA:375,19,0,0
BRDA:375,19,1,5
BRDA:376,20,0,1
BRDA:376,20,1,4
BRDA:379,21,0,4
BRDA:379,21,1,1
BRDA:380,22,0,2
BRDA:380,22,1,2
BRDA:381,23,0,1
BRDA:381,23,1,1
BRDA:387,24,0,1
BRDA:387,24,1,0
BRDA:388,25,0,1
BRDA:388,25,1,0
BRDA:393,26,0,2
BRDA:393,26,1,0
BRDA:395,27,0,1
BRDA:395,27,1,1
BRDA:413,28,0,2
BRDA:413,28,1,2
BRDA:415,29,0,2
BRDA:415,29,1,0
BRDA:428,30,0,2
BRDA:428,30,1,0
BRDA:428,30,2,0
BRDA:430,31,0,1
BRDA:430,31,1,1
BRDA:447,32,0,1
BRDA:447,32,1,4
BRDA:453,33,0,1
BRDA:453,33,1,3
BRDA:457,34,0,1
BRDA:457,34,1,2
BRDA:462,35,0,0
BRDA:462,35,1,2
BRDA:473,36,0,1
BRDA:473,36,1,1
BRDA:477,37,0,1
BRDA:477,37,1,0
BRDA:502,38,0,1
BRDA:502,38,1,2
BRDA:507,39,0,1
BRDA:507,39,1,1
BRDA:509,40,0,1
BRDA:509,40,1,0
BRF:83
BRH:68
end_of_record
TN:
SF:controllers\reservation.controller.js
FN:4,(anonymous_0)
FN:20,(anonymous_1)
FN:36,(anonymous_2)
FN:52,(anonymous_3)
FN:73,(anonymous_4)
FN:199,(anonymous_5)
FN:354,(anonymous_6)
FNF:7
FNH:7
FNDA:2,(anonymous_0)
FNDA:2,(anonymous_1)
FNDA:2,(anonymous_2)
FNDA:3,(anonymous_3)
FNDA:12,(anonymous_4)
FNDA:9,(anonymous_5)
FNDA:4,(anonymous_6)
DA:1,1
DA:2,1
DA:4,1
DA:5,2
DA:6,2
DA:13,1
DA:15,1
DA:16,1
DA:20,1
DA:21,2
DA:22,2
DA:29,1
DA:31,1
DA:32,1
DA:36,1
DA:37,2
DA:38,2
DA:45,1
DA:47,1
DA:48,1
DA:52,1
DA:53,3
DA:54,3
DA:62,2
DA:63,1
DA:66,1
DA:68,1
DA:69,1
DA:73,1
DA:74,12
DA:75,12
DA:76,1
DA:79,11
DA:80,11
DA:81,10
DA:82,1
DA:85,9
DA:86,9
DA:87,1
DA:90,8
DA:97,8
DA:98,1
DA:101,7
DA:105,7
DA:106,1
DA:109,6
DA:110,6
DA:111,1
DA:114,5
DA:122,5
DA:123,1
DA:126,4
DA:136,4
DA:137,3
DA:139,3
DA:140,3
DA:144,3
DA:145,1
DA:148,2
DA:149,1
DA:152,0
DA:158,1
DA:159,0
DA:162,1
DA:163,1
DA:165,1
DA:166,1
DA:167,1
DA:168,1
DA:170,1
DA:171,1
DA:173,1
DA:182,2
DA:184,2
DA:192,2
DA:194,1
DA:195,1
DA:199,1
DA:200,9
DA:201,9
DA:202,8
DA:203,1
DA:206,7
DA:208,7
DA:209,7
DA:210,3
DA:211,1
DA:213,2
DA:214,1
DA:218,5
DA:219,5
DA:221,5
DA:222,5
DA:223,5
DA:224,5
DA:226,5
DA:228,5
DA:229,1
DA:230,1
DA:231,1
DA:232,1
DA:233,1
DA:243,5
DA:244,2
DA:245,1
DA:248,1
DA:249,1
DA:250,0
DA:253,1
DA:254,1
DA:255,0
DA:258,1
DA:265,1
DA:266,0
DA:269,1
DA:276,1
DA:277,0
DA:280,1
DA:281,1
DA:283,1
DA:284,1
DA:285,1
DA:287,1
DA:299,1
DA:307,1
DA:315,1
DA:324,4
DA:325,1
DA:326,1
DA:327,1
DA:328,1
DA:329,1
DA:339,4
DA:347,4
DA:349,1
DA:350,1
DA:354,1
DA:355,4
DA:356,4
DA:357,3
DA:358,1
DA:361,2
DA:363,2
DA:364,1
DA:365,1
DA:366,1
DA:367,1
DA:368,1
DA:378,2
DA:380,2
DA:388,2
DA:390,1
DA:391,1
DA:395,1
LF:154
LH:148
BRDA:62,0,0,1
BRDA:62,0,1,1
BRDA:75,1,0,1
BRDA:75,1,1,11
BRDA:75,2,0,12
BRDA:75,2,1,12
BRDA:81,3,0,1
BRDA:81,3,1,9
BRDA:86,4,0,1
BRDA:86,4,1,8
BRDA:97,5,0,1
BRDA:97,5,1,7
BRDA:105,6,0,1
BRDA:105,6,1,6
BRDA:105,7,0,7
BRDA:105,7,1,4
BRDA:110,8,0,1
BRDA:110,8,1,5
BRDA:122,9,0,1
BRDA:122,9,1,4
BRDA:129,10,0,4
BRDA:129,10,1,4
BRDA:131,11,0,4
BRDA:131,11,1,4
BRDA:133,12,0,4
BRDA:133,12,1,4
BRDA:136,13,0,3
BRDA:136,13,1,1
BRDA:136,14,0,4
BRDA:136,14,1,3
BRDA:139,15,0,3
BRDA:139,15,1,0
BRDA:144,16,0,1
BRDA:144,16,1,2
BRDA:148,17,0,1
BRDA:148,17,1,1
BRDA:158,18,0,0
BRDA:158,18,1,1
BRDA:167,19,0,1
BRDA:167,19,1,1
BRDA:186,20,0,1
BRDA:186,20,1,1
BRDA:202,21,0,1
BRDA:202,21,1,7
BRDA:209,22,0,3
BRDA:209,22,1,4
BRDA:210,23,0,1
BRDA:210,23,1,2
BRDA:213,24,0,1
BRDA:213,24,1,1
BRDA:221,25,0,0
BRDA:221,25,1,5
BRDA:222,26,0,4
BRDA:222,26,1,1
BRDA:223,27,0,1
BRDA:223,27,1,4
BRDA:224,28,0,1
BRDA:224,28,1,4
BRDA:228,29,0,1
BRDA:228,29,1,4
BRDA:228,30,0,5
BRDA:228,30,1,1
BRDA:230,31,0,1
BRDA:230,31,1,0
BRDA:243,32,0,2
BRDA:243,32,1,3
BRDA:244,33,0,1
BRDA:244,33,1,1
BRDA:249,34,0,0
BRDA:249,34,1,1
BRDA:254,35,0,0
BRDA:254,35,1,1
BRDA:265,36,0,0
BRDA:265,36,1,1
BRDA:276,37,0,0
BRDA:276,37,1,1
BRDA:290,38,0,1
BRDA:290,38,1,0
BRDA:290,39,0,1
BRDA:290,39,1,1
BRDA:324,40,0,1
BRDA:324,40,1,3
BRDA:324,41,0,4
BRDA:324,41,1,1
BRDA:326,42,0,1
BRDA:326,42,1,0
BRDA:326,43,0,1
BRDA:326,43,1,1
BRDA:357,44,0,1
BRDA:357,44,1,2
BRDA:363,45,0,1
BRDA:363,45,1,1
BRDA:365,46,0,1
BRDA:365,46,1,0
BRDA:365,47,0,1
BRDA:365,47,1,1
BRF:96
BRH:85
end_of_record
TN:
SF:controllers\user.controller.js
FN:5,(anonymous_0)
FN:17,(anonymous_1)
FN:40,(anonymous_2)
FN:73,(anonymous_3)
FN:107,(anonymous_4)
FN:121,(anonymous_5)
FN:139,(anonymous_6)
FNF:7
FNH:7
FNDA:2,(anonymous_0)
FNDA:3,(anonymous_1)
FNDA:4,(anonymous_2)
FNDA:3,(anonymous_3)
FNDA:3,(anonymous_4)
FNDA:4,(anonymous_5)
FNDA:4,(anonymous_6)
DA:1,1
DA:2,1
DA:3,1
DA:5,1
DA:6,2
DA:7,2
DA:10,1
DA:12,1
DA:13,1
DA:17,1
DA:18,3
DA:19,3
DA:29,2
DA:30,1
DA:33,1
DA:35,1
DA:36,1
DA:40,1
DA:41,4
DA:43,4
DA:44,1
DA:49,3
DA:50,3
DA:51,3
DA:53,2
DA:54,2
DA:56,2
DA:66,1
DA:68,1
DA:69,1
DA:73,1
DA:74,3
DA:75,3
DA:78,2
DA:80,1
DA:82,1
DA:83,1
DA:84,1
DA:88,1
DA:89,1
DA:93,1
DA:100,1
DA:102,1
DA:103,1
DA:107,1
DA:108,3
DA:109,3
DA:110,2
DA:111,1
DA:114,1
DA:115,1
DA:117,1
DA:118,1
DA:121,1
DA:122,4
DA:123,4
DA:124,3
DA:126,2
DA:127,1
DA:130,1
DA:132,1
DA:134,1
DA:135,1
DA:139,1
DA:140,4
DA:141,4
DA:142,3
DA:144,2
DA:145,1
DA:148,1
DA:149,1
DA:151,1
DA:153,1
DA:154,1
DA:158,1
LF:75
LH:75
BRDA:29,0,0,1
BRDA:29,0,1,1
BRDA:43,1,0,1
BRDA:43,1,1,3
BRDA:43,2,0,4
BRDA:43,2,1,4
BRDA:43,2,2,3
BRDA:43,2,3,3
BRDA:43,2,4,3
BRDA:51,3,0,1
BRDA:51,3,1,2
BRDA:63,4,0,2
BRDA:63,4,1,2
BRDA:78,5,0,1
BRDA:78,5,1,1
BRDA:82,6,0,1
BRDA:82,6,1,0
BRDA:83,7,0,1
BRDA:83,7,1,1
BRDA:84,8,0,0
BRDA:84,8,1,1
BRDA:88,9,0,1
BRDA:88,9,1,0
BRDA:89,10,0,1
BRDA:89,10,1,0
BRDA:110,11,0,1
BRDA:110,11,1,1
BRDA:124,12,0,1
BRDA:124,12,1,2
BRDA:126,13,0,1
BRDA:126,13,1,1
BRDA:142,14,0,1
BRDA:142,14,1,2
BRDA:144,15,0,1
BRDA:144,15,1,1
BRF:35
BRH:31
end_of_record
TN:
SF:middlewares\auth.middleware.js
FN:4,(anonymous_0)
FN:36,(anonymous_1)
FN:37,(anonymous_2)
FNF:3
FNH:3
FNDA:5,(anonymous_0)
FNDA:4,(anonymous_1)
FNDA:4,(anonymous_2)
DA:1,1
DA:2,1
DA:4,1
DA:5,5
DA:6,5
DA:7,5
DA:8,5
DA:9,3
DA:10,2
DA:11,1
DA:14,5
DA:15,1
DA:18,4
DA:20,3
DA:24,3
DA:25,1
DA:28,2
DA:29,2
DA:31,1
DA:32,1
DA:36,1
DA:37,4
DA:38,4
DA:39,1
DA:42,3
DA:43,3
DA:44,1
DA:49,2
DA:53,1
LF:29
LH:29
BRDA:8,0,0,3
BRDA:8,0,1,2
BRDA:8,1,0,5
BRDA:8,1,1,3
BRDA:10,2,0,1
BRDA:10,2,1,1
BRDA:14,3,0,1
BRDA:14,3,1,4
BRDA:18,4,0,4
BRDA:18,4,1,4
BRDA:24,5,0,1
BRDA:24,5,1,2
BRDA:38,6,0,1
BRDA:38,6,1,3
BRDA:43,7,0,1
BRDA:43,7,1,2
BRF:16
BRH:16
end_of_record
