{
  "numFailedTestSuites": 0,
  "numFailedTests": 0,
  "numPassedTestSuites": 9,
  "numPassedTests": 170,
  "numPendingTestSuites": 0,
  "numPendingTests": 0,
  "numRuntimeErrorTestSuites": 0,
  "numTodoTests": 0,
  "numTotalTestSuites": 9,
  "numTotalTests": 170,
  "openHandles": [],
  "snapshot": {
    "added": 0,
    "didUpdate": false,
    "failure": false,
    "filesAdded": 0,
    "filesRemoved": 0,
    "filesRemovedList": [],
    "filesUnmatched": 0,
    "filesUpdated": 0,
    "matched": 0,
    "total": 0,
    "unchecked": 0,
    "uncheckedKeysByFile": [],
    "unmatched": 0,
    "updated": 0
  },
  "startTime": 1782328126714,
  "success": false,
  "testResults": [
    {
      "leaks": false,
      "numFailingTests": 0,
      "numPassingTests": 39,
      "numPendingTests": 0,
      "numTodoTests": 0,
      "openHandles": [],
      "perfStats": {
        "end": 1782328127316,
        "loadTestEnvironmentEnd": 1782328126801,
        "loadTestEnvironmentStart": 1782328126757,
        "runtime": 514,
        "setupAfterEnvEnd": 1782328126955,
        "setupAfterEnvStart": 1782328126955,
        "setupFilesEnd": 1782328126802,
        "setupFilesStart": 1782328126802,
        "slow": false,
        "start": 1782328126802
      },
      "skipped": false,
      "snapshot": {
        "added": 0,
        "fileDeleted": false,
        "matched": 0,
        "unchecked": 0,
        "uncheckedKeys": [],
        "unmatched": 0,
        "updated": 0
      },
      "testFilePath": "C:\\Users\\Oscar\\Documents\\GitHub\\Biblioteca-error404\\Backend\\tests\\unit\\controllers\\loan.controller.test.js",
      "testResults": [
        {
          "ancestorTitles": [
            "loan.controller unit tests",
            "listarPrestamos"
          ],
          "duration": 3,
          "failing": false,
          "failureDetails": [],
          "failureMessages": [],
          "fullName": "loan.controller unit tests listarPrestamos A1: retorna lista de prestamos",
          "invocations": 1,
          "location": null,
          "numPassingAsserts": 2,
          "retryReasons": [],
          "startAt": 1782328127250,
          "status": "passed",
          "title": "A1: retorna lista de prestamos"
        },
        {
          "ancestorTitles": [
            "loan.controller unit tests",
            "listarPrestamos"
          ],
          "duration": 26,
          "failing": false,
          "failureDetails": [],
          "failureMessages": [],
          "fullName": "loan.controller unit tests listarPrestamos A2: retorna 500 si falla",
          "invocations": 1,
          "location": null,
          "numPassingAsserts": 2,
          "retryReasons": [],
          "startAt": 1782328127255,
          "status": "passed",
          "title": "A2: retorna 500 si falla"
        },
        {
          "ancestorTitles": [
            "loan.controller unit tests",
            "obtenerPrestamo"
          ],
          "duration": 1,
          "failing": false,
          "failureDetails": [],
          "failureMessages": [],
          "fullName": "loan.controller unit tests obtenerPrestamo B1: retorna prestamo por id",
          "invocations": 1,
          "location": null,
          "numPassingAsserts": 2,
          "retryReasons": [],
          "startAt": 1782328127281,
          "status": "passed",
          "title": "B1: retorna prestamo por id"
        },
        {
          "ancestorTitles": [
            "loan.controller unit tests",
            "obtenerPrestamo"
          ],
          "duration": 1,
          "failing": false,
          "failureDetails": [],
          "failureMessages": [],
          "fullName": "loan.controller unit tests obtenerPrestamo B2: retorna 404 si no existe",
          "invocations": 1,
          "location": null,
          "numPassingAsserts": 2,
          "retryReasons": [],
          "startAt": 1782328127282,
          "status": "passed",
          "title": "B2: retorna 404 si no existe"
        },
        {
          "ancestorTitles": [
            "loan.controller unit tests",
            "obtenerPrestamo"
          ],
          "duration": 1,
          "failing": false,
          "failureDetails": [],
          "failureMessages": [],
          "fullName": "loan.controller unit tests obtenerPrestamo B3: retorna 500 si falla",
          "invocations": 1,
          "location": null,
          "numPassingAsserts": 2,
          "retryReasons": [],
          "startAt": 1782328127283,
          "status": "passed",
          "title": "B3: retorna 500 si falla"
        },
        {
          "ancestorTitles": [
            "loan.controller unit tests",
            "listarPrestamosPorUsuario"
          ],
          "duration": 1,
          "failing": false,
          "failureDetails": [],
          "failureMessages": [],
          "fullName": "loan.controller unit tests listarPrestamosPorUsuario C1: retorna prestamos del usuario",
          "invocations": 1,
          "location": null,
          "numPassingAsserts": 2,
          "retryReasons": [],
          "startAt": 1782328127285,
          "status": "passed",
          "title": "C1: retorna prestamos del usuario"
        },
        {
          "ancestorTitles": [
            "loan.controller unit tests",
            "listarPrestamosPorUsuario"
          ],
          "duration": 1,
          "failing": false,
          "failureDetails": [],
          "failureMessages": [],
          "fullName": "loan.controller unit tests listarPrestamosPorUsuario C2: retorna 500 si falla",
          "invocations": 1,
          "location": null,
          "numPassingAsserts": 2,
          "retryReasons": [],
          "startAt": 1782328127286,
          "status": "passed",
          "title": "C2: retorna 500 si falla"
        },
        {
          "ancestorTitles": [
            "loan.controller unit tests",
            "listarPrestamosVencidos"
          ],
          "duration": 1,
          "failing": false,
          "failureDetails": [],
          "failureMessages": [],
          "fullName": "loan.controller unit tests listarPrestamosVencidos D1: retorna lista de prestamos vencidos",
          "invocations": 1,
          "location": null,
          "numPassingAsserts": 2,
          "retryReasons": [],
          "startAt": 1782328127287,
          "status": "passed",
          "title": "D1: retorna lista de prestamos vencidos"
        },
        {
          "ancestorTitles": [
            "loan.controller unit tests",
            "listarPrestamosVencidos"
          ],
          "duration": 1,
          "failing": false,
          "failureDetails": [],
          "failureMessages": [],
          "fullName": "loan.controller unit tests listarPrestamosVencidos D2: retorna 500 si falla",
          "invocations": 1,
          "location": null,
          "numPassingAsserts": 2,
          "retryReasons": [],
          "startAt": 1782328127288,
          "status": "passed",
          "title": "D2: retorna 500 si falla"
        },
        {
          "ancestorTitles": [
            "loan.controller unit tests",
            "listarMultasPorUsuario"
          ],
          "duration": 0,
          "failing": false,
          "failureDetails": [],
          "failureMessages": [],
          "fullName": "loan.controller unit tests listarMultasPorUsuario E1: retorna multas del usuario",
          "invocations": 1,
          "location": null,
          "numPassingAsserts": 2,
          "retryReasons": [],
          "startAt": 1782328127290,
          "status": "passed",
          "title": "E1: retorna multas del usuario"
        },
        {
          "ancestorTitles": [
            "loan.controller unit tests",
            "listarMultasPorUsuario"
          ],
          "duration": 1,
          "failing": false,
          "failureDetails": [],
          "failureMessages": [],
          "fullName": "loan.controller unit tests listarMultasPorUsuario E2: retorna 500 si falla",
          "invocations": 1,
          "location": null,
          "numPassingAsserts": 2,
          "retryReasons": [],
          "startAt": 1782328127290,
          "status": "passed",
          "title": "E2: retorna 500 si falla"
        },
        {
          "ancestorTitles": [
            "loan.controller unit tests",
            "notificarVencimientosYRetrasos"
          ],
          "duration": 0,
          "failing": false,
          "failureDetails": [],
          "failureMessages": [],
          "fullName": "loan.controller unit tests notificarVencimientosYRetrasos F1: procesa prestamos y crea notificaciones de vencimiento proximo",
          "invocations": 1,
          "location": null,
          "numPassingAsserts": 2,
          "retryReasons": [],
          "startAt": 1782328127292,
          "status": "passed",
          "title": "F1: procesa prestamos y crea notificaciones de vencimiento proximo"
        },
        {
          "ancestorTitles": [
            "loan.controller unit tests",
            "notificarVencimientosYRetrasos"
          ],
          "duration": 0,
          "failing": false,
          "failureDetails": [],
          "failureMessages": [],
          "fullName": "loan.controller unit tests notificarVencimientosYRetrasos F2: crea notificacion multa_pendiente para prestamos vencidos",
          "invocations": 1,
          "location": null,
          "numPassingAsserts": 2,
          "retryReasons": [],
          "startAt": 1782328127293,
          "status": "passed",
          "title": "F2: crea notificacion multa_pendiente para prestamos vencidos"
        },
        {
          "ancestorTitles": [
            "loan.controller unit tests",
            "notificarVencimientosYRetrasos"
          ],
          "duration": 0,
          "failing": false,
          "failureDetails": [],
          "failureMessages": [],
          "fullName": "loan.controller unit tests notificarVencimientosYRetrasos F3: retorna 500 si falla",
          "invocations": 1,
          "location": null,
          "numPassingAsserts": 2,
          "retryReasons": [],
          "startAt": 1782328127294,
          "status": "passed",
          "title": "F3: retorna 500 si falla"
        },
        {
          "ancestorTitles": [
            "loan.controller unit tests",
            "crearPrestamo"
          ],
          "duration": 0,
          "failing": false,
          "failureDetails": [],
          "failureMessages": [],
          "fullName": "loan.controller unit tests crearPrestamo G1: 400 si faltan ejemplar_id o usuario_id",
          "invocations": 1,
          "location": null,
          "numPassingAsserts": 2,
          "retryReasons": [],
          "startAt": 1782328127295,
          "status": "passed",
          "title": "G1: 400 si faltan ejemplar_id o usuario_id"
        },
        {
          "ancestorTitles": [
            "loan.controller unit tests",
            "crearPrestamo"
          ],
          "duration": 1,
          "failing": false,
          "failureDetails": [],
          "failureMessages": [],
          "fullName": "loan.controller unit tests crearPrestamo G2: 404 si ejemplar no existe",
          "invocations": 1,
          "location": null,
          "numPassingAsserts": 2,
          "retryReasons": [],
          "startAt": 1782328127295,
          "status": "passed",
          "title": "G2: 404 si ejemplar no existe"
        },
        {
          "ancestorTitles": [
            "loan.controller unit tests",
            "crearPrestamo"
          ],
          "duration": 0,
          "failing": false,
          "failureDetails": [],
          "failureMessages": [],
          "fullName": "loan.controller unit tests crearPrestamo G3: 400 si ejemplar no esta disponible",
          "invocations": 1,
          "location": null,
          "numPassingAsserts": 2,
          "retryReasons": [],
          "startAt": 1782328127296,
          "status": "passed",
          "title": "G3: 400 si ejemplar no esta disponible"
        },
        {
          "ancestorTitles": [
            "loan.controller unit tests",
            "crearPrestamo"
          ],
          "duration": 0,
          "failing": false,
          "failureDetails": [],
          "failureMessages": [],
          "fullName": "loan.controller unit tests crearPrestamo G4: 404 si usuario no existe",
          "invocations": 1,
          "location": null,
          "numPassingAsserts": 2,
          "retryReasons": [],
          "startAt": 1782328127297,
          "status": "passed",
          "title": "G4: 404 si usuario no existe"
        },
        {
          "ancestorTitles": [
            "loan.controller unit tests",
            "crearPrestamo"
          ],
          "duration": 1,
          "failing": false,
          "failureDetails": [],
          "failureMessages": [],
          "fullName": "loan.controller unit tests crearPrestamo G5: 400 si usuario alcanzo max_prestamos",
          "invocations": 1,
          "location": null,
          "numPassingAsserts": 2,
          "retryReasons": [],
          "startAt": 1782328127297,
          "status": "passed",
          "title": "G5: 400 si usuario alcanzo max_prestamos"
        },
        {
          "ancestorTitles": [
            "loan.controller unit tests",
            "crearPrestamo"
          ],
          "duration": 1,
          "failing": false,
          "failureDetails": [],
          "failureMessages": [],
          "fullName": "loan.controller unit tests crearPrestamo G6: crea prestamo y responde 201",
          "invocations": 1,
          "location": null,
          "numPassingAsserts": 5,
          "retryReasons": [],
          "startAt": 1782328127298,
          "status": "passed",
          "title": "G6: crea prestamo y responde 201"
        },
        {
          "ancestorTitles": [
            "loan.controller unit tests",
            "crearPrestamo"
          ],
          "duration": 1,
          "failing": false,
          "failureDetails": [],
          "failureMessages": [],
          "fullName": "loan.controller unit tests crearPrestamo G7: si existe reserva activa del usuario la completa",
          "invocations": 1,
          "location": null,
          "numPassingAsserts": 3,
          "retryReasons": [],
          "startAt": 1782328127299,
          "status": "passed",
          "title": "G7: si existe reserva activa del usuario la completa"
        },
        {
          "ancestorTitles": [
            "loan.controller unit tests",
            "crearPrestamo"
          ],
          "duration": 0,
          "failing": false,
          "failureDetails": [],
          "failureMessages": [],
          "fullName": "loan.controller unit tests crearPrestamo G8: retorna 500 si falla internamente",
          "invocations": 1,
          "location": null,
          "numPassingAsserts": 2,
          "retryReasons": [],
          "startAt": 1782328127301,
          "status": "passed",
          "title": "G8: retorna 500 si falla internamente"
        },
        {
          "ancestorTitles": [
            "loan.controller unit tests",
            "actualizarPrestamo"
          ],
          "duration": 0,
          "failing": false,
          "failureDetails": [],
          "failureMessages": [],
          "fullName": "loan.controller unit tests actualizarPrestamo H1: 404 si prestamo no existe",
          "invocations": 1,
          "location": null,
          "numPassingAsserts": 2,
          "retryReasons": [],
          "startAt": 1782328127302,
          "status": "passed",
          "title": "H1: 404 si prestamo no existe"
        },
        {
          "ancestorTitles": [
            "loan.controller unit tests",
            "actualizarPrestamo"
          ],
          "duration": 1,
          "failing": false,
          "failureDetails": [],
          "failureMessages": [],
          "fullName": "loan.controller unit tests actualizarPrestamo H2: actualiza observaciones y retorna prestamo",
          "invocations": 1,
          "location": null,
          "numPassingAsserts": 3,
          "retryReasons": [],
          "startAt": 1782328127302,
          "status": "passed",
          "title": "H2: actualiza observaciones y retorna prestamo"
        },
        {
          "ancestorTitles": [
            "loan.controller unit tests",
            "actualizarPrestamo"
          ],
          "duration": 0,
          "failing": false,
          "failureDetails": [],
          "failureMessages": [],
          "fullName": "loan.controller unit tests actualizarPrestamo H3: estado renovado con renovaciones < 2 extiende fecha",
          "invocations": 1,
          "location": null,
          "numPassingAsserts": 1,
          "retryReasons": [],
          "startAt": 1782328127303,
          "status": "passed",
          "title": "H3: estado renovado con renovaciones < 2 extiende fecha"
        },
        {
          "ancestorTitles": [
            "loan.controller unit tests",
            "actualizarPrestamo"
          ],
          "duration": 0,
          "failing": false,
          "failureDetails": [],
          "failureMessages": [],
          "fullName": "loan.controller unit tests actualizarPrestamo H4: estado renovado con renovaciones >= 2 retorna 400",
          "invocations": 1,
          "location": null,
          "numPassingAsserts": 2,
          "retryReasons": [],
          "startAt": 1782328127304,
          "status": "passed",
          "title": "H4: estado renovado con renovaciones >= 2 retorna 400"
        },
        {
          "ancestorTitles": [
            "loan.controller unit tests",
            "actualizarPrestamo"
          ],
          "duration": 1,
          "failing": false,
          "failureDetails": [],
          "failureMessages": [],
          "fullName": "loan.controller unit tests actualizarPrestamo H5: estado devuelto crea notificacion y libera ejemplar",
          "invocations": 1,
          "location": null,
          "numPassingAsserts": 3,
          "retryReasons": [],
          "startAt": 1782328127304,
          "status": "passed",
          "title": "H5: estado devuelto crea notificacion y libera ejemplar"
        },
        {
          "ancestorTitles": [
            "loan.controller unit tests",
            "actualizarPrestamo"
          ],
          "duration": 1,
          "failing": false,
          "failureDetails": [],
          "failureMessages": [],
          "fullName": "loan.controller unit tests actualizarPrestamo H6: devolucion con retraso crea multa y retorna {prestamo, multa}",
          "invocations": 1,
          "location": null,
          "numPassingAsserts": 2,
          "retryReasons": [],
          "startAt": 1782328127305,
          "status": "passed",
          "title": "H6: devolucion con retraso crea multa y retorna {prestamo, multa}"
        },
        {
          "ancestorTitles": [
            "loan.controller unit tests",
            "actualizarPrestamo"
          ],
          "duration": 1,
          "failing": false,
          "failureDetails": [],
          "failureMessages": [],
          "fullName": "loan.controller unit tests actualizarPrestamo H7: retorna 500 si falla",
          "invocations": 1,
          "location": null,
          "numPassingAsserts": 2,
          "retryReasons": [],
          "startAt": 1782328127306,
          "status": "passed",
          "title": "H7: retorna 500 si falla"
        },
        {
          "ancestorTitles": [
            "loan.controller unit tests",
            "renovarPrestamo"
          ],
          "duration": 0,
          "failing": false,
          "failureDetails": [],
          "failureMessages": [],
          "fullName": "loan.controller unit tests renovarPrestamo I1: 404 si prestamo no existe",
          "invocations": 1,
          "location": null,
          "numPassingAsserts": 2,
          "retryReasons": [],
          "startAt": 1782328127307,
          "status": "passed",
          "title": "I1: 404 si prestamo no existe"
        },
        {
          "ancestorTitles": [
            "loan.controller unit tests",
            "renovarPrestamo"
          ],
          "duration": 0,
          "failing": false,
          "failureDetails": [],
          "failureMessages": [],
          "fullName": "loan.controller unit tests renovarPrestamo I2: 400 si prestamo ya fue devuelto",
          "invocations": 1,
          "location": null,
          "numPassingAsserts": 2,
          "retryReasons": [],
          "startAt": 1782328127308,
          "status": "passed",
          "title": "I2: 400 si prestamo ya fue devuelto"
        },
        {
          "ancestorTitles": [
            "loan.controller unit tests",
            "renovarPrestamo"
          ],
          "duration": 1,
          "failing": false,
          "failureDetails": [],
          "failureMessages": [],
          "fullName": "loan.controller unit tests renovarPrestamo I3: 400 si renovaciones >= 2",
          "invocations": 1,
          "location": null,
          "numPassingAsserts": 2,
          "retryReasons": [],
          "startAt": 1782328127308,
          "status": "passed",
          "title": "I3: 400 si renovaciones >= 2"
        },
        {
          "ancestorTitles": [
            "loan.controller unit tests",
            "renovarPrestamo"
          ],
          "duration": 0,
          "failing": false,
          "failureDetails": [],
          "failureMessages": [],
          "fullName": "loan.controller unit tests renovarPrestamo I4: 400 si hay reservas pendientes para el libro",
          "invocations": 1,
          "location": null,
          "numPassingAsserts": 2,
          "retryReasons": [],
          "startAt": 1782328127309,
          "status": "passed",
          "title": "I4: 400 si hay reservas pendientes para el libro"
        },
        {
          "ancestorTitles": [
            "loan.controller unit tests",
            "renovarPrestamo"
          ],
          "duration": 0,
          "failing": false,
          "failureDetails": [],
          "failureMessages": [],
          "fullName": "loan.controller unit tests renovarPrestamo I5: renueva correctamente y extiende fecha 7 dias",
          "invocations": 1,
          "location": null,
          "numPassingAsserts": 5,
          "retryReasons": [],
          "startAt": 1782328127310,
          "status": "passed",
          "title": "I5: renueva correctamente y extiende fecha 7 dias"
        },
        {
          "ancestorTitles": [
            "loan.controller unit tests",
            "renovarPrestamo"
          ],
          "duration": 1,
          "failing": false,
          "failureDetails": [],
          "failureMessages": [],
          "fullName": "loan.controller unit tests renovarPrestamo I6: retorna 500 si falla",
          "invocations": 1,
          "location": null,
          "numPassingAsserts": 2,
          "retryReasons": [],
          "startAt": 1782328127310,
          "status": "passed",
          "title": "I6: retorna 500 si falla"
        },
        {
          "ancestorTitles": [
            "loan.controller unit tests",
            "eliminarPrestamo"
          ],
          "duration": 1,
          "failing": false,
          "failureDetails": [],
          "failureMessages": [],
          "fullName": "loan.controller unit tests eliminarPrestamo J1: 404 si prestamo no existe",
          "invocations": 1,
          "location": null,
          "numPassingAsserts": 2,
          "retryReasons": [],
          "startAt": 1782328127311,
          "status": "passed",
          "title": "J1: 404 si prestamo no existe"
        },
        {
          "ancestorTitles": [
            "loan.controller unit tests",
            "eliminarPrestamo"
          ],
          "duration": 0,
          "failing": false,
          "failureDetails": [],
          "failureMessages": [],
          "fullName": "loan.controller unit tests eliminarPrestamo J2: elimina prestamo devuelto sin liberar ejemplar",
          "invocations": 1,
          "location": null,
          "numPassingAsserts": 4,
          "retryReasons": [],
          "startAt": 1782328127312,
          "status": "passed",
          "title": "J2: elimina prestamo devuelto sin liberar ejemplar"
        },
        {
          "ancestorTitles": [
            "loan.controller unit tests",
            "eliminarPrestamo"
          ],
          "duration": 0,
          "failing": false,
          "failureDetails": [],
          "failureMessages": [],
          "fullName": "loan.controller unit tests eliminarPrestamo J3: elimina prestamo activo y libera ejemplar",
          "invocations": 1,
          "location": null,
          "numPassingAsserts": 3,
          "retryReasons": [],
          "startAt": 1782328127313,
          "status": "passed",
          "title": "J3: elimina prestamo activo y libera ejemplar"
        },
        {
          "ancestorTitles": [
            "loan.controller unit tests",
            "eliminarPrestamo"
          ],
          "duration": 1,
          "failing": false,
          "failureDetails": [],
          "failureMessages": [],
          "fullName": "loan.controller unit tests eliminarPrestamo J4: retorna 500 si falla",
          "invocations": 1,
          "location": null,
          "numPassingAsserts": 2,
          "retryReasons": [],
          "startAt": 1782328127313,
          "status": "passed",
          "title": "J4: retorna 500 si falla"
        }
      ],
      "failureMessage": null
    },
    {
      "leaks": false,
      "numFailingTests": 0,
      "numPassingTests": 35,
      "numPendingTests": 0,
      "numTodoTests": 0,
      "openHandles": [],
      "perfStats": {
        "end": 1782328127622,
        "loadTestEnvironmentEnd": 1782328127380,
        "loadTestEnvironmentStart": 1782328127377,
        "runtime": 242,
        "setupAfterEnvEnd": 1782328127442,
        "setupAfterEnvStart": 1782328127442,
        "setupFilesEnd": 1782328127380,
        "setupFilesStart": 1782328127380,
        "slow": false,
        "start": 1782328127380
      },
      "skipped": false,
      "snapshot": {
        "added": 0,
        "fileDeleted": false,
        "matched": 0,
        "unchecked": 0,
        "uncheckedKeys": [],
        "unmatched": 0,
        "updated": 0
      },
      "testFilePath": "C:\\Users\\Oscar\\Documents\\GitHub\\Biblioteca-error404\\Backend\\tests\\unit\\controllers\\admin.controller.test.js",
      "testResults": [
        {
          "ancestorTitles": [
            "admin.controller unit tests",
            "obtenerResumenAdmin"
          ],
          "duration": 1,
          "failing": false,
          "failureDetails": [],
          "failureMessages": [],
          "fullName": "admin.controller unit tests obtenerResumenAdmin A1: retorna resumen con todos los conteos",
          "invocations": 1,
          "location": null,
          "numPassingAsserts": 1,
          "retryReasons": [],
          "startAt": 1782328127560,
          "status": "passed",
          "title": "A1: retorna resumen con todos los conteos"
        },
        {
          "ancestorTitles": [
            "admin.controller unit tests",
            "obtenerResumenAdmin"
          ],
          "duration": 17,
          "failing": false,
          "failureDetails": [],
          "failureMessages": [],
          "fullName": "admin.controller unit tests obtenerResumenAdmin A2: retorna 500 si falla una consulta",
          "invocations": 1,
          "location": null,
          "numPassingAsserts": 2,
          "retryReasons": [],
          "startAt": 1782328127561,
          "status": "passed",
          "title": "A2: retorna 500 si falla una consulta"
        },
        {
          "ancestorTitles": [
            "admin.controller unit tests",
            "obtenerResumenAdminSummary"
          ],
          "duration": 0,
          "failing": false,
          "failureDetails": [],
          "failureMessages": [],
          "fullName": "admin.controller unit tests obtenerResumenAdminSummary B1: retorna el resumen administrativo",
          "invocations": 1,
          "location": null,
          "numPassingAsserts": 1,
          "retryReasons": [],
          "startAt": 1782328127579,
          "status": "passed",
          "title": "B1: retorna el resumen administrativo"
        },
        {
          "ancestorTitles": [
            "admin.controller unit tests",
            "obtenerResumenAdminSummary"
          ],
          "duration": 0,
          "failing": false,
          "failureDetails": [],
          "failureMessages": [],
          "fullName": "admin.controller unit tests obtenerResumenAdminSummary B2: retorna 500 si falla una consulta",
          "invocations": 1,
          "location": null,
          "numPassingAsserts": 2,
          "retryReasons": [],
          "startAt": 1782328127580,
          "status": "passed",
          "title": "B2: retorna 500 si falla una consulta"
        },
        {
          "ancestorTitles": [
            "admin.controller unit tests",
            "listarRoles"
          ],
          "duration": 0,
          "failing": false,
          "failureDetails": [],
          "failureMessages": [],
          "fullName": "admin.controller unit tests listarRoles C1: retorna lista de roles",
          "invocations": 1,
          "location": null,
          "numPassingAsserts": 2,
          "retryReasons": [],
          "startAt": 1782328127581,
          "status": "passed",
          "title": "C1: retorna lista de roles"
        },
        {
          "ancestorTitles": [
            "admin.controller unit tests",
            "listarRoles"
          ],
          "duration": 1,
          "failing": false,
          "failureDetails": [],
          "failureMessages": [],
          "fullName": "admin.controller unit tests listarRoles C2: retorna 500 si falla",
          "invocations": 1,
          "location": null,
          "numPassingAsserts": 2,
          "retryReasons": [],
          "startAt": 1782328127581,
          "status": "passed",
          "title": "C2: retorna 500 si falla"
        },
        {
          "ancestorTitles": [
            "admin.controller unit tests",
            "crearRol"
          ],
          "duration": 1,
          "failing": false,
          "failureDetails": [],
          "failureMessages": [],
          "fullName": "admin.controller unit tests crearRol D1: retorna 400 si falta el nombre",
          "invocations": 1,
          "location": null,
          "numPassingAsserts": 2,
          "retryReasons": [],
          "startAt": 1782328127582,
          "status": "passed",
          "title": "D1: retorna 400 si falta el nombre"
        },
        {
          "ancestorTitles": [
            "admin.controller unit tests",
            "crearRol"
          ],
          "duration": 1,
          "failing": false,
          "failureDetails": [],
          "failureMessages": [],
          "fullName": "admin.controller unit tests crearRol D2: crea el rol y responde 201",
          "invocations": 1,
          "location": null,
          "numPassingAsserts": 3,
          "retryReasons": [],
          "startAt": 1782328127583,
          "status": "passed",
          "title": "D2: crea el rol y responde 201"
        },
        {
          "ancestorTitles": [
            "admin.controller unit tests",
            "crearRol"
          ],
          "duration": 1,
          "failing": false,
          "failureDetails": [],
          "failureMessages": [],
          "fullName": "admin.controller unit tests crearRol D3: retorna 500 si falla la BD",
          "invocations": 1,
          "location": null,
          "numPassingAsserts": 2,
          "retryReasons": [],
          "startAt": 1782328127584,
          "status": "passed",
          "title": "D3: retorna 500 si falla la BD"
        },
        {
          "ancestorTitles": [
            "admin.controller unit tests",
            "listarCategorias"
          ],
          "duration": 0,
          "failing": false,
          "failureDetails": [],
          "failureMessages": [],
          "fullName": "admin.controller unit tests listarCategorias E1: retorna lista de categorias",
          "invocations": 1,
          "location": null,
          "numPassingAsserts": 2,
          "retryReasons": [],
          "startAt": 1782328127585,
          "status": "passed",
          "title": "E1: retorna lista de categorias"
        },
        {
          "ancestorTitles": [
            "admin.controller unit tests",
            "listarCategorias"
          ],
          "duration": 0,
          "failing": false,
          "failureDetails": [],
          "failureMessages": [],
          "fullName": "admin.controller unit tests listarCategorias E2: retorna 500 si falla",
          "invocations": 1,
          "location": null,
          "numPassingAsserts": 2,
          "retryReasons": [],
          "startAt": 1782328127586,
          "status": "passed",
          "title": "E2: retorna 500 si falla"
        },
        {
          "ancestorTitles": [
            "admin.controller unit tests",
            "crearCategoria"
          ],
          "duration": 1,
          "failing": false,
          "failureDetails": [],
          "failureMessages": [],
          "fullName": "admin.controller unit tests crearCategoria F1: retorna 400 si falta el nombre",
          "invocations": 1,
          "location": null,
          "numPassingAsserts": 2,
          "retryReasons": [],
          "startAt": 1782328127586,
          "status": "passed",
          "title": "F1: retorna 400 si falta el nombre"
        },
        {
          "ancestorTitles": [
            "admin.controller unit tests",
            "crearCategoria"
          ],
          "duration": 0,
          "failing": false,
          "failureDetails": [],
          "failureMessages": [],
          "fullName": "admin.controller unit tests crearCategoria F2: crea la categoria y responde 201",
          "invocations": 1,
          "location": null,
          "numPassingAsserts": 3,
          "retryReasons": [],
          "startAt": 1782328127587,
          "status": "passed",
          "title": "F2: crea la categoria y responde 201"
        },
        {
          "ancestorTitles": [
            "admin.controller unit tests",
            "crearCategoria"
          ],
          "duration": 0,
          "failing": false,
          "failureDetails": [],
          "failureMessages": [],
          "fullName": "admin.controller unit tests crearCategoria F3: retorna 500 si falla la BD",
          "invocations": 1,
          "location": null,
          "numPassingAsserts": 2,
          "retryReasons": [],
          "startAt": 1782328127588,
          "status": "passed",
          "title": "F3: retorna 500 si falla la BD"
        },
        {
          "ancestorTitles": [
            "admin.controller unit tests",
            "obtenerUsuariosMasPrestamos"
          ],
          "duration": 1,
          "failing": false,
          "failureDetails": [],
          "failureMessages": [],
          "fullName": "admin.controller unit tests obtenerUsuariosMasPrestamos G1: retorna el ranking de usuarios con mas prestamos",
          "invocations": 1,
          "location": null,
          "numPassingAsserts": 2,
          "retryReasons": [],
          "startAt": 1782328127589,
          "status": "passed",
          "title": "G1: retorna el ranking de usuarios con mas prestamos"
        },
        {
          "ancestorTitles": [
            "admin.controller unit tests",
            "obtenerUsuariosMasPrestamos"
          ],
          "duration": 1,
          "failing": false,
          "failureDetails": [],
          "failureMessages": [],
          "fullName": "admin.controller unit tests obtenerUsuariosMasPrestamos G2: retorna 500 si falla",
          "invocations": 1,
          "location": null,
          "numPassingAsserts": 2,
          "retryReasons": [],
          "startAt": 1782328127590,
          "status": "passed",
          "title": "G2: retorna 500 si falla"
        },
        {
          "ancestorTitles": [
            "admin.controller unit tests",
            "obtenerLibrosMasPrestados"
          ],
          "duration": 1,
          "failing": false,
          "failureDetails": [],
          "failureMessages": [],
          "fullName": "admin.controller unit tests obtenerLibrosMasPrestados H1: retorna el ranking de libros mas prestados",
          "invocations": 1,
          "location": null,
          "numPassingAsserts": 2,
          "retryReasons": [],
          "startAt": 1782328127591,
          "status": "passed",
          "title": "H1: retorna el ranking de libros mas prestados"
        },
        {
          "ancestorTitles": [
            "admin.controller unit tests",
            "obtenerLibrosMasPrestados"
          ],
          "duration": 0,
          "failing": false,
          "failureDetails": [],
          "failureMessages": [],
          "fullName": "admin.controller unit tests obtenerLibrosMasPrestados H2: retorna 500 si falla",
          "invocations": 1,
          "location": null,
          "numPassingAsserts": 2,
          "retryReasons": [],
          "startAt": 1782328127592,
          "status": "passed",
          "title": "H2: retorna 500 si falla"
        },
        {
          "ancestorTitles": [
            "admin.controller unit tests",
            "obtenerReportes"
          ],
          "duration": 0,
          "failing": false,
          "failureDetails": [],
          "failureMessages": [],
          "fullName": "admin.controller unit tests obtenerReportes I1: retorna objeto con prestamos, usuarios y libros",
          "invocations": 1,
          "location": null,
          "numPassingAsserts": 1,
          "retryReasons": [],
          "startAt": 1782328127593,
          "status": "passed",
          "title": "I1: retorna objeto con prestamos, usuarios y libros"
        },
        {
          "ancestorTitles": [
            "admin.controller unit tests",
            "obtenerReportes"
          ],
          "duration": 0,
          "failing": false,
          "failureDetails": [],
          "failureMessages": [],
          "fullName": "admin.controller unit tests obtenerReportes I2: retorna 500 si falla",
          "invocations": 1,
          "location": null,
          "numPassingAsserts": 2,
          "retryReasons": [],
          "startAt": 1782328127594,
          "status": "passed",
          "title": "I2: retorna 500 si falla"
        },
        {
          "ancestorTitles": [
            "admin.controller unit tests",
            "obtenerReportes"
          ],
          "duration": 0,
          "failing": false,
          "failureDetails": [],
          "failureMessages": [],
          "fullName": "admin.controller unit tests obtenerReportes I3: clasifica prestamos en activos, devueltos y vencidos",
          "invocations": 1,
          "location": null,
          "numPassingAsserts": 3,
          "retryReasons": [],
          "startAt": 1782328127595,
          "status": "passed",
          "title": "I3: clasifica prestamos en activos, devueltos y vencidos"
        },
        {
          "ancestorTitles": [
            "admin.controller unit tests",
            "obtenerAuditoria"
          ],
          "duration": 1,
          "failing": false,
          "failureDetails": [],
          "failureMessages": [],
          "fullName": "admin.controller unit tests obtenerAuditoria J1: retorna toda la auditoria sin filtros",
          "invocations": 1,
          "location": null,
          "numPassingAsserts": 2,
          "retryReasons": [],
          "startAt": 1782328127595,
          "status": "passed",
          "title": "J1: retorna toda la auditoria sin filtros"
        },
        {
          "ancestorTitles": [
            "admin.controller unit tests",
            "obtenerAuditoria"
          ],
          "duration": 0,
          "failing": false,
          "failureDetails": [],
          "failureMessages": [],
          "fullName": "admin.controller unit tests obtenerAuditoria J2: filtra la auditoria por usuario_id si viene en la query",
          "invocations": 1,
          "location": null,
          "numPassingAsserts": 2,
          "retryReasons": [],
          "startAt": 1782328127596,
          "status": "passed",
          "title": "J2: filtra la auditoria por usuario_id si viene en la query"
        },
        {
          "ancestorTitles": [
            "admin.controller unit tests",
            "obtenerAuditoria"
          ],
          "duration": 1,
          "failing": false,
          "failureDetails": [],
          "failureMessages": [],
          "fullName": "admin.controller unit tests obtenerAuditoria J3: retorna 500 si falla",
          "invocations": 1,
          "location": null,
          "numPassingAsserts": 2,
          "retryReasons": [],
          "startAt": 1782328127596,
          "status": "passed",
          "title": "J3: retorna 500 si falla"
        },
        {
          "ancestorTitles": [
            "admin.controller unit tests",
            "exportUsuariosMasPrestamos"
          ],
          "duration": 1,
          "failing": false,
          "failureDetails": [],
          "failureMessages": [],
          "fullName": "admin.controller unit tests exportUsuariosMasPrestamos K1: genera y envia el CSV con Content-Disposition correcto",
          "invocations": 1,
          "location": null,
          "numPassingAsserts": 5,
          "retryReasons": [],
          "startAt": 1782328127597,
          "status": "passed",
          "title": "K1: genera y envia el CSV con Content-Disposition correcto"
        },
        {
          "ancestorTitles": [
            "admin.controller unit tests",
            "exportUsuariosMasPrestamos"
          ],
          "duration": 1,
          "failing": false,
          "failureDetails": [],
          "failureMessages": [],
          "fullName": "admin.controller unit tests exportUsuariosMasPrestamos K2: retorna 500 si falla la consulta",
          "invocations": 1,
          "location": null,
          "numPassingAsserts": 2,
          "retryReasons": [],
          "startAt": 1782328127598,
          "status": "passed",
          "title": "K2: retorna 500 si falla la consulta"
        },
        {
          "ancestorTitles": [
            "admin.controller unit tests",
            "exportUsuariosMasPrestamosPdf"
          ],
          "duration": 1,
          "failing": false,
          "failureDetails": [],
          "failureMessages": [],
          "fullName": "admin.controller unit tests exportUsuariosMasPrestamosPdf L1: genera y envia el PDF con Content-Disposition correcto",
          "invocations": 1,
          "location": null,
          "numPassingAsserts": 2,
          "retryReasons": [],
          "startAt": 1782328127599,
          "status": "passed",
          "title": "L1: genera y envia el PDF con Content-Disposition correcto"
        },
        {
          "ancestorTitles": [
            "admin.controller unit tests",
            "exportUsuariosMasPrestamosPdf"
          ],
          "duration": 0,
          "failing": false,
          "failureDetails": [],
          "failureMessages": [],
          "fullName": "admin.controller unit tests exportUsuariosMasPrestamosPdf L2: retorna 500 si falla la consulta",
          "invocations": 1,
          "location": null,
          "numPassingAsserts": 2,
          "retryReasons": [],
          "startAt": 1782328127600,
          "status": "passed",
          "title": "L2: retorna 500 si falla la consulta"
        },
        {
          "ancestorTitles": [
            "admin.controller unit tests",
            "exportUsuariosMasPrestamosExcel"
          ],
          "duration": 0,
          "failing": false,
          "failureDetails": [],
          "failureMessages": [],
          "fullName": "admin.controller unit tests exportUsuariosMasPrestamosExcel M1: genera y envia el Excel con Content-Disposition correcto",
          "invocations": 1,
          "location": null,
          "numPassingAsserts": 3,
          "retryReasons": [],
          "startAt": 1782328127601,
          "status": "passed",
          "title": "M1: genera y envia el Excel con Content-Disposition correcto"
        },
        {
          "ancestorTitles": [
            "admin.controller unit tests",
            "exportUsuariosMasPrestamosExcel"
          ],
          "duration": 1,
          "failing": false,
          "failureDetails": [],
          "failureMessages": [],
          "fullName": "admin.controller unit tests exportUsuariosMasPrestamosExcel M2: retorna 500 si falla la consulta",
          "invocations": 1,
          "location": null,
          "numPassingAsserts": 2,
          "retryReasons": [],
          "startAt": 1782328127601,
          "status": "passed",
          "title": "M2: retorna 500 si falla la consulta"
        },
        {
          "ancestorTitles": [
            "admin.controller unit tests",
            "exportReportesExcel"
          ],
          "duration": 1,
          "failing": false,
          "failureDetails": [],
          "failureMessages": [],
          "fullName": "admin.controller unit tests exportReportesExcel N1: genera y envia el Excel de reportes con Content-Disposition correcto",
          "invocations": 1,
          "location": null,
          "numPassingAsserts": 3,
          "retryReasons": [],
          "startAt": 1782328127602,
          "status": "passed",
          "title": "N1: genera y envia el Excel de reportes con Content-Disposition correcto"
        },
        {
          "ancestorTitles": [
            "admin.controller unit tests",
            "exportReportesExcel"
          ],
          "duration": 1,
          "failing": false,
          "failureDetails": [],
          "failureMessages": [],
          "fullName": "admin.controller unit tests exportReportesExcel N2: retorna 500 si falla la consulta",
          "invocations": 1,
          "location": null,
          "numPassingAsserts": 2,
          "retryReasons": [],
          "startAt": 1782328127603,
          "status": "passed",
          "title": "N2: retorna 500 si falla la consulta"
        },
        {
          "ancestorTitles": [
            "admin.controller unit tests",
            "exportReportesPdf"
          ],
          "duration": 14,
          "failing": false,
          "failureDetails": [],
          "failureMessages": [],
          "fullName": "admin.controller unit tests exportReportesPdf O1: genera y envia el PDF de reportes con Content-Disposition correcto",
          "invocations": 1,
          "location": null,
          "numPassingAsserts": 2,
          "retryReasons": [],
          "startAt": 1782328127604,
          "status": "passed",
          "title": "O1: genera y envia el PDF de reportes con Content-Disposition correcto"
        },
        {
          "ancestorTitles": [
            "admin.controller unit tests",
            "exportReportesPdf"
          ],
          "duration": 0,
          "failing": false,
          "failureDetails": [],
          "failureMessages": [],
          "fullName": "admin.controller unit tests exportReportesPdf O2: retorna 500 si falla la consulta",
          "invocations": 1,
          "location": null,
          "numPassingAsserts": 2,
          "retryReasons": [],
          "startAt": 1782328127619,
          "status": "passed",
          "title": "O2: retorna 500 si falla la consulta"
        },
        {
          "ancestorTitles": [
            "admin.controller unit tests",
            "exportReportesPdf"
          ],
          "duration": 1,
          "failing": false,
          "failureDetails": [],
          "failureMessages": [],
          "fullName": "admin.controller unit tests exportReportesPdf O3: agrega nota de filas truncadas cuando usuarios supera el limite de maxRows",
          "invocations": 1,
          "location": null,
          "numPassingAsserts": 1,
          "retryReasons": [],
          "startAt": 1782328127620,
          "status": "passed",
          "title": "O3: agrega nota de filas truncadas cuando usuarios supera el limite de maxRows"
        }
      ],
      "failureMessage": null
    },
    {
      "leaks": false,
      "numFailingTests": 0,
      "numPassingTests": 6,
      "numPendingTests": 0,
      "numTodoTests": 0,
      "openHandles": [],
      "perfStats": {
        "end": 1782328127857,
        "loadTestEnvironmentEnd": 1782328127684,
        "loadTestEnvironmentStart": 1782328127680,
        "runtime": 173,
        "setupAfterEnvEnd": 1782328127738,
        "setupAfterEnvStart": 1782328127738,
        "setupFilesEnd": 1782328127684,
        "setupFilesStart": 1782328127684,
        "slow": false,
        "start": 1782328127684
      },
      "skipped": false,
      "snapshot": {
        "added": 0,
        "fileDeleted": false,
        "matched": 0,
        "unchecked": 0,
        "uncheckedKeys": [],
        "unmatched": 0,
        "updated": 0
      },
      "testFilePath": "C:\\Users\\Oscar\\Documents\\GitHub\\Biblioteca-error404\\Backend\\tests\\unit\\controllers\\libro.controller.test.js",
      "testResults": [
        {
          "ancestorTitles": [
            "libro.controller unit tests",
            "getLibros"
          ],
          "duration": 0,
          "failing": false,
          "failureDetails": [],
          "failureMessages": [],
          "fullName": "libro.controller unit tests getLibros retorna lista de libros",
          "invocations": 1,
          "location": null,
          "numPassingAsserts": 2,
          "retryReasons": [],
          "startAt": 1782328127853,
          "status": "passed",
          "title": "retorna lista de libros"
        },
        {
          "ancestorTitles": [
            "libro.controller unit tests",
            "getLibroPorId"
          ],
          "duration": 0,
          "failing": false,
          "failureDetails": [],
          "failureMessages": [],
          "fullName": "libro.controller unit tests getLibroPorId retorna 404 si no existe libro",
          "invocations": 1,
          "location": null,
          "numPassingAsserts": 2,
          "retryReasons": [],
          "startAt": 1782328127854,
          "status": "passed",
          "title": "retorna 404 si no existe libro"
        },
        {
          "ancestorTitles": [
            "libro.controller unit tests",
            "crearLibro"
          ],
          "duration": 1,
          "failing": false,
          "failureDetails": [],
          "failureMessages": [],
          "fullName": "libro.controller unit tests crearLibro crea libro y retorna 201",
          "invocations": 1,
          "location": null,
          "numPassingAsserts": 3,
          "retryReasons": [],
          "startAt": 1782328127854,
          "status": "passed",
          "title": "crea libro y retorna 201"
        },
        {
          "ancestorTitles": [
            "libro.controller unit tests",
            "actualizarLibro"
          ],
          "duration": 1,
          "failing": false,
          "failureDetails": [],
          "failureMessages": [],
          "fullName": "libro.controller unit tests actualizarLibro retorna 404 si no existe el libro",
          "invocations": 1,
          "location": null,
          "numPassingAsserts": 2,
          "retryReasons": [],
          "startAt": 1782328127855,
          "status": "passed",
          "title": "retorna 404 si no existe el libro"
        },
        {
          "ancestorTitles": [
            "libro.controller unit tests",
            "actualizarLibro"
          ],
          "duration": 0,
          "failing": false,
          "failureDetails": [],
          "failureMessages": [],
          "fullName": "libro.controller unit tests actualizarLibro actualiza libro y renombra imagen si llega archivo",
          "invocations": 1,
          "location": null,
          "numPassingAsserts": 4,
          "retryReasons": [],
          "startAt": 1782328127856,
          "status": "passed",
          "title": "actualiza libro y renombra imagen si llega archivo"
        },
        {
          "ancestorTitles": [
            "libro.controller unit tests",
            "eliminarLibro"
          ],
          "duration": 1,
          "failing": false,
          "failureDetails": [],
          "failureMessages": [],
          "fullName": "libro.controller unit tests eliminarLibro elimina libro y su imagen",
          "invocations": 1,
          "location": null,
          "numPassingAsserts": 3,
          "retryReasons": [],
          "startAt": 1782328127856,
          "status": "passed",
          "title": "elimina libro y su imagen"
        }
      ],
      "failureMessage": null
    },
    {
      "leaks": false,
      "numFailingTests": 0,
      "numPassingTests": 16,
      "numPendingTests": 0,
      "numTodoTests": 0,
      "openHandles": [],
      "perfStats": {
        "end": 1782328128057,
        "loadTestEnvironmentEnd": 1782328127875,
        "loadTestEnvironmentStart": 1782328127872,
        "runtime": 182,
        "setupAfterEnvEnd": 1782328127930,
        "setupAfterEnvStart": 1782328127930,
        "setupFilesEnd": 1782328127875,
        "setupFilesStart": 1782328127875,
        "slow": false,
        "start": 1782328127875
      },
      "skipped": false,
      "snapshot": {
        "added": 0,
        "fileDeleted": false,
        "matched": 0,
        "unchecked": 0,
        "uncheckedKeys": [],
        "unmatched": 0,
        "updated": 0
      },
      "testFilePath": "C:\\Users\\Oscar\\Documents\\GitHub\\Biblioteca-error404\\Backend\\tests\\unit\\controllers\\Ejemplar.controller.test.js",
      "testResults": [
        {
          "ancestorTitles": [
            "Ejemplar.controller unit tests",
            "crearEjemplar"
          ],
          "duration": 1,
          "failing": false,
          "failureDetails": [],
          "failureMessages": [],
          "fullName": "Ejemplar.controller unit tests crearEjemplar A1: retorna 404 si el libro no existe",
          "invocations": 1,
          "location": null,
          "numPassingAsserts": 2,
          "retryReasons": [],
          "startAt": 1782328128046,
          "status": "passed",
          "title": "A1: retorna 404 si el libro no existe"
        },
        {
          "ancestorTitles": [
            "Ejemplar.controller unit tests",
            "crearEjemplar"
          ],
          "duration": 1,
          "failing": false,
          "failureDetails": [],
          "failureMessages": [],
          "fullName": "Ejemplar.controller unit tests crearEjemplar A2: crea el ejemplar y responde 201 con el objeto creado",
          "invocations": 1,
          "location": null,
          "numPassingAsserts": 3,
          "retryReasons": [],
          "startAt": 1782328128047,
          "status": "passed",
          "title": "A2: crea el ejemplar y responde 201 con el objeto creado"
        },
        {
          "ancestorTitles": [
            "Ejemplar.controller unit tests",
            "crearEjemplar"
          ],
          "duration": 1,
          "failing": false,
          "failureDetails": [],
          "failureMessages": [],
          "fullName": "Ejemplar.controller unit tests crearEjemplar A3: retorna 500 si falla la BD",
          "invocations": 1,
          "location": null,
          "numPassingAsserts": 2,
          "retryReasons": [],
          "startAt": 1782328128048,
          "status": "passed",
          "title": "A3: retorna 500 si falla la BD"
        },
        {
          "ancestorTitles": [
            "Ejemplar.controller unit tests",
            "cambiarEstado"
          ],
          "duration": 0,
          "failing": false,
          "failureDetails": [],
          "failureMessages": [],
          "fullName": "Ejemplar.controller unit tests cambiarEstado B1: retorna 400 si el estado enviado no es valido",
          "invocations": 1,
          "location": null,
          "numPassingAsserts": 2,
          "retryReasons": [],
          "startAt": 1782328128049,
          "status": "passed",
          "title": "B1: retorna 400 si el estado enviado no es valido"
        },
        {
          "ancestorTitles": [
            "Ejemplar.controller unit tests",
            "cambiarEstado"
          ],
          "duration": 0,
          "failing": false,
          "failureDetails": [],
          "failureMessages": [],
          "fullName": "Ejemplar.controller unit tests cambiarEstado B2: retorna 400 si no se envia estado ni notas",
          "invocations": 1,
          "location": null,
          "numPassingAsserts": 2,
          "retryReasons": [],
          "startAt": 1782328128050,
          "status": "passed",
          "title": "B2: retorna 400 si no se envia estado ni notas"
        },
        {
          "ancestorTitles": [
            "Ejemplar.controller unit tests",
            "cambiarEstado"
          ],
          "duration": 0,
          "failing": false,
          "failureDetails": [],
          "failureMessages": [],
          "fullName": "Ejemplar.controller unit tests cambiarEstado B3: retorna 404 si el ejemplar no existe",
          "invocations": 1,
          "location": null,
          "numPassingAsserts": 2,
          "retryReasons": [],
          "startAt": 1782328128050,
          "status": "passed",
          "title": "B3: retorna 404 si el ejemplar no existe"
        },
        {
          "ancestorTitles": [
            "Ejemplar.controller unit tests",
            "cambiarEstado"
          ],
          "duration": 0,
          "failing": false,
          "failureDetails": [],
          "failureMessages": [],
          "fullName": "Ejemplar.controller unit tests cambiarEstado B4: actualiza el ejemplar y responde con mensaje de exito",
          "invocations": 1,
          "location": null,
          "numPassingAsserts": 2,
          "retryReasons": [],
          "startAt": 1782328128051,
          "status": "passed",
          "title": "B4: actualiza el ejemplar y responde con mensaje de exito"
        },
        {
          "ancestorTitles": [
            "Ejemplar.controller unit tests",
            "cambiarEstado"
          ],
          "duration": 0,
          "failing": false,
          "failureDetails": [],
          "failureMessages": [],
          "fullName": "Ejemplar.controller unit tests cambiarEstado B5: retorna 500 si falla la BD",
          "invocations": 1,
          "location": null,
          "numPassingAsserts": 2,
          "retryReasons": [],
          "startAt": 1782328128051,
          "status": "passed",
          "title": "B5: retorna 500 si falla la BD"
        },
        {
          "ancestorTitles": [
            "Ejemplar.controller unit tests",
            "getEjemplaresPorLibro"
          ],
          "duration": 0,
          "failing": false,
          "failureDetails": [],
          "failureMessages": [],
          "fullName": "Ejemplar.controller unit tests getEjemplaresPorLibro C1: retorna ejemplares con fecha estimada si hay prestamo activo",
          "invocations": 1,
          "location": null,
          "numPassingAsserts": 1,
          "retryReasons": [],
          "startAt": 1782328128052,
          "status": "passed",
          "title": "C1: retorna ejemplares con fecha estimada si hay prestamo activo"
        },
        {
          "ancestorTitles": [
            "Ejemplar.controller unit tests",
            "getEjemplaresPorLibro"
          ],
          "duration": 1,
          "failing": false,
          "failureDetails": [],
          "failureMessages": [],
          "fullName": "Ejemplar.controller unit tests getEjemplaresPorLibro C2: fecha_devolucion_estimada es null si no hay prestamos activos",
          "invocations": 1,
          "location": null,
          "numPassingAsserts": 1,
          "retryReasons": [],
          "startAt": 1782328128052,
          "status": "passed",
          "title": "C2: fecha_devolucion_estimada es null si no hay prestamos activos"
        },
        {
          "ancestorTitles": [
            "Ejemplar.controller unit tests",
            "getEjemplaresPorLibro"
          ],
          "duration": 0,
          "failing": false,
          "failureDetails": [],
          "failureMessages": [],
          "fullName": "Ejemplar.controller unit tests getEjemplaresPorLibro C3: retorna array vacio si el libro no tiene ejemplares",
          "invocations": 1,
          "location": null,
          "numPassingAsserts": 2,
          "retryReasons": [],
          "startAt": 1782328128053,
          "status": "passed",
          "title": "C3: retorna array vacio si el libro no tiene ejemplares"
        },
        {
          "ancestorTitles": [
            "Ejemplar.controller unit tests",
            "getEjemplaresPorLibro"
          ],
          "duration": 1,
          "failing": false,
          "failureDetails": [],
          "failureMessages": [],
          "fullName": "Ejemplar.controller unit tests getEjemplaresPorLibro C4: retorna 500 si falla la consulta",
          "invocations": 1,
          "location": null,
          "numPassingAsserts": 2,
          "retryReasons": [],
          "startAt": 1782328128053,
          "status": "passed",
          "title": "C4: retorna 500 si falla la consulta"
        },
        {
          "ancestorTitles": [
            "Ejemplar.controller unit tests",
            "eliminarEjemplar"
          ],
          "duration": 0,
          "failing": false,
          "failureDetails": [],
          "failureMessages": [],
          "fullName": "Ejemplar.controller unit tests eliminarEjemplar D1: retorna 404 si el ejemplar no existe",
          "invocations": 1,
          "location": null,
          "numPassingAsserts": 2,
          "retryReasons": [],
          "startAt": 1782328128054,
          "status": "passed",
          "title": "D1: retorna 404 si el ejemplar no existe"
        },
        {
          "ancestorTitles": [
            "Ejemplar.controller unit tests",
            "eliminarEjemplar"
          ],
          "duration": 0,
          "failing": false,
          "failureDetails": [],
          "failureMessages": [],
          "fullName": "Ejemplar.controller unit tests eliminarEjemplar D2: retorna 400 si el ejemplar no esta en estado disponible",
          "invocations": 1,
          "location": null,
          "numPassingAsserts": 2,
          "retryReasons": [],
          "startAt": 1782328128055,
          "status": "passed",
          "title": "D2: retorna 400 si el ejemplar no esta en estado disponible"
        },
        {
          "ancestorTitles": [
            "Ejemplar.controller unit tests",
            "eliminarEjemplar"
          ],
          "duration": 0,
          "failing": false,
          "failureDetails": [],
          "failureMessages": [],
          "fullName": "Ejemplar.controller unit tests eliminarEjemplar D3: elimina el ejemplar disponible y responde con mensaje de exito",
          "invocations": 1,
          "location": null,
          "numPassingAsserts": 2,
          "retryReasons": [],
          "startAt": 1782328128055,
          "status": "passed",
          "title": "D3: elimina el ejemplar disponible y responde con mensaje de exito"
        },
        {
          "ancestorTitles": [
            "Ejemplar.controller unit tests",
            "eliminarEjemplar"
          ],
          "duration": 0,
          "failing": false,
          "failureDetails": [],
          "failureMessages": [],
          "fullName": "Ejemplar.controller unit tests eliminarEjemplar D4: retorna 500 si falla la BD",
          "invocations": 1,
          "location": null,
          "numPassingAsserts": 2,
          "retryReasons": [],
          "startAt": 1782328128056,
          "status": "passed",
          "title": "D4: retorna 500 si falla la BD"
        }
      ],
      "failureMessage": null
    },
    {
      "leaks": false,
      "numFailingTests": 0,
      "numPassingTests": 9,
      "numPendingTests": 0,
      "numTodoTests": 0,
      "openHandles": [],
      "perfStats": {
        "end": 1782328128192,
        "loadTestEnvironmentEnd": 1782328128074,
        "loadTestEnvironmentStart": 1782328128071,
        "runtime": 118,
        "setupAfterEnvEnd": 1782328128126,
        "setupAfterEnvStart": 1782328128126,
        "setupFilesEnd": 1782328128074,
        "setupFilesStart": 1782328128074,
        "slow": false,
        "start": 1782328128074
      },
      "skipped": false,
      "snapshot": {
        "added": 0,
        "fileDeleted": false,
        "matched": 0,
        "unchecked": 0,
        "uncheckedKeys": [],
        "unmatched": 0,
        "updated": 0
      },
      "testFilePath": "C:\\Users\\Oscar\\Documents\\GitHub\\Biblioteca-error404\\Backend\\tests\\unit\\middlewares\\auth.middleware.test.js",
      "testResults": [
        {
          "ancestorTitles": [
            "authenticate"
          ],
          "duration": 1,
          "failing": false,
          "failureDetails": [],
          "failureMessages": [],
          "fullName": "authenticate retorna 401 si no se envia token",
          "invocations": 1,
          "location": null,
          "numPassingAsserts": 3,
          "retryReasons": [],
          "startAt": 1782328128167,
          "status": "passed",
          "title": "retorna 401 si no se envia token"
        },
        {
          "ancestorTitles": [
            "authenticate"
          ],
          "duration": 0,
          "failing": false,
          "failureDetails": [],
          "failureMessages": [],
          "fullName": "authenticate extrae token del header Bearer y llama next con req.user cargado",
          "invocations": 1,
          "location": null,
          "numPassingAsserts": 5,
          "retryReasons": [],
          "startAt": 1782328128169,
          "status": "passed",
          "title": "extrae token del header Bearer y llama next con req.user cargado"
        },
        {
          "ancestorTitles": [
            "authenticate"
          ],
          "duration": 0,
          "failing": false,
          "failureDetails": [],
          "failureMessages": [],
          "fullName": "authenticate extrae token del query string y llama next con req.user cargado",
          "invocations": 1,
          "location": null,
          "numPassingAsserts": 3,
          "retryReasons": [],
          "startAt": 1782328128170,
          "status": "passed",
          "title": "extrae token del query string y llama next con req.user cargado"
        },
        {
          "ancestorTitles": [
            "authenticate"
          ],
          "duration": 1,
          "failing": false,
          "failureDetails": [],
          "failureMessages": [],
          "fullName": "authenticate retorna 401 si el usuario del token no existe en la BD",
          "invocations": 1,
          "location": null,
          "numPassingAsserts": 3,
          "retryReasons": [],
          "startAt": 1782328128170,
          "status": "passed",
          "title": "retorna 401 si el usuario del token no existe en la BD"
        },
        {
          "ancestorTitles": [
            "authenticate"
          ],
          "duration": 18,
          "failing": false,
          "failureDetails": [],
          "failureMessages": [],
          "fullName": "authenticate retorna 401 si el token es invalido o esta expirado",
          "invocations": 1,
          "location": null,
          "numPassingAsserts": 3,
          "retryReasons": [],
          "startAt": 1782328128171,
          "status": "passed",
          "title": "retorna 401 si el token es invalido o esta expirado"
        },
        {
          "ancestorTitles": [
            "authorize"
          ],
          "duration": 0,
          "failing": false,
          "failureDetails": [],
          "failureMessages": [],
          "fullName": "authorize retorna 401 si req.user no esta definido",
          "invocations": 1,
          "location": null,
          "numPassingAsserts": 3,
          "retryReasons": [],
          "startAt": 1782328128189,
          "status": "passed",
          "title": "retorna 401 si req.user no esta definido"
        },
        {
          "ancestorTitles": [
            "authorize"
          ],
          "duration": 0,
          "failing": false,
          "failureDetails": [],
          "failureMessages": [],
          "fullName": "authorize retorna 403 si el rol del usuario no tiene permiso",
          "invocations": 1,
          "location": null,
          "numPassingAsserts": 3,
          "retryReasons": [],
          "startAt": 1782328128190,
          "status": "passed",
          "title": "retorna 403 si el rol del usuario no tiene permiso"
        },
        {
          "ancestorTitles": [
            "authorize"
          ],
          "duration": 1,
          "failing": false,
          "failureDetails": [],
          "failureMessages": [],
          "fullName": "authorize llama next si el rol del usuario esta permitido",
          "invocations": 1,
          "location": null,
          "numPassingAsserts": 2,
          "retryReasons": [],
          "startAt": 1782328128190,
          "status": "passed",
          "title": "llama next si el rol del usuario esta permitido"
        },
        {
          "ancestorTitles": [
            "authorize"
          ],
          "duration": 0,
          "failing": false,
          "failureDetails": [],
          "failureMessages": [],
          "fullName": "authorize llama next si hay un solo rol permitido y el usuario lo tiene",
          "invocations": 1,
          "location": null,
          "numPassingAsserts": 2,
          "retryReasons": [],
          "startAt": 1782328128191,
          "status": "passed",
          "title": "llama next si hay un solo rol permitido y el usuario lo tiene"
        }
      ],
      "failureMessage": null
    },
    {
      "leaks": false,
      "numFailingTests": 0,
      "numPassingTests": 34,
      "numPendingTests": 0,
      "numTodoTests": 0,
      "openHandles": [],
      "perfStats": {
        "end": 1782328128311,
        "loadTestEnvironmentEnd": 1782328128211,
        "loadTestEnvironmentStart": 1782328128208,
        "runtime": 100,
        "setupAfterEnvEnd": 1782328128262,
        "setupAfterEnvStart": 1782328128262,
        "setupFilesEnd": 1782328128211,
        "setupFilesStart": 1782328128211,
        "slow": false,
        "start": 1782328128211
      },
      "skipped": false,
      "snapshot": {
        "added": 0,
        "fileDeleted": false,
        "matched": 0,
        "unchecked": 0,
        "uncheckedKeys": [],
        "unmatched": 0,
        "updated": 0
      },
      "testFilePath": "C:\\Users\\Oscar\\Documents\\GitHub\\Biblioteca-error404\\Backend\\tests\\unit\\controllers\\reservation.controller.test.js",
      "testResults": [
        {
          "ancestorTitles": [
            "reservation.controller unit tests",
            "listarReservas"
          ],
          "duration": 1,
          "failing": false,
          "failureDetails": [],
          "failureMessages": [],
          "fullName": "reservation.controller unit tests listarReservas A1: retorna lista de reservas",
          "invocations": 1,
          "location": null,
          "numPassingAsserts": 2,
          "retryReasons": [],
          "startAt": 1782328128270,
          "status": "passed",
          "title": "A1: retorna lista de reservas"
        },
        {
          "ancestorTitles": [
            "reservation.controller unit tests",
            "listarReservas"
          ],
          "duration": 18,
          "failing": false,
          "failureDetails": [],
          "failureMessages": [],
          "fullName": "reservation.controller unit tests listarReservas A2: retorna 500 si falla findAll",
          "invocations": 1,
          "location": null,
          "numPassingAsserts": 2,
          "retryReasons": [],
          "startAt": 1782328128271,
          "status": "passed",
          "title": "A2: retorna 500 si falla findAll"
        },
        {
          "ancestorTitles": [
            "reservation.controller unit tests",
            "listarReservasPendientes"
          ],
          "duration": 1,
          "failing": false,
          "failureDetails": [],
          "failureMessages": [],
          "fullName": "reservation.controller unit tests listarReservasPendientes B1: retorna solo reservas pendientes",
          "invocations": 1,
          "location": null,
          "numPassingAsserts": 2,
          "retryReasons": [],
          "startAt": 1782328128289,
          "status": "passed",
          "title": "B1: retorna solo reservas pendientes"
        },
        {
          "ancestorTitles": [
            "reservation.controller unit tests",
            "listarReservasPendientes"
          ],
          "duration": 1,
          "failing": false,
          "failureDetails": [],
          "failureMessages": [],
          "fullName": "reservation.controller unit tests listarReservasPendientes B2: retorna 500 en error",
          "invocations": 1,
          "location": null,
          "numPassingAsserts": 2,
          "retryReasons": [],
          "startAt": 1782328128290,
          "status": "passed",
          "title": "B2: retorna 500 en error"
        },
        {
          "ancestorTitles": [
            "reservation.controller unit tests",
            "listarReservasPorUsuario"
          ],
          "duration": 0,
          "failing": false,
          "failureDetails": [],
          "failureMessages": [],
          "fullName": "reservation.controller unit tests listarReservasPorUsuario C1: retorna reservas del usuario indicado",
          "invocations": 1,
          "location": null,
          "numPassingAsserts": 2,
          "retryReasons": [],
          "startAt": 1782328128291,
          "status": "passed",
          "title": "C1: retorna reservas del usuario indicado"
        },
        {
          "ancestorTitles": [
            "reservation.controller unit tests",
            "listarReservasPorUsuario"
          ],
          "duration": 0,
          "failing": false,
          "failureDetails": [],
          "failureMessages": [],
          "fullName": "reservation.controller unit tests listarReservasPorUsuario C2: retorna 500 en error",
          "invocations": 1,
          "location": null,
          "numPassingAsserts": 2,
          "retryReasons": [],
          "startAt": 1782328128292,
          "status": "passed",
          "title": "C2: retorna 500 en error"
        },
        {
          "ancestorTitles": [
            "reservation.controller unit tests",
            "obtenerReserva"
          ],
          "duration": 1,
          "failing": false,
          "failureDetails": [],
          "failureMessages": [],
          "fullName": "reservation.controller unit tests obtenerReserva D1: retorna reserva por id",
          "invocations": 1,
          "location": null,
          "numPassingAsserts": 2,
          "retryReasons": [],
          "startAt": 1782328128292,
          "status": "passed",
          "title": "D1: retorna reserva por id"
        },
        {
          "ancestorTitles": [
            "reservation.controller unit tests",
            "obtenerReserva"
          ],
          "duration": 0,
          "failing": false,
          "failureDetails": [],
          "failureMessages": [],
          "fullName": "reservation.controller unit tests obtenerReserva D2: retorna 404 si no existe",
          "invocations": 1,
          "location": null,
          "numPassingAsserts": 2,
          "retryReasons": [],
          "startAt": 1782328128293,
          "status": "passed",
          "title": "D2: retorna 404 si no existe"
        },
        {
          "ancestorTitles": [
            "reservation.controller unit tests",
            "obtenerReserva"
          ],
          "duration": 1,
          "failing": false,
          "failureDetails": [],
          "failureMessages": [],
          "fullName": "reservation.controller unit tests obtenerReserva D3: retorna 500 si falla",
          "invocations": 1,
          "location": null,
          "numPassingAsserts": 2,
          "retryReasons": [],
          "startAt": 1782328128293,
          "status": "passed",
          "title": "D3: retorna 500 si falla"
        },
        {
          "ancestorTitles": [
            "reservation.controller unit tests",
            "crearReserva"
          ],
          "duration": 1,
          "failing": false,
          "failureDetails": [],
          "failureMessages": [],
          "fullName": "reservation.controller unit tests crearReserva E1: retorna 400 si faltan libro_id o usuario_id",
          "invocations": 1,
          "location": null,
          "numPassingAsserts": 2,
          "retryReasons": [],
          "startAt": 1782328128294,
          "status": "passed",
          "title": "E1: retorna 400 si faltan libro_id o usuario_id"
        },
        {
          "ancestorTitles": [
            "reservation.controller unit tests",
            "crearReserva"
          ],
          "duration": 1,
          "failing": false,
          "failureDetails": [],
          "failureMessages": [],
          "fullName": "reservation.controller unit tests crearReserva E2: retorna 404 si libro no existe",
          "invocations": 1,
          "location": null,
          "numPassingAsserts": 2,
          "retryReasons": [],
          "startAt": 1782328128295,
          "status": "passed",
          "title": "E2: retorna 404 si libro no existe"
        },
        {
          "ancestorTitles": [
            "reservation.controller unit tests",
            "crearReserva"
          ],
          "duration": 0,
          "failing": false,
          "failureDetails": [],
          "failureMessages": [],
          "fullName": "reservation.controller unit tests crearReserva E3: retorna 404 si usuario no existe",
          "invocations": 1,
          "location": null,
          "numPassingAsserts": 2,
          "retryReasons": [],
          "startAt": 1782328128296,
          "status": "passed",
          "title": "E3: retorna 404 si usuario no existe"
        },
        {
          "ancestorTitles": [
            "reservation.controller unit tests",
            "crearReserva"
          ],
          "duration": 1,
          "failing": false,
          "failureDetails": [],
          "failureMessages": [],
          "fullName": "reservation.controller unit tests crearReserva E4: retorna 400 si usuario alcanzo max_prestamos",
          "invocations": 1,
          "location": null,
          "numPassingAsserts": 2,
          "retryReasons": [],
          "startAt": 1782328128296,
          "status": "passed",
          "title": "E4: retorna 400 si usuario alcanzo max_prestamos"
        },
        {
          "ancestorTitles": [
            "reservation.controller unit tests",
            "crearReserva"
          ],
          "duration": 0,
          "failing": false,
          "failureDetails": [],
          "failureMessages": [],
          "fullName": "reservation.controller unit tests crearReserva E5: retorna 400 si hay ejemplares disponibles y no solicitar_prestamo",
          "invocations": 1,
          "location": null,
          "numPassingAsserts": 2,
          "retryReasons": [],
          "startAt": 1782328128297,
          "status": "passed",
          "title": "E5: retorna 400 si hay ejemplares disponibles y no solicitar_prestamo"
        },
        {
          "ancestorTitles": [
            "reservation.controller unit tests",
            "crearReserva"
          ],
          "duration": 0,
          "failing": false,
          "failureDetails": [],
          "failureMessages": [],
[...]
          "numPassingAsserts": 2,
          "retryReasons": [],
          "startAt": 1782328128403,
          "status": "passed",
          "title": "A2: retorna 500 si falla la BD"
        },
        {
          "ancestorTitles": [
            "user.controller unit tests",
            "obtenerUsuario"
          ],
          "duration": 0,
          "failing": false,
          "failureDetails": [],
          "failureMessages": [],
          "fullName": "user.controller unit tests obtenerUsuario B1: retorna 404 si el usuario no existe",
          "invocations": 1,
          "location": null,
          "numPassingAsserts": 2,
          "retryReasons": [],
          "startAt": 1782328128415,
          "status": "passed",
          "title": "B1: retorna 404 si el usuario no existe"
        },
        {
          "ancestorTitles": [
            "user.controller unit tests",
            "obtenerUsuario"
          ],
          "duration": 1,
          "failing": false,
          "failureDetails": [],
          "failureMessages": [],
          "fullName": "user.controller unit tests obtenerUsuario B2: retorna el usuario encontrado",
          "invocations": 1,
          "location": null,
          "numPassingAsserts": 1,
          "retryReasons": [],
          "startAt": 1782328128415,
          "status": "passed",
          "title": "B2: retorna el usuario encontrado"
        },
        {
          "ancestorTitles": [
            "user.controller unit tests",
            "obtenerUsuario"
          ],
          "duration": 1,
          "failing": false,
          "failureDetails": [],
          "failureMessages": [],
          "fullName": "user.controller unit tests obtenerUsuario B3: retorna 500 si falla la BD",
          "invocations": 1,
          "location": null,
          "numPassingAsserts": 2,
          "retryReasons": [],
          "startAt": 1782328128416,
          "status": "passed",
          "title": "B3: retorna 500 si falla la BD"
        },
        {
          "ancestorTitles": [
            "user.controller unit tests",
            "crearUsuario"
          ],
          "duration": 0,
          "failing": false,
          "failureDetails": [],
          "failureMessages": [],
          "fullName": "user.controller unit tests crearUsuario C1: retorna 400 si faltan campos requeridos",
          "invocations": 1,
          "location": null,
          "numPassingAsserts": 2,
          "retryReasons": [],
          "startAt": 1782328128417,
          "status": "passed",
          "title": "C1: retorna 400 si faltan campos requeridos"
        },
        {
          "ancestorTitles": [
            "user.controller unit tests",
            "crearUsuario"
          ],
          "duration": 0,
          "failing": false,
          "failureDetails": [],
          "failureMessages": [],
          "fullName": "user.controller unit tests crearUsuario C2: retorna 404 si el rol no existe",
          "invocations": 1,
          "location": null,
          "numPassingAsserts": 2,
          "retryReasons": [],
          "startAt": 1782328128418,
          "status": "passed",
          "title": "C2: retorna 404 si el rol no existe"
        },
        {
          "ancestorTitles": [
            "user.controller unit tests",
            "crearUsuario"
          ],
          "duration": 1,
          "failing": false,
          "failureDetails": [],
          "failureMessages": [],
          "fullName": "user.controller unit tests crearUsuario C3: crea el usuario con password hasheada y responde 201",
          "invocations": 1,
          "location": null,
          "numPassingAsserts": 5,
          "retryReasons": [],
          "startAt": 1782328128418,
          "status": "passed",
          "title": "C3: crea el usuario con password hasheada y responde 201"
        },
        {
          "ancestorTitles": [
            "user.controller unit tests",
            "crearUsuario"
          ],
          "duration": 1,
          "failing": false,
          "failureDetails": [],
          "failureMessages": [],
          "fullName": "user.controller unit tests crearUsuario C4: retorna 500 si falla la BD",
          "invocations": 1,
          "location": null,
          "numPassingAsserts": 2,
          "retryReasons": [],
          "startAt": 1782328128419,
          "status": "passed",
          "title": "C4: retorna 500 si falla la BD"
        },
        {
          "ancestorTitles": [
            "user.controller unit tests",
            "actualizarUsuario"
          ],
          "duration": 1,
          "failing": false,
          "failureDetails": [],
          "failureMessages": [],
          "fullName": "user.controller unit tests actualizarUsuario D1: retorna 404 si el usuario no existe",
          "invocations": 1,
          "location": null,
          "numPassingAsserts": 2,
          "retryReasons": [],
          "startAt": 1782328128420,
          "status": "passed",
          "title": "D1: retorna 404 si el usuario no existe"
        },
        {
          "ancestorTitles": [
            "user.controller unit tests",
            "actualizarUsuario"
          ],
          "duration": 1,
          "failing": false,
          "failureDetails": [],
          "failureMessages": [],
          "fullName": "user.controller unit tests actualizarUsuario D2: actualiza el usuario y regenera la matricula",
          "invocations": 1,
          "location": null,
          "numPassingAsserts": 3,
          "retryReasons": [],
          "startAt": 1782328128421,
          "status": "passed",
          "title": "D2: actualiza el usuario y regenera la matricula"
        },
        {
          "ancestorTitles": [
            "user.controller unit tests",
            "actualizarUsuario"
          ],
          "duration": 1,
          "failing": false,
          "failureDetails": [],
          "failureMessages": [],
          "fullName": "user.controller unit tests actualizarUsuario D3: retorna 500 si falla la BD",
          "invocations": 1,
          "location": null,
          "numPassingAsserts": 2,
          "retryReasons": [],
          "startAt": 1782328128422,
          "status": "passed",
          "title": "D3: retorna 500 si falla la BD"
        },
        {
          "ancestorTitles": [
            "user.controller unit tests",
            "eliminarUsuario"
          ],
          "duration": 1,
          "failing": false,
          "failureDetails": [],
          "failureMessages": [],
          "fullName": "user.controller unit tests eliminarUsuario E1: retorna 404 si el usuario no existe",
          "invocations": 1,
          "location": null,
          "numPassingAsserts": 2,
          "retryReasons": [],
          "startAt": 1782328128423,
          "status": "passed",
          "title": "E1: retorna 404 si el usuario no existe"
        },
        {
          "ancestorTitles": [
            "user.controller unit tests",
            "eliminarUsuario"
          ],
          "duration": 0,
          "failing": false,
          "failureDetails": [],
          "failureMessages": [],
          "fullName": "user.controller unit tests eliminarUsuario E2: elimina el usuario y responde con mensaje de exito",
          "invocations": 1,
          "location": null,
          "numPassingAsserts": 2,
          "retryReasons": [],
          "startAt": 1782328128424,
          "status": "passed",
          "title": "E2: elimina el usuario y responde con mensaje de exito"
        },
        {
          "ancestorTitles": [
            "user.controller unit tests",
            "eliminarUsuario"
          ],
          "duration": 1,
          "failing": false,
          "failureDetails": [],
          "failureMessages": [],
          "fullName": "user.controller unit tests eliminarUsuario E3: retorna 500 si falla la BD",
          "invocations": 1,
          "location": null,
          "numPassingAsserts": 2,
          "retryReasons": [],
          "startAt": 1782328128424,
          "status": "passed",
          "title": "E3: retorna 500 si falla la BD"
        },
        {
          "ancestorTitles": [
            "user.controller unit tests",
            "hacerAdmin"
          ],
          "duration": 1,
          "failing": false,
          "failureDetails": [],
          "failureMessages": [],
          "fullName": "user.controller unit tests hacerAdmin F1: retorna 404 si el usuario no existe",
          "invocations": 1,
          "location": null,
          "numPassingAsserts": 2,
          "retryReasons": [],
          "startAt": 1782328128425,
          "status": "passed",
          "title": "F1: retorna 404 si el usuario no existe"
        },
        {
          "ancestorTitles": [
            "user.controller unit tests",
            "hacerAdmin"
          ],
          "duration": 0,
          "failing": false,
          "failureDetails": [],
          "failureMessages": [],
          "fullName": "user.controller unit tests hacerAdmin F2: retorna 400 si el usuario ya es administrador",
          "invocations": 1,
          "location": null,
          "numPassingAsserts": 2,
          "retryReasons": [],
          "startAt": 1782328128426,
          "status": "passed",
          "title": "F2: retorna 400 si el usuario ya es administrador"
        },
        {
          "ancestorTitles": [
            "user.controller unit tests",
            "hacerAdmin"
          ],
          "duration": 1,
          "failing": false,
          "failureDetails": [],
          "failureMessages": [],
          "fullName": "user.controller unit tests hacerAdmin F3: actualiza el rol a administrador y responde con el usuario",
          "invocations": 1,
          "location": null,
          "numPassingAsserts": 2,
          "retryReasons": [],
          "startAt": 1782328128426,
          "status": "passed",
          "title": "F3: actualiza el rol a administrador y responde con el usuario"
        },
        {
          "ancestorTitles": [
            "user.controller unit tests",
            "hacerAdmin"
          ],
          "duration": 1,
          "failing": false,
          "failureDetails": [],
          "failureMessages": [],
          "fullName": "user.controller unit tests hacerAdmin F4: retorna 500 si falla la BD",
          "invocations": 1,
          "location": null,
          "numPassingAsserts": 2,
          "retryReasons": [],
          "startAt": 1782328128427,
          "status": "passed",
          "title": "F4: retorna 500 si falla la BD"
        },
        {
          "ancestorTitles": [
            "user.controller unit tests",
            "hacerBibliotecario"
          ],
          "duration": 0,
          "failing": false,
          "failureDetails": [],
          "failureMessages": [],
          "fullName": "user.controller unit tests hacerBibliotecario G1: retorna 404 si el usuario no existe",
          "invocations": 1,
          "location": null,
          "numPassingAsserts": 2,
          "retryReasons": [],
          "startAt": 1782328128428,
          "status": "passed",
          "title": "G1: retorna 404 si el usuario no existe"
        },
        {
          "ancestorTitles": [
            "user.controller unit tests",
            "hacerBibliotecario"
          ],
          "duration": 1,
          "failing": false,
          "failureDetails": [],
          "failureMessages": [],
          "fullName": "user.controller unit tests hacerBibliotecario G2: retorna 400 si el usuario ya es bibliotecario",
          "invocations": 1,
          "location": null,
          "numPassingAsserts": 2,
          "retryReasons": [],
          "startAt": 1782328128428,
          "status": "passed",
          "title": "G2: retorna 400 si el usuario ya es bibliotecario"
        },
        {
          "ancestorTitles": [
            "user.controller unit tests",
            "hacerBibliotecario"
          ],
          "duration": 0,
          "failing": false,
          "failureDetails": [],
          "failureMessages": [],
          "fullName": "user.controller unit tests hacerBibliotecario G3: actualiza el rol a bibliotecario con nueva matricula",
          "invocations": 1,
          "location": null,
          "numPassingAsserts": 3,
          "retryReasons": [],
          "startAt": 1782328128429,
          "status": "passed",
          "title": "G3: actualiza el rol a bibliotecario con nueva matricula"
        },
        {
          "ancestorTitles": [
            "user.controller unit tests",
            "hacerBibliotecario"
          ],
          "duration": 0,
          "failing": false,
          "failureDetails": [],
          "failureMessages": [],
          "fullName": "user.controller unit tests hacerBibliotecario G4: retorna 500 si falla la BD",
          "invocations": 1,
          "location": null,
          "numPassingAsserts": 2,
          "retryReasons": [],
          "startAt": 1782328128430,
          "status": "passed",
          "title": "G4: retorna 500 si falla la BD"
        }
      ],
      "failureMessage": null
    },
    {
      "leaks": false,
      "numFailingTests": 0,
      "numPassingTests": 5,
      "numPendingTests": 0,
      "numTodoTests": 0,
      "openHandles": [],
      "perfStats": {
        "end": 1782328128521,
        "loadTestEnvironmentEnd": 1782328128461,
        "loadTestEnvironmentStart": 1782328128458,
        "runtime": 60,
        "setupAfterEnvEnd": 1782328128511,
        "setupAfterEnvStart": 1782328128511,
        "setupFilesEnd": 1782328128461,
        "setupFilesStart": 1782328128461,
        "slow": false,
        "start": 1782328128461
      },
      "skipped": false,
      "snapshot": {
        "added": 0,
        "fileDeleted": false,
        "matched": 0,
        "unchecked": 0,
        "uncheckedKeys": [],
        "unmatched": 0,
        "updated": 0
      },
      "testFilePath": "C:\\Users\\Oscar\\Documents\\GitHub\\Biblioteca-error404\\Backend\\tests\\unit\\controllers\\auth.controller.test.js",
      "testResults": [
        {
          "ancestorTitles": [
            "auth.controller unit tests",
            "login"
          ],
          "duration": 1,
          "failing": false,
          "failureDetails": [],
          "failureMessages": [],
          "fullName": "auth.controller unit tests login retorna 400 si faltan correo o password",
          "invocations": 1,
          "location": null,
          "numPassingAsserts": 2,
          "retryReasons": [],
          "startAt": 1782328128517,
          "status": "passed",
          "title": "retorna 400 si faltan correo o password"
        },
        {
          "ancestorTitles": [
            "auth.controller unit tests",
            "login"
          ],
          "duration": 0,
          "failing": false,
          "failureDetails": [],
          "failureMessages": [],
          "fullName": "auth.controller unit tests login retorna 401 si el usuario no existe",
          "invocations": 1,
          "location": null,
          "numPassingAsserts": 2,
          "retryReasons": [],
          "startAt": 1782328128518,
          "status": "passed",
          "title": "retorna 401 si el usuario no existe"
        },
        {
          "ancestorTitles": [
            "auth.controller unit tests",
            "login"
          ],
          "duration": 0,
          "failing": false,
          "failureDetails": [],
          "failureMessages": [],
          "fullName": "auth.controller unit tests login retorna 200 y token si las credenciales son válidas",
          "invocations": 1,
          "location": null,
          "numPassingAsserts": 3,
          "retryReasons": [],
          "startAt": 1782328128519,
          "status": "passed",
          "title": "retorna 200 y token si las credenciales son válidas"
        },
        {
          "ancestorTitles": [
            "auth.controller unit tests",
            "register"
          ],
          "duration": 1,
          "failing": false,
          "failureDetails": [],
          "failureMessages": [],
          "fullName": "auth.controller unit tests register retorna 400 si faltan campos requeridos",
          "invocations": 1,
          "location": null,
          "numPassingAsserts": 2,
          "retryReasons": [],
          "startAt": 1782328128519,
          "status": "passed",
          "title": "retorna 400 si faltan campos requeridos"
        },
        {
          "ancestorTitles": [
            "auth.controller unit tests",
            "register"
          ],
          "duration": 0,
          "failing": false,
          "failureDetails": [],
          "failureMessages": [],
          "fullName": "auth.controller unit tests register inyecta rol_id y max_prestamos y delega en crearUsuario",
          "invocations": 1,
          "location": null,
          "numPassingAsserts": 3,
          "retryReasons": [],
          "startAt": 1782328128520,
          "status": "passed",
          "title": "inyecta rol_id y max_prestamos y delega en crearUsuario"
        }
      ],
      "failureMessage": null
    },
    {
      "leaks": false,
      "numFailingTests": 0,
      "numPassingTests": 3,
      "numPendingTests": 0,
      "numTodoTests": 0,
      "openHandles": [],
      "perfStats": {
        "end": 1782328128597,
        "loadTestEnvironmentEnd": 1782328128538,
        "loadTestEnvironmentStart": 1782328128535,
        "runtime": 59,
        "setupAfterEnvEnd": 1782328128588,
        "setupAfterEnvStart": 1782328128588,
        "setupFilesEnd": 1782328128538,
        "setupFilesStart": 1782328128538,
        "slow": false,
        "start": 1782328128538
      },
      "skipped": false,
      "snapshot": {
        "added": 0,
        "fileDeleted": false,
        "matched": 0,
        "unchecked": 0,
        "uncheckedKeys": [],
        "unmatched": 0,
        "updated": 0
      },
      "testFilePath": "C:\\Users\\Oscar\\Documents\\GitHub\\Biblioteca-error404\\Backend\\tests\\unit\\controllers\\catalogo.controller.test.js",
      "testResults": [
        {
          "ancestorTitles": [
            "catalogo.controller unit tests",
            "getMasSolicitados"
          ],
          "duration": 1,
          "failing": false,
          "failureDetails": [],
          "failureMessages": [],
          "fullName": "catalogo.controller unit tests getMasSolicitados A1: retorna lista de libros mas solicitados",
          "invocations": 1,
          "location": null,
          "numPassingAsserts": 2,
          "retryReasons": [],
          "startAt": 1782328128594,
          "status": "passed",
          "title": "A1: retorna lista de libros mas solicitados"
        },
        {
          "ancestorTitles": [
            "catalogo.controller unit tests",
            "getMasSolicitados"
          ],
          "duration": 0,
          "failing": false,
          "failureDetails": [],
          "failureMessages": [],
          "fullName": "catalogo.controller unit tests getMasSolicitados A2: retorna array vacio si no hay libros",
          "invocations": 1,
          "location": null,
          "numPassingAsserts": 1,
          "retryReasons": [],
          "startAt": 1782328128595,
          "status": "passed",
          "title": "A2: retorna array vacio si no hay libros"
        },
        {
          "ancestorTitles": [
            "catalogo.controller unit tests",
            "getMasSolicitados"
          ],
          "duration": 0,
          "failing": false,
          "failureDetails": [],
          "failureMessages": [],
          "fullName": "catalogo.controller unit tests getMasSolicitados A3: retorna 500 si falla la consulta a la BD",
          "invocations": 1,
          "location": null,
          "numPassingAsserts": 2,
          "retryReasons": [],
          "startAt": 1782328128596,
          "status": "passed",
          "title": "A3: retorna 500 si falla la consulta a la BD"
        }
      ],
      "failureMessage": null
    }
  ],
  "wasInterrupted": false
}