{
  "numFailedTestSuites": 0,
  "numFailedTests": 0,
  "numPassedTestSuites": 9,
  "numPassedTests": 159,
  "numPendingTestSuites": 0,
  "numPendingTests": 0,
  "numRuntimeErrorTestSuites": 0,
  "numTodoTests": 0,
  "numTotalTestSuites": 9,
  "numTotalTests": 159,
  "openHandles": [],
  "snapshot": {
    "added": 0,
    "didUpdate": false,
    "failure": false,
    "filesAdded": 0,
    "filesRemoved": 0,
    "filesRemovedList": [],
    "filesUnmatched": 0,
    "filesUpdated": 0,
    "matched": 0,
    "total": 0,
    "unchecked": 0,
    "uncheckedKeysByFile": [],
    "unmatched": 0,
    "updated": 0
  },
  "startTime": 1782326054613,
  "success": false,
  "testResults": [
    {
      "leaks": false,
      "numFailingTests": 0,
      "numPassingTests": 3,
      "numPendingTests": 0,
      "numTodoTests": 0,
      "openHandles": [],
      "perfStats": {
        "end": 1782326055629,
        "loadTestEnvironmentEnd": 1782326055158,
        "loadTestEnvironmentStart": 1782326054859,
        "runtime": 470,
        "setupAfterEnvEnd": 1782326055501,
        "setupAfterEnvStart": 1782326055501,
        "setupFilesEnd": 1782326055159,
        "setupFilesStart": 1782326055159,
        "slow": false,
        "start": 1782326055159
      },
      "skipped": false,
      "snapshot": {
        "added": 0,
        "fileDeleted": false,
        "matched": 0,
        "unchecked": 0,
        "uncheckedKeys": [],
        "unmatched": 0,
        "updated": 0
      },
      "testFilePath": "C:\\Users\\Oscar\\Documents\\GitHub\\Biblioteca-error404\\Backend\\tests\\unit\\controllers\\catalogo.controller.test.js",
      "testResults": [
        {
          "ancestorTitles": [
            "catalogo.controller unit tests",
            "getMasSolicitados"
          ],
          "duration": 7,
          "failing": false,
          "failureDetails": [],
          "failureMessages": [],
          "fullName": "catalogo.controller unit tests getMasSolicitados A1: retorna lista de libros mas solicitados",
          "invocations": 1,
          "location": null,
          "numPassingAsserts": 2,
          "retryReasons": [],
          "startAt": 1782326055618,
          "status": "passed",
          "title": "A1: retorna lista de libros mas solicitados"
        },
        {
          "ancestorTitles": [
            "catalogo.controller unit tests",
            "getMasSolicitados"
          ],
          "duration": 1,
          "failing": false,
          "failureDetails": [],
          "failureMessages": [],
          "fullName": "catalogo.controller unit tests getMasSolicitados A2: retorna array vacio si no hay libros",
          "invocations": 1,
          "location": null,
          "numPassingAsserts": 1,
          "retryReasons": [],
          "startAt": 1782326055626,
          "status": "passed",
          "title": "A2: retorna array vacio si no hay libros"
        },
        {
          "ancestorTitles": [
            "catalogo.controller unit tests",
            "getMasSolicitados"
          ],
          "duration": 1,
          "failing": false,
          "failureDetails": [],
          "failureMessages": [],
          "fullName": "catalogo.controller unit tests getMasSolicitados A3: retorna 500 si falla la consulta a la BD",
          "invocations": 1,
          "location": null,
          "numPassingAsserts": 2,
          "retryReasons": [],
          "startAt": 1782326055627,
          "status": "passed",
          "title": "A3: retorna 500 si falla la consulta a la BD"
        }
      ],
      "failureMessage": null
    },
    {
      "leaks": false,
      "numFailingTests": 0,
      "numPassingTests": 5,
      "numPendingTests": 0,
      "numTodoTests": 0,
      "openHandles": [],
      "perfStats": {
        "end": 1782326055635,
        "loadTestEnvironmentEnd": 1782326055159,
        "loadTestEnvironmentStart": 1782326054852,
        "runtime": 475,
        "setupAfterEnvEnd": 1782326055502,
        "setupAfterEnvStart": 1782326055502,
        "setupFilesEnd": 1782326055160,
        "setupFilesStart": 1782326055160,
        "slow": false,
        "start": 1782326055160
      },
      "skipped": false,
      "snapshot": {
        "added": 0,
        "fileDeleted": false,
        "matched": 0,
        "unchecked": 0,
        "uncheckedKeys": [],
        "unmatched": 0,
        "updated": 0
      },
      "testFilePath": "C:\\Users\\Oscar\\Documents\\GitHub\\Biblioteca-error404\\Backend\\tests\\unit\\controllers\\auth.controller.test.js",
      "testResults": [
        {
          "ancestorTitles": [
            "auth.controller unit tests",
            "login"
          ],
          "duration": 7,
          "failing": false,
          "failureDetails": [],
          "failureMessages": [],
          "fullName": "auth.controller unit tests login retorna 400 si faltan correo o password",
          "invocations": 1,
          "location": null,
          "numPassingAsserts": 2,
          "retryReasons": [],
          "startAt": 1782326055620,
          "status": "passed",
          "title": "retorna 400 si faltan correo o password"
        },
        {
          "ancestorTitles": [
            "auth.controller unit tests",
            "login"
          ],
          "duration": 1,
          "failing": false,
          "failureDetails": [],
          "failureMessages": [],
          "fullName": "auth.controller unit tests login retorna 401 si el usuario no existe",
          "invocations": 1,
          "location": null,
          "numPassingAsserts": 2,
          "retryReasons": [],
          "startAt": 1782326055628,
          "status": "passed",
          "title": "retorna 401 si el usuario no existe"
        },
        {
          "ancestorTitles": [
            "auth.controller unit tests",
            "login"
          ],
          "duration": 2,
          "failing": false,
          "failureDetails": [],
          "failureMessages": [],
          "fullName": "auth.controller unit tests login retorna 200 y token si las credenciales son válidas",
          "invocations": 1,
          "location": null,
          "numPassingAsserts": 3,
          "retryReasons": [],
          "startAt": 1782326055629,
          "status": "passed",
          "title": "retorna 200 y token si las credenciales son válidas"
        },
        {
          "ancestorTitles": [
            "auth.controller unit tests",
            "register"
          ],
          "duration": 2,
          "failing": false,
          "failureDetails": [],
          "failureMessages": [],
          "fullName": "auth.controller unit tests register retorna 400 si faltan campos requeridos",
          "invocations": 1,
          "location": null,
          "numPassingAsserts": 2,
          "retryReasons": [],
          "startAt": 1782326055631,
          "status": "passed",
          "title": "retorna 400 si faltan campos requeridos"
        },
        {
          "ancestorTitles": [
            "auth.controller unit tests",
            "register"
          ],
          "duration": 1,
          "failing": false,
          "failureDetails": [],
          "failureMessages": [],
          "fullName": "auth.controller unit tests register inyecta rol_id y max_prestamos y delega en crearUsuario",
          "invocations": 1,
          "location": null,
          "numPassingAsserts": 3,
          "retryReasons": [],
          "startAt": 1782326055633,
          "status": "passed",
          "title": "inyecta rol_id y max_prestamos y delega en crearUsuario"
        }
      ],
      "failureMessage": null
    },
    {
      "leaks": false,
      "numFailingTests": 0,
      "numPassingTests": 23,
      "numPendingTests": 0,
      "numTodoTests": 0,
      "openHandles": [],
      "perfStats": {
        "end": 1782326055662,
        "loadTestEnvironmentEnd": 1782326055130,
        "loadTestEnvironmentStart": 1782326054838,
        "runtime": 531,
        "setupAfterEnvEnd": 1782326055472,
        "setupAfterEnvStart": 1782326055472,
        "setupFilesEnd": 1782326055131,
        "setupFilesStart": 1782326055131,
        "slow": false,
        "start": 1782326055131
      },
      "skipped": false,
      "snapshot": {
        "added": 0,
        "fileDeleted": false,
        "matched": 0,
        "unchecked": 0,
        "uncheckedKeys": [],
        "unmatched": 0,
        "updated": 0
      },
      "testFilePath": "C:\\Users\\Oscar\\Documents\\GitHub\\Biblioteca-error404\\Backend\\tests\\unit\\controllers\\user.controller.test.js",
      "testResults": [
        {
          "ancestorTitles": [
            "user.controller unit tests",
            "listarUsuarios"
          ],
          "duration": 8,
          "failing": false,
          "failureDetails": [],
          "failureMessages": [],
          "fullName": "user.controller unit tests listarUsuarios A1: retorna lista de usuarios",
          "invocations": 1,
          "location": null,
          "numPassingAsserts": 2,
          "retryReasons": [],
          "startAt": 1782326055592,
          "status": "passed",
          "title": "A1: retorna lista de usuarios"
        },
        {
          "ancestorTitles": [
            "user.controller unit tests",
            "listarUsuarios"
          ],
          "duration": 36,
          "failing": false,
          "failureDetails": [],
          "failureMessages": [],
          "fullName": "user.controller unit tests listarUsuarios A2: retorna 500 si falla la BD",
          "invocations": 1,
          "location": null,
          "numPassingAsserts": 2,
          "retryReasons": [],
          "startAt": 1782326055600,
          "status": "passed",
          "title": "A2: retorna 500 si falla la BD"
        },
        {
          "ancestorTitles": [
            "user.controller unit tests",
            "obtenerUsuario"
          ],
          "duration": 1,
          "failing": false,
          "failureDetails": [],
          "failureMessages": [],
          "fullName": "user.controller unit tests obtenerUsuario B1: retorna 404 si el usuario no existe",
          "invocations": 1,
          "location": null,
          "numPassingAsserts": 2,
          "retryReasons": [],
          "startAt": 1782326055637,
          "status": "passed",
          "title": "B1: retorna 404 si el usuario no existe"
        },
        {
          "ancestorTitles": [
            "user.controller unit tests",
            "obtenerUsuario"
          ],
          "duration": 1,
          "failing": false,
          "failureDetails": [],
          "failureMessages": [],
          "fullName": "user.controller unit tests obtenerUsuario B2: retorna el usuario encontrado",
          "invocations": 1,
          "location": null,
          "numPassingAsserts": 1,
          "retryReasons": [],
          "startAt": 1782326055638,
          "status": "passed",
          "title": "B2: retorna el usuario encontrado"
        },
        {
          "ancestorTitles": [
            "user.controller unit tests",
            "obtenerUsuario"
          ],
          "duration": 2,
          "failing": false,
          "failureDetails": [],
          "failureMessages": [],
          "fullName": "user.controller unit tests obtenerUsuario B3: retorna 500 si falla la BD",
          "invocations": 1,
          "location": null,
          "numPassingAsserts": 2,
          "retryReasons": [],
          "startAt": 1782326055639,
          "status": "passed",
          "title": "B3: retorna 500 si falla la BD"
        },
        {
          "ancestorTitles": [
            "user.controller unit tests",
            "crearUsuario"
          ],
          "duration": 1,
          "failing": false,
          "failureDetails": [],
          "failureMessages": [],
          "fullName": "user.controller unit tests crearUsuario C1: retorna 400 si faltan campos requeridos",
          "invocations": 1,
          "location": null,
          "numPassingAsserts": 2,
          "retryReasons": [],
          "startAt": 1782326055641,
          "status": "passed",
          "title": "C1: retorna 400 si faltan campos requeridos"
        },
        {
          "ancestorTitles": [
            "user.controller unit tests",
            "crearUsuario"
          ],
          "duration": 0,
          "failing": false,
          "failureDetails": [],
          "failureMessages": [],
          "fullName": "user.controller unit tests crearUsuario C2: retorna 404 si el rol no existe",
          "invocations": 1,
          "location": null,
          "numPassingAsserts": 2,
          "retryReasons": [],
          "startAt": 1782326055642,
          "status": "passed",
          "title": "C2: retorna 404 si el rol no existe"
        },
        {
          "ancestorTitles": [
            "user.controller unit tests",
            "crearUsuario"
          ],
          "duration": 1,
          "failing": false,
          "failureDetails": [],
          "failureMessages": [],
          "fullName": "user.controller unit tests crearUsuario C3: crea el usuario con password hasheada y responde 201",
          "invocations": 1,
          "location": null,
          "numPassingAsserts": 5,
          "retryReasons": [],
          "startAt": 1782326055643,
          "status": "passed",
          "title": "C3: crea el usuario con password hasheada y responde 201"
        },
        {
          "ancestorTitles": [
            "user.controller unit tests",
            "crearUsuario"
          ],
          "duration": 1,
          "failing": false,
          "failureDetails": [],
          "failureMessages": [],
          "fullName": "user.controller unit tests crearUsuario C4: retorna 500 si falla la BD",
          "invocations": 1,
          "location": null,
          "numPassingAsserts": 2,
          "retryReasons": [],
          "startAt": 1782326055644,
          "status": "passed",
          "title": "C4: retorna 500 si falla la BD"
        },
        {
          "ancestorTitles": [
            "user.controller unit tests",
            "actualizarUsuario"
          ],
          "duration": 0,
          "failing": false,
          "failureDetails": [],
          "failureMessages": [],
          "fullName": "user.controller unit tests actualizarUsuario D1: retorna 404 si el usuario no existe",
          "invocations": 1,
          "location": null,
          "numPassingAsserts": 2,
          "retryReasons": [],
          "startAt": 1782326055646,
          "status": "passed",
          "title": "D1: retorna 404 si el usuario no existe"
        },
        {
          "ancestorTitles": [
            "user.controller unit tests",
            "actualizarUsuario"
          ],
          "duration": 0,
          "failing": false,
          "failureDetails": [],
          "failureMessages": [],
          "fullName": "user.controller unit tests actualizarUsuario D2: actualiza el usuario y regenera la matricula",
          "invocations": 1,
          "location": null,
          "numPassingAsserts": 3,
          "retryReasons": [],
          "startAt": 1782326055647,
          "status": "passed",
          "title": "D2: actualiza el usuario y regenera la matricula"
        },
        {
          "ancestorTitles": [
            "user.controller unit tests",
            "actualizarUsuario"
          ],
          "duration": 1,
          "failing": false,
          "failureDetails": [],
          "failureMessages": [],
          "fullName": "user.controller unit tests actualizarUsuario D3: retorna 500 si falla la BD",
          "invocations": 1,
          "location": null,
          "numPassingAsserts": 2,
          "retryReasons": [],
          "startAt": 1782326055648,
          "status": "passed",
          "title": "D3: retorna 500 si falla la BD"
        },
        {
          "ancestorTitles": [
            "user.controller unit tests",
            "eliminarUsuario"
          ],
          "duration": 1,
          "failing": false,
          "failureDetails": [],
          "failureMessages": [],
          "fullName": "user.controller unit tests eliminarUsuario E1: retorna 404 si el usuario no existe",
          "invocations": 1,
          "location": null,
          "numPassingAsserts": 2,
          "retryReasons": [],
          "startAt": 1782326055649,
          "status": "passed",
          "title": "E1: retorna 404 si el usuario no existe"
        },
        {
          "ancestorTitles": [
            "user.controller unit tests",
            "eliminarUsuario"
          ],
          "duration": 0,
          "failing": false,
          "failureDetails": [],
          "failureMessages": [],
          "fullName": "user.controller unit tests eliminarUsuario E2: elimina el usuario y responde con mensaje de exito",
          "invocations": 1,
          "location": null,
          "numPassingAsserts": 2,
          "retryReasons": [],
          "startAt": 1782326055650,
          "status": "passed",
          "title": "E2: elimina el usuario y responde con mensaje de exito"
        },
        {
          "ancestorTitles": [
            "user.controller unit tests",
            "eliminarUsuario"
          ],
          "duration": 1,
          "failing": false,
          "failureDetails": [],
          "failureMessages": [],
          "fullName": "user.controller unit tests eliminarUsuario E3: retorna 500 si falla la BD",
          "invocations": 1,
          "location": null,
          "numPassingAsserts": 2,
          "retryReasons": [],
          "startAt": 1782326055651,
          "status": "passed",
          "title": "E3: retorna 500 si falla la BD"
        },
        {
          "ancestorTitles": [
            "user.controller unit tests",
            "hacerAdmin"
          ],
          "duration": 1,
          "failing": false,
          "failureDetails": [],
          "failureMessages": [],
          "fullName": "user.controller unit tests hacerAdmin F1: retorna 404 si el usuario no existe",
          "invocations": 1,
          "location": null,
          "numPassingAsserts": 2,
          "retryReasons": [],
          "startAt": 1782326055652,
          "status": "passed",
          "title": "F1: retorna 404 si el usuario no existe"
        },
        {
          "ancestorTitles": [
            "user.controller unit tests",
            "hacerAdmin"
          ],
          "duration": 1,
          "failing": false,
          "failureDetails": [],
          "failureMessages": [],
          "fullName": "user.controller unit tests hacerAdmin F2: retorna 400 si el usuario ya es administrador",
          "invocations": 1,
          "location": null,
          "numPassingAsserts": 2,
          "retryReasons": [],
          "startAt": 1782326055653,
          "status": "passed",
          "title": "F2: retorna 400 si el usuario ya es administrador"
        },
        {
          "ancestorTitles": [
            "user.controller unit tests",
            "hacerAdmin"
          ],
          "duration": 0,
          "failing": false,
          "failureDetails": [],
          "failureMessages": [],
          "fullName": "user.controller unit tests hacerAdmin F3: actualiza el rol a administrador y responde con el usuario",
          "invocations": 1,
          "location": null,
          "numPassingAsserts": 2,
          "retryReasons": [],
          "startAt": 1782326055654,
          "status": "passed",
          "title": "F3: actualiza el rol a administrador y responde con el usuario"
        },
        {
          "ancestorTitles": [
            "user.controller unit tests",
            "hacerAdmin"
          ],
          "duration": 2,
          "failing": false,
          "failureDetails": [],
          "failureMessages": [],
          "fullName": "user.controller unit tests hacerAdmin F4: retorna 500 si falla la BD",
          "invocations": 1,
          "location": null,
          "numPassingAsserts": 2,
          "retryReasons": [],
          "startAt": 1782326055654,
          "status": "passed",
          "title": "F4: retorna 500 si falla la BD"
        },
        {
          "ancestorTitles": [
            "user.controller unit tests",
            "hacerBibliotecario"
          ],
          "duration": 1,
          "failing": false,
          "failureDetails": [],
          "failureMessages": [],
          "fullName": "user.controller unit tests hacerBibliotecario G1: retorna 404 si el usuario no existe",
          "invocations": 1,
          "location": null,
          "numPassingAsserts": 2,
          "retryReasons": [],
          "startAt": 1782326055656,
          "status": "passed",
          "title": "G1: retorna 404 si el usuario no existe"
        },
        {
          "ancestorTitles": [
            "user.controller unit tests",
            "hacerBibliotecario"
          ],
          "duration": 1,
          "failing": false,
          "failureDetails": [],
          "failureMessages": [],
          "fullName": "user.controller unit tests hacerBibliotecario G2: retorna 400 si el usuario ya es bibliotecario",
          "invocations": 1,
          "location": null,
          "numPassingAsserts": 2,
          "retryReasons": [],
          "startAt": 1782326055657,
          "status": "passed",
          "title": "G2: retorna 400 si el usuario ya es bibliotecario"
        },
        {
          "ancestorTitles": [
            "user.controller unit tests",
            "hacerBibliotecario"
          ],
          "duration": 1,
          "failing": false,
          "failureDetails": [],
          "failureMessages": [],
          "fullName": "user.controller unit tests hacerBibliotecario G3: actualiza el rol a bibliotecario con nueva matricula",
          "invocations": 1,
          "location": null,
          "numPassingAsserts": 3,
          "retryReasons": [],
          "startAt": 1782326055658,
          "status": "passed",
          "title": "G3: actualiza el rol a bibliotecario con nueva matricula"
        },
        {
          "ancestorTitles": [
            "user.controller unit tests",
            "hacerBibliotecario"
          ],
          "duration": 1,
          "failing": false,
          "failureDetails": [],
          "failureMessages": [],
          "fullName": "user.controller unit tests hacerBibliotecario G4: retorna 500 si falla la BD",
          "invocations": 1,
          "location": null,
          "numPassingAsserts": 2,
          "retryReasons": [],
          "startAt": 1782326055659,
          "status": "passed",
          "title": "G4: retorna 500 si falla la BD"
        }
      ],
      "failureMessage": null
    },
    {
      "leaks": false,
      "numFailingTests": 0,
      "numPassingTests": 9,
      "numPendingTests": 0,
      "numTodoTests": 0,
      "openHandles": [],
      "perfStats": {
        "end": 1782326055731,
        "loadTestEnvironmentEnd": 1782326055148,
        "loadTestEnvironmentStart": 1782326054844,
        "runtime": 582,
        "setupAfterEnvEnd": 1782326055493,
        "setupAfterEnvStart": 1782326055493,
        "setupFilesEnd": 1782326055149,
        "setupFilesStart": 1782326055149,
        "slow": false,
        "start": 1782326055149
      },
      "skipped": false,
      "snapshot": {
        "added": 0,
        "fileDeleted": false,
        "matched": 0,
        "unchecked": 0,
        "uncheckedKeys": [],
        "unmatched": 0,
        "updated": 0
      },
      "testFilePath": "C:\\Users\\Oscar\\Documents\\GitHub\\Biblioteca-error404\\Backend\\tests\\unit\\middlewares\\auth.middleware.test.js",
      "testResults": [
        {
          "ancestorTitles": [
            "authenticate"
          ],
          "duration": 8,
          "failing": false,
          "failureDetails": [],
          "failureMessages": [],
          "fullName": "authenticate retorna 401 si no se envia token",
          "invocations": 1,
          "location": null,
          "numPassingAsserts": 3,
          "retryReasons": [],
          "startAt": 1782326055679,
          "status": "passed",
          "title": "retorna 401 si no se envia token"
        },
        {
          "ancestorTitles": [
            "authenticate"
          ],
          "duration": 2,
          "failing": false,
          "failureDetails": [],
          "failureMessages": [],
          "fullName": "authenticate extrae token del header Bearer y llama next con req.user cargado",
          "invocations": 1,
          "location": null,
          "numPassingAsserts": 5,
          "retryReasons": [],
          "startAt": 1782326055687,
          "status": "passed",
          "title": "extrae token del header Bearer y llama next con req.user cargado"
        },
        {
          "ancestorTitles": [
            "authenticate"
          ],
          "duration": 1,
          "failing": false,
          "failureDetails": [],
          "failureMessages": [],
          "fullName": "authenticate extrae token del query string y llama next con req.user cargado",
          "invocations": 1,
          "location": null,
          "numPassingAsserts": 3,
          "retryReasons": [],
          "startAt": 1782326055689,
          "status": "passed",
          "title": "extrae token del query string y llama next con req.user cargado"
        },
        {
          "ancestorTitles": [
            "authenticate"
          ],
          "duration": 1,
          "failing": false,
          "failureDetails": [],
          "failureMessages": [],
          "fullName": "authenticate retorna 401 si el usuario del token no existe en la BD",
          "invocations": 1,
          "location": null,
          "numPassingAsserts": 3,
          "retryReasons": [],
          "startAt": 1782326055690,
          "status": "passed",
          "title": "retorna 401 si el usuario del token no existe en la BD"
        },
        {
          "ancestorTitles": [
            "authenticate"
          ],
          "duration": 34,
          "failing": false,
          "failureDetails": [],
          "failureMessages": [],
          "fullName": "authenticate retorna 401 si el token es invalido o esta expirado",
          "invocations": 1,
          "location": null,
          "numPassingAsserts": 3,
          "retryReasons": [],
          "startAt": 1782326055692,
          "status": "passed",
          "title": "retorna 401 si el token es invalido o esta expirado"
        },
        {
          "ancestorTitles": [
            "authorize"
          ],
          "duration": 1,
          "failing": false,
          "failureDetails": [],
          "failureMessages": [],
          "fullName": "authorize retorna 401 si req.user no esta definido",
          "invocations": 1,
          "location": null,
          "numPassingAsserts": 3,
          "retryReasons": [],
          "startAt": 1782326055726,
          "status": "passed",
          "title": "retorna 401 si req.user no esta definido"
        },
        {
          "ancestorTitles": [
            "authorize"
          ],
          "duration": 0,
          "failing": false,
          "failureDetails": [],
          "failureMessages": [],
          "fullName": "authorize retorna 403 si el rol del usuario no tiene permiso",
          "invocations": 1,
          "location": null,
          "numPassingAsserts": 3,
          "retryReasons": [],
          "startAt": 1782326055727,
          "status": "passed",
          "title": "retorna 403 si el rol del usuario no tiene permiso"
        },
        {
          "ancestorTitles": [
            "authorize"
          ],
          "duration": 0,
          "failing": false,
          "failureDetails": [],
          "failureMessages": [],
          "fullName": "authorize llama next si el rol del usuario esta permitido",
          "invocations": 1,
          "location": null,
          "numPassingAsserts": 2,
          "retryReasons": [],
          "startAt": 1782326055728,
          "status": "passed",
          "title": "llama next si el rol del usuario esta permitido"
        },
        {
          "ancestorTitles": [
            "authorize"
          ],
          "duration": 1,
          "failing": false,
          "failureDetails": [],
          "failureMessages": [],
          "fullName": "authorize llama next si hay un solo rol permitido y el usuario lo tiene",
          "invocations": 1,
          "location": null,
          "numPassingAsserts": 2,
          "retryReasons": [],
          "startAt": 1782326055728,
          "status": "passed",
          "title": "llama next si hay un solo rol permitido y el usuario lo tiene"
        }
      ],
      "failureMessage": null
    },
    {
      "leaks": false,
      "numFailingTests": 0,
      "numPassingTests": 34,
      "numPendingTests": 0,
      "numTodoTests": 0,
      "openHandles": [],
      "perfStats": {
        "end": 1782326055694,
        "loadTestEnvironmentEnd": 1782326055138,
        "loadTestEnvironmentStart": 1782326054841,
        "runtime": 555,
        "setupAfterEnvEnd": 1782326055476,
        "setupAfterEnvStart": 1782326055476,
        "setupFilesEnd": 1782326055139,
        "setupFilesStart": 1782326055139,
        "slow": false,
        "start": 1782326055139
      },
      "skipped": false,
      "snapshot": {
        "added": 0,
        "fileDeleted": false,
        "matched": 0,
        "unchecked": 0,
        "uncheckedKeys": [],
        "unmatched": 0,
        "updated": 0
      },
      "testFilePath": "C:\\Users\\Oscar\\Documents\\GitHub\\Biblioteca-error404\\Backend\\tests\\unit\\controllers\\reservation.controller.test.js",
      "testResults": [
        {
          "ancestorTitles": [
            "reservation.controller unit tests",
            "listarReservas"
          ],
          "duration": 8,
          "failing": false,
          "failureDetails": [],
          "failureMessages": [],
          "fullName": "reservation.controller unit tests listarReservas A1: retorna lista de reservas",
          "invocations": 1,
          "location": null,
          "numPassingAsserts": 2,
          "retryReasons": [],
          "startAt": 1782326055595,
          "status": "passed",
          "title": "A1: retorna lista de reservas"
        },
        {
          "ancestorTitles": [
            "reservation.controller unit tests",
            "listarReservas"
          ],
          "duration": 53,
          "failing": false,
          "failureDetails": [],
          "failureMessages": [],
          "fullName": "reservation.controller unit tests listarReservas A2: retorna 500 si falla findAll",
          "invocations": 1,
          "location": null,
          "numPassingAsserts": 2,
          "retryReasons": [],
          "startAt": 1782326055604,
          "status": "passed",
          "title": "A2: retorna 500 si falla findAll"
        },
        {
          "ancestorTitles": [
            "reservation.controller unit tests",
            "listarReservasPendientes"
          ],
          "duration": 1,
          "failing": false,
          "failureDetails": [],
          "failureMessages": [],
          "fullName": "reservation.controller unit tests listarReservasPendientes B1: retorna solo reservas pendientes",
          "invocations": 1,
          "location": null,
          "numPassingAsserts": 2,
          "retryReasons": [],
          "startAt": 1782326055658,
          "status": "passed",
          "title": "B1: retorna solo reservas pendientes"
        },
        {
          "ancestorTitles": [
            "reservation.controller unit tests",
            "listarReservasPendientes"
          ],
          "duration": 2,
          "failing": false,
          "failureDetails": [],
          "failureMessages": [],
          "fullName": "reservation.controller unit tests listarReservasPendientes B2: retorna 500 en error",
          "invocations": 1,
          "location": null,
          "numPassingAsserts": 2,
          "retryReasons": [],
          "startAt": 1782326055660,
          "status": "passed",
          "title": "B2: retorna 500 en error"
        },
        {
          "ancestorTitles": [
            "reservation.controller unit tests",
            "listarReservasPorUsuario"
          ],
          "duration": 1,
          "failing": false,
          "failureDetails": [],
          "failureMessages": [],
          "fullName": "reservation.controller unit tests listarReservasPorUsuario C1: retorna reservas del usuario indicado",
          "invocations": 1,
          "location": null,
          "numPassingAsserts": 2,
          "retryReasons": [],
          "startAt": 1782326055662,
          "status": "passed",
          "title": "C1: retorna reservas del usuario indicado"
        },
        {
          "ancestorTitles": [
            "reservation.controller unit tests",
            "listarReservasPorUsuario"
          ],
          "duration": 2,
          "failing": false,
          "failureDetails": [],
          "failureMessages": [],
          "fullName": "reservation.controller unit tests listarReservasPorUsuario C2: retorna 500 en error",
          "invocations": 1,
          "location": null,
          "numPassingAsserts": 2,
          "retryReasons": [],
          "startAt": 1782326055663,
          "status": "passed",
          "title": "C2: retorna 500 en error"
        },
        {
          "ancestorTitles": [
            "reservation.controller unit tests",
            "obtenerReserva"
          ],
          "duration": 1,
          "failing": false,
          "failureDetails": [],
          "failureMessages": [],
          "fullName": "reservation.controller unit tests obtenerReserva D1: retorna reserva por id",
          "invocations": 1,
          "location": null,
          "numPassingAsserts": 2,
          "retryReasons": [],
          "startAt": 1782326055665,
          "status": "passed",
          "title": "D1: retorna reserva por id"
        },
        {
          "ancestorTitles": [
            "reservation.controller unit tests",
            "obtenerReserva"
          ],
          "duration": 1,
          "failing": false,
          "failureDetails": [],
          "failureMessages": [],
          "fullName": "reservation.controller unit tests obtenerReserva D2: retorna 404 si no existe",
          "invocations": 1,
          "location": null,
          "numPassingAsserts": 2,
          "retryReasons": [],
          "startAt": 1782326055666,
          "status": "passed",
          "title": "D2: retorna 404 si no existe"
        },
        {
          "ancestorTitles": [
            "reservation.controller unit tests",
            "obtenerReserva"
          ],
          "duration": 2,
          "failing": false,
          "failureDetails": [],
          "failureMessages": [],
          "fullName": "reservation.controller unit tests obtenerReserva D3: retorna 500 si falla",
          "invocations": 1,
          "location": null,
          "numPassingAsserts": 2,
          "retryReasons": [],
          "startAt": 1782326055667,
          "status": "passed",
          "title": "D3: retorna 500 si falla"
        },
        {
          "ancestorTitles": [
            "reservation.controller unit tests",
            "crearReserva"
          ],
          "duration": 1,
          "failing": false,
          "failureDetails": [],
          "failureMessages": [],
          "fullName": "reservation.controller unit tests crearReserva E1: retorna 400 si faltan libro_id o usuario_id",
          "invocations": 1,
          "location": null,
          "numPassingAsserts": 2,
          "retryReasons": [],
          "startAt": 1782326055669,
          "status": "passed",
          "title": "E1: retorna 400 si faltan libro_id o usuario_id"
        },
        {
          "ancestorTitles": [
            "reservation.controller unit tests",
            "crearReserva"
          ],
          "duration": 1,
          "failing": false,
          "failureDetails": [],
          "failureMessages": [],
          "fullName": "reservation.controller unit tests crearReserva E2: retorna 404 si libro no existe",
          "invocations": 1,
          "location": null,
          "numPassingAsserts": 2,
          "retryReasons": [],
          "startAt": 1782326055670,
          "status": "passed",
          "title": "E2: retorna 404 si libro no existe"
        },
        {
          "ancestorTitles": [
            "reservation.controller unit tests",
            "crearReserva"
          ],
          "duration": 0,
          "failing": false,
          "failureDetails": [],
          "failureMessages": [],
          "fullName": "reservation.controller unit tests crearReserva E3: retorna 404 si usuario no existe",
          "invocations": 1,
          "location": null,
          "numPassingAsserts": 2,
          "retryReasons": [],
          "startAt": 1782326055671,
          "status": "passed",
          "title": "E3: retorna 404 si usuario no existe"
        },
        {
          "ancestorTitles": [
            "reservation.controller unit tests",
            "crearReserva"
          ],
          "duration": 0,
          "failing": false,
          "failureDetails": [],
          "failureMessages": [],
          "fullName": "reservation.controller unit tests crearReserva E4: retorna 400 si usuario alcanzo max_prestamos",
          "invocations": 1,
          "location": null,
          "numPassingAsserts": 2,
          "retryReasons": [],
          "startAt": 1782326055672,
          "status": "passed",
          "title": "E4: retorna 400 si usuario alcanzo max_prestamos"
        },
        {
          "ancestorTitles": [
            "reservation.controller unit tests",
            "crearReserva"
          ],
          "duration": 1,
          "failing": false,
          "failureDetails": [],
          "failureMessages": [],
          "fullName": "reservation.controller unit tests crearReserva E5: retorna 400 si hay ejemplares disponibles y no solicitar_prestamo",
          "invocations": 1,
          "location": null,
          "numPassingAsserts": 2,
          "retryReasons": [],
          "startAt": 1782326055672,
          "status": "passed",
          "title": "E5: retorna 400 si hay ejemplares disponibles y no solicitar_prestamo"
        },
        {
          "ancestorTitles": [
            "reservation.controller unit tests",
            "crearReserva"
          ],
          "duration": 1,
          "failing": false,
          "failureDetails": [],
          "failureMessages": [],
          "fullName": "reservation.controller unit tests crearReserva E6: retorna 400 si no hay ejemplares registrados",
          "invocations": 1,
          "location": null,
          "numPassingAsserts": 2,
          "retryReasons": [],
          "startAt": 1782326055673,
          "status": "passed",
          "title": "E6: retorna 400 si no hay ejemplares registrados"
        },
        {
          "ancestorTitles": [
            "reservation.controller unit tests",
            "crearReserva"
          ],
          "duration": 1,
          "failing": false,
          "failureDetails": [],
          "failureMessages": [],
          "fullName": "reservation.controller unit tests crearReserva E7: retorna 400 si ya existe reserva activa del usuario",
          "invocations": 1,
          "location": null,
          "numPassingAsserts": 2,
          "retryReasons": [],
          "startAt": 1782326055674,
          "status": "passed",
          "title": "E7: retorna 400 si ya existe reserva activa del usuario"
        },
        {
          "ancestorTitles": [
            "reservation.controller unit tests",
            "crearReserva"
          ],
          "duration": 1,
          "failing": false,
          "failureDetails": [],
          "failureMessages": [],
          "fullName": "reservation.controller unit tests crearReserva E8: crea reserva pendiente y responde 201",
          "invocations": 1,
          "location": null,
          "numPassingAsserts": 4,
          "retryReasons": [],
          "startAt": 1782326055675,
          "status": "passed",
          "title": "E8: crea reserva pendiente y responde 201"
        },
        {
          "ancestorTitles": [
            "reservation.controller unit tests",
            "crearReserva"
          ],
          "duration": 1,
          "failing": false,
          "failureDetails": [],
          "failureMessages": [],
          "fullName": "reservation.controller unit tests crearReserva E9: solicitud online con ejemplar_id valido crea reserva disponible (201)",
          "invocations": 1,
          "location": null,
          "numPassingAsserts": 4,
          "retryReasons": [],
          "startAt": 1782326055676,
          "status": "passed",
          "title": "E9: solicitud online con ejemplar_id valido crea reserva disponible (201)"
        },
        {
          "ancestorTitles": [
            "reservation.controller unit tests",
            "crearReserva"
          ],
          "duration": 1,
          "failing": false,
          "failureDetails": [],
          "failureMessages": [],
          "fullName": "reservation.controller unit tests crearReserva E10: retorna 400 si ejemplar_id no pertenece al libro",
          "invocations": 1,
          "location": null,
          "numPassingAsserts": 2,
          "retryReasons": [],
          "startAt": 1782326055677,
          "status": "passed",
          "title": "E10: retorna 400 si ejemplar_id no pertenece al libro"
        },
        {
          "ancestorTitles": [
            "reservation.controller unit tests",
            "crearReserva"
          ],
          "duration": 1,
          "failing": false,
          "failureDetails": [],
          "failureMessages": [],
          "fullName": "reservation.controller unit tests crearReserva E11: retorna 400 si ejemplar seleccionado no esta disponible",
          "invocations": 1,
          "location": null,
          "numPassingAsserts": 2,
          "retryReasons": [],
          "startAt": 1782326055678,
          "status": "passed",
          "title": "E11: retorna 400 si ejemplar seleccionado no esta disponible"
        },
        {
          "ancestorTitles": [
            "reservation.controller unit tests",
            "crearReserva"
          ],
          "duration": 1,
          "failing": false,
          "failureDetails": [],
          "failureMessages": [],
          "fullName": "reservation.controller unit tests crearReserva E12: retorna 500 si falla operacion interna",
          "invocations": 1,
          "location": null,
          "numPassingAsserts": 2,
          "retryReasons": [],
          "startAt": 1782326055679,
          "status": "passed",
          "title": "E12: retorna 500 si falla operacion interna"
        },
        {
          "ancestorTitles": [
            "reservation.controller unit tests",
            "actualizarReserva"
          ],
          "duration": 1,
          "failing": false,
          "failureDetails": [],
          "failureMessages": [],
          "fullName": "reservation.controller unit tests actualizarReserva F1: 404 si reserva no existe",
          "invocations": 1,
          "location": null,
          "numPassingAsserts": 2,
          "retryReasons": [],
          "startAt": 1782326055680,
          "status": "passed",
          "title": "F1: 404 si reserva no existe"
        },
        {
          "ancestorTitles": [
            "reservation.controller unit tests",
            "actualizarReserva"
          ],
          "duration": 1,
          "failing": false,
          "failureDetails": [],
          "failureMessages": [],
          "fullName": "reservation.controller unit tests actualizarReserva F2: estudiante no puede modificar reserva ajena (403)",
          "invocations": 1,
          "location": null,
          "numPassingAsserts": 2,
          "retryReasons": [],
          "startAt": 1782326055681,
          "status": "passed",
          "title": "F2: estudiante no puede modificar reserva ajena (403)"
        },
        {
          "ancestorTitles": [
            "reservation.controller unit tests",
            "actualizarReserva"
          ],
          "duration": 1,
          "failing": false,
          "failureDetails": [],
          "failureMessages": [],
          "fullName": "reservation.controller unit tests actualizarReserva F3: estudiante solo puede cancelar su reserva (403 si pide otro estado)",
          "invocations": 1,
          "location": null,
          "numPassingAsserts": 2,
          "retryReasons": [],
          "startAt": 1782326055682,
          "status": "passed",
          "title": "F3: estudiante solo puede cancelar su reserva (403 si pide otro estado)"
        },
        {
          "ancestorTitles": [
            "reservation.controller unit tests",
            "actualizarReserva"
          ],
          "duration": 1,
          "failing": false,
          "failureDetails": [],
          "failureMessages": [],
          "fullName": "reservation.controller unit tests actualizarReserva F4: actualiza campos permitidos y responde la reserva",
          "invocations": 1,
          "location": null,
          "numPassingAsserts": 3,
          "retryReasons": [],
          "startAt": 1782326055683,
          "status": "passed",
          "title": "F4: actualiza campos permitidos y responde la reserva"
        },
        {
          "ancestorTitles": [
            "reservation.controller unit tests",
            "actualizarReserva"
          ],
          "duration": 0,
          "failing": false,
          "failureDetails": [],
          "failureMessages": [],
          "fullName": "reservation.controller unit tests actualizarReserva F5: estado disponible + ejemplar_id marca ejemplar como reservado",
          "invocations": 1,
          "location": null,
          "numPassingAsserts": 2,
          "retryReasons": [],
          "startAt": 1782326055684,
          "status": "passed",
          "title": "F5: estado disponible + ejemplar_id marca ejemplar como reservado"
        },
        {
          "ancestorTitles": [
            "reservation.controller unit tests",
            "actualizarReserva"
          ],
          "duration": 1,
          "failing": false,
          "failureDetails": [],
          "failureMessages": [],
          "fullName": "reservation.controller unit tests actualizarReserva F6: estado completada sin ejemplar asignado => 400",
          "invocations": 1,
          "location": null,
          "numPassingAsserts": 2,
          "retryReasons": [],
          "startAt": 1782326055684,
          "status": "passed",
          "title": "F6: estado completada sin ejemplar asignado => 400"
        },
        {
          "ancestorTitles": [
            "reservation.controller unit tests",
            "actualizarReserva"
          ],
          "duration": 1,
          "failing": false,
          "failureDetails": [],
          "failureMessages": [],
          "fullName": "reservation.controller unit tests actualizarReserva F7: estado completada crea prestamo y pone ejemplar en prestado",
          "invocations": 1,
          "location": null,
          "numPassingAsserts": 4,
          "retryReasons": [],
          "startAt": 1782326055685,
          "status": "passed",
          "title": "F7: estado completada crea prestamo y pone ejemplar en prestado"
        },
        {
          "ancestorTitles": [
            "reservation.controller unit tests",
            "actualizarReserva"
          ],
          "duration": 1,
          "failing": false,
          "failureDetails": [],
          "failureMessages": [],
          "fullName": "reservation.controller unit tests actualizarReserva F8: estado cancelada libera ejemplar reservado",
          "invocations": 1,
          "location": null,
          "numPassingAsserts": 2,
          "retryReasons": [],
          "startAt": 1782326055686,
          "status": "passed",
          "title": "F8: estado cancelada libera ejemplar reservado"
        },
        {
          "ancestorTitles": [
            "reservation.controller unit tests",
            "actualizarReserva"
          ],
          "duration": 1,
          "failing": false,
          "failureDetails": [],
          "failureMessages": [],
          "fullName": "reservation.controller unit tests actualizarReserva F9: retorna 500 si falla internamente",
          "invocations": 1,
          "location": null,
          "numPassingAsserts": 2,
          "retryReasons": [],
          "startAt": 1782326055687,
          "status": "passed",
          "title": "F9: retorna 500 si falla internamente"
        },
        {
          "ancestorTitles": [
            "reservation.controller unit tests",
            "eliminarReserva"
          ],
          "duration": 1,
          "failing": false,
          "failureDetails": [],
          "failureMessages": [],
          "fullName": "reservation.controller unit tests eliminarReserva G1: 404 si reserva no existe",
          "invocations": 1,
          "location": null,
          "numPassingAsserts": 2,
          "retryReasons": [],
          "startAt": 1782326055688,
          "status": "passed",
          "title": "G1: 404 si reserva no existe"
        },
        {
          "ancestorTitles": [
            "reservation.controller unit tests",
            "eliminarReserva"
          ],
          "duration": 1,
          "failing": false,
          "failureDetails": [],
          "failureMessages": [],
          "fullName": "reservation.controller unit tests eliminarReserva G2: elimina reserva sin ejemplar y responde mensaje ok",
          "invocations": 1,
          "location": null,
          "numPassingAsserts": 3,
          "retryReasons": [],
          "startAt": 1782326055689,
          "status": "passed",
          "title": "G2: elimina reserva sin ejemplar y responde mensaje ok"
        },
        {
          "ancestorTitles": [
            "reservation.controller unit tests",
            "eliminarReserva"
          ],
          "duration": 0,
          "failing": false,
          "failureDetails": [],
          "failureMessages": [],
          "fullName": "reservation.controller unit tests eliminarReserva G3: libera ejemplar reservado antes de eliminar",
          "invocations": 1,
          "location": null,
          "numPassingAsserts": 3,
          "retryReasons": [],
          "startAt": 1782326055690,
          "status": "passed",
          "title": "G3: libera ejemplar reservado antes de eliminar"
        },
        {
          "ancestorTitles": [
            "reservation.controller unit tests",
            "eliminarReserva"
          ],
          "duration": 1,
          "failing": false,
          "failureDetails": [],
          "failureMessages": [],
          "fullName": "reservation.controller unit tests eliminarReserva G4: retorna 500 si falla eliminacion",
          "invocations": 1,
          "location": null,
          "numPassingAsserts": 2,
          "retryReasons": [],
          "startAt": 1782326055690,
          "status": "passed",
          "title": "G4: retorna 500 si falla eliminacion"
        }
      ],
      "failureMessage": null
    },
    {
      "leaks": false,
      "numFailingTests": 0,
      "numPassingTests": 6,
      "numPendingTests": 0,
      "numTodoTests": 0,
      "openHandles": [],
      "perfStats": {
        "end": 1782326055990,
        "loadTestEnvironmentEnd": 1782326055119,
        "loadTestEnvironmentStart": 1782326054825,
        "runtime": 870,
        "setupAfterEnvEnd": 1782326055464,
        "setupAfterEnvStart": 1782326055464,
        "setupFilesEnd": 1782326055120,
        "setupFilesStart": 1782326055120,
        "slow": false,
        "start": 1782326055120
      },
      "skipped": false,
      "snapshot": {
        "added": 0,
        "fileDeleted": false,
        "matched": 0,
        "unchecked": 0,
        "uncheckedKeys": [],
        "unmatched": 0,
        "updated": 0
      },
      "testFilePath": "C:\\Users\\Oscar\\Documents\\GitHub\\Biblioteca-error404\\Backend\\tests\\unit\\controllers\\libro.controller.test.js",
      "testResults": [
        {
          "ancestorTitles": [
            "libro.controller unit tests",
            "getLibros"
          ],
          "duration": 6,
          "failing": false,
          "failureDetails": [],
          "failureMessages": [],
          "fullName": "libro.controller unit tests getLibros retorna lista de libros",
          "invocations": 1,
          "location": null,
          "numPassingAsserts": 2,
          "retryReasons": [],
          "startAt": 1782326055978,
          "status": "passed",
          "title": "retorna lista de libros"
        },
        {
          "ancestorTitles": [
            "libro.controller unit tests",
            "getLibroPorId"
          ],
          "duration": 1,
          "failing": false,
          "failureDetails": [],
          "failureMessages": [],
          "fullName": "libro.controller unit tests getLibroPorId retorna 404 si no existe libro",
          "invocations": 1,
          "location": null,
          "numPassingAsserts": 2,
          "retryReasons": [],
          "startAt": 1782326055984,
          "status": "passed",
          "title": "retorna 404 si no existe libro"
        },
        {
          "ancestorTitles": [
            "libro.controller unit tests",
            "crearLibro"
          ],
          "duration": 1,
          "failing": false,
          "failureDetails": [],
          "failureMessages": [],
          "fullName": "libro.controller unit tests crearLibro crea libro y retorna 201",
          "invocations": 1,
          "location": null,
          "numPassingAsserts": 3,
          "retryReasons": [],
          "startAt": 1782326055985,
          "status": "passed",
          "title": "crea libro y retorna 201"
        },
        {
          "ancestorTitles": [
            "libro.controller unit tests",
            "actualizarLibro"
          ],
          "duration": 0,
          "failing": false,
          "failureDetails": [],
          "failureMessages": [],
          "fullName": "libro.controller unit tests actualizarLibro retorna 404 si no existe el libro",
          "invocations": 1,
          "location": null,
          "numPassingAsserts": 2,
          "retryReasons": [],
          "startAt": 1782326055987,
          "status": "passed",
          "title": "retorna 404 si no existe el libro"
        },
        {
          "ancestorTitles": [
            "libro.controller unit tests",
            "actualizarLibro"
          ],
          "duration": 1,
          "failing": false,
          "failureDetails": [],
          "failureMessages": [],
          "fullName": "libro.controller unit tests actualizarLibro actualiza libro y renombra imagen si llega archivo",
          "invocations": 1,
          "location": null,
          "numPassingAsserts": 4,
          "retryReasons": [],
          "startAt": 1782326055987,
          "status": "passed",
          "title": "actualiza libro y renombra imagen si llega archivo"
        },
        {
          "ancestorTitles": [
            "libro.controller unit tests",
            "eliminarLibro"
          ],
          "duration": 1,
          "failing": false,
          "failureDetails": [],
          "failureMessages": [],
          "fullName": "libro.controller unit tests eliminarLibro elimina libro y su imagen",
          "invocations": 1,
          "location": null,
          "numPassingAsserts": 3,
          "retryReasons": [],
          "startAt": 1782326055988,
          "status": "passed",
          "title": "elimina libro y su imagen"
        }
      ],
      "failureMessage": null
    },
    {
      "leaks": false,
      "numFailingTests": 0,
      "numPassingTests": 16,
      "numPendingTests": 0,
      "numTodoTests": 0,
      "openHandles": [],
      "perfStats": {
        "end": 1782326056012,
        "loadTestEnvironmentEnd": 1782326055120,
        "loadTestEnvironmentStart": 1782326054824,
        "runtime": 891,
        "setupAfterEnvEnd": 1782326055463,
        "setupAfterEnvStart": 1782326055463,
        "setupFilesEnd": 1782326055121,
        "setupFilesStart": 1782326055121,
        "slow": false,
        "start": 1782326055121
      },
      "skipped": false,
      "snapshot": {
        "added": 0,
        "fileDeleted": false,
        "matched": 0,
        "unchecked": 0,
        "uncheckedKeys": [],
        "unmatched": 0,
        "updated": 0
      },
      "testFilePath": "C:\\Users\\Oscar\\Documents\\GitHub\\Biblioteca-error404\\Backend\\tests\\unit\\controllers\\Ejemplar.controller.test.js",
      "testResults": [
        {
          "ancestorTitles": [
            "Ejemplar.controller unit tests",
            "crearEjemplar"
          ],
          "duration": 9,
          "failing": false,
          "failureDetails": [],
          "failureMessages": [],
          "fullName": "Ejemplar.controller unit tests crearEjemplar A1: retorna 404 si el libro no existe",
          "invocations": 1,
          "location": null,
          "numPassingAsserts": 2,
          "retryReasons": [],
          "startAt": 1782326055988,
          "status": "passed",
          "title": "A1: retorna 404 si el libro no existe"
        },
        {
          "ancestorTitles": [
            "Ejemplar.controller unit tests",
            "crearEjemplar"
          ],
          "duration": 2,
          "failing": false,
          "failureDetails": [],
          "failureMessages": [],
          "fullName": "Ejemplar.controller unit tests crearEjemplar A2: crea el ejemplar y responde 201 con el objeto creado",
          "invocations": 1,
          "location": null,
          "numPassingAsserts": 3,
          "retryReasons": [],
          "startAt": 1782326055997,
          "status": "passed",
          "title": "A2: crea el ejemplar y responde 201 con el objeto creado"
        },
        {
          "ancestorTitles": [
            "Ejemplar.controller unit tests",
            "crearEjemplar"
          ],
          "duration": 1,
          "failing": false,
          "failureDetails": [],
          "failureMessages": [],
          "fullName": "Ejemplar.controller unit tests crearEjemplar A3: retorna 500 si falla la BD",
          "invocations": 1,
          "location": null,
          "numPassingAsserts": 2,
          "retryReasons": [],
          "startAt": 1782326055999,
          "status": "passed",
          "title": "A3: retorna 500 si falla la BD"
        },
        {
          "ancestorTitles": [
            "Ejemplar.controller unit tests",
            "cambiarEstado"
          ],
          "duration": 1,
          "failing": false,
          "failureDetails": [],
          "failureMessages": [],
          "fullName": "Ejemplar.controller unit tests cambiarEstado B1: retorna 400 si el estado enviado no es valido",
          "invocations": 1,
          "location": null,
          "numPassingAsserts": 2,
          "retryReasons": [],
          "startAt": 1782326056000,
          "status": "passed",
          "title": "B1: retorna 400 si el estado enviado no es valido"
        },
        {
          "ancestorTitles": [
            "Ejemplar.controller unit tests",
            "cambiarEstado"
          ],
          "duration": 0,
          "failing": false,
          "failureDetails": [],
          "failureMessages": [],
          "fullName": "Ejemplar.controller unit tests cambiarEstado B2: retorna 400 si no se envia estado ni notas",
          "invocations": 1,
          "location": null,
          "numPassingAsserts": 2,
          "retryReasons": [],
          "startAt": 1782326056002,
          "status": "passed",
          "title": "B2: retorna 400 si no se envia estado ni notas"
        },
        {
          "ancestorTitles": [
            "Ejemplar.controller unit tests",
            "cambiarEstado"
          ],
          "duration": 0,
          "failing": false,
          "failureDetails": [],
          "failureMessages": [],
          "fullName": "Ejemplar.controller unit tests cambiarEstado B3: retorna 404 si el ejemplar no existe",
          "invocations": 1,
          "location": null,
          "numPassingAsserts": 2,
          "retryReasons": [],
          "startAt": 1782326056003,
          "status": "passed",
          "title": "B3: retorna 404 si el ejemplar no existe"
        },
        {
          "ancestorTitles": [
            "Ejemplar.controller unit tests",
            "cambiarEstado"
          ],
          "duration": 1,
          "failing": false,
          "failureDetails": [],
          "failureMessages": [],
          "fullName": "Ejemplar.controller unit tests cambiarEstado B4: actualiza el ejemplar y responde con mensaje de exito",
          "invocations": 1,
          "location": null,
          "numPassingAsserts": 2,
          "retryReasons": [],
          "startAt": 1782326056003,
          "status": "passed",
          "title": "B4: actualiza el ejemplar y responde con mensaje de exito"
        },
        {
          "ancestorTitles": [
            "Ejemplar.controller unit tests",
            "cambiarEstado"
          ],
          "duration": 1,
          "failing": false,
          "failureDetails": [],
          "failureMessages": [],
          "fullName": "Ejemplar.controller unit tests cambiarEstado B5: retorna 500 si falla la BD",
          "invocations": 1,
          "location": null,
          "numPassingAsserts": 2,
          "retryReasons": [],
          "startAt": 1782326056004,
          "status": "passed",
          "title": "B5: retorna 500 si falla la BD"
        },
        {
          "ancestorTitles": [
            "Ejemplar.controller unit tests",
            "getEjemplaresPorLibro"
          ],
          "duration": 1,
          "failing": false,
          "failureDetails": [],
          "failureMessages": [],
          "fullName": "Ejemplar.controller unit tests getEjemplaresPorLibro C1: retorna ejemplares con fecha estimada si hay prestamo activo",
          "invocations": 1,
          "location": null,
          "numPassingAsserts": 1,
          "retryReasons": [],
          "startAt": 1782326056005,
          "status": "passed",
          "title": "C1: retorna ejemplares con fecha estimada si hay prestamo activo"
        },
        {
          "ancestorTitles": [
            "Ejemplar.controller unit tests",
            "getEjemplaresPorLibro"
          ],
          "duration": 1,
          "failing": false,
          "failureDetails": [],
          "failureMessages": [],
          "fullName": "Ejemplar.controller unit tests getEjemplaresPorLibro C2: fecha_devolucion_estimada es null si no hay prestamos activos",
          "invocations": 1,
          "location": null,
          "numPassingAsserts": 1,
          "retryReasons": [],
          "startAt": 1782326056006,
          "status": "passed",
          "title": "C2: fecha_devolucion_estimada es null si no hay prestamos activos"
        },
        {
          "ancestorTitles": [
            "Ejemplar.controller unit tests",
            "getEjemplaresPorLibro"
          ],
          "duration": 0,
          "failing": false,
          "failureDetails": [],
          "failureMessages": [],
          "fullName": "Ejemplar.controller unit tests getEjemplaresPorLibro C3: retorna array vacio si el libro no tiene ejemplares",
          "invocations": 1,
          "location": null,
          "numPassingAsserts": 2,
          "retryReasons": [],
          "startAt": 1782326056007,
          "status": "passed",
          "title": "C3: retorna array vacio si el libro no tiene ejemplares"
        },
        {
          "ancestorTitles": [
            "Ejemplar.controller unit tests",
            "getEjemplaresPorLibro"
          ],
          "duration": 0,
          "failing": false,
          "failureDetails": [],
          "failureMessages": [],
          "fullName": "Ejemplar.controller unit tests getEjemplaresPorLibro C4: retorna 500 si falla la consulta",
          "invocations": 1,
          "location": null,
          "numPassingAsserts": 2,
          "retryReasons": [],
          "startAt": 1782326056008,
          "status": "passed",
          "title": "C4: retorna 500 si falla la consulta"
        },
        {
          "ancestorTitles": [
            "Ejemplar.controller unit tests",
            "eliminarEjemplar"
          ],
          "duration": 1,
          "failing": false,
          "failureDetails": [],
          "failureMessages": [],
          "fullName": "Ejemplar.controller unit tests eliminarEjemplar D1: retorna 404 si el ejemplar no existe",
          "invocations": 1,
          "location": null,
          "numPassingAsserts": 2,
          "retryReasons": [],
          "startAt": 1782326056008,
          "status": "passed",
          "title": "D1: retorna 404 si el ejemplar no existe"
        },
        {
          "ancestorTitles": [
            "Ejemplar.controller unit tests",
            "eliminarEjemplar"
          ],
          "duration": 0,
          "failing": false,
          "failureDetails": [],
          "failureMessages": [],
          "fullName": "Ejemplar.controller unit tests eliminarEjemplar D2: retorna 400 si el ejemplar no esta en estado disponible",
          "invocations": 1,
          "location": null,
          "numPassingAsserts": 2,
          "retryReasons": [],
          "startAt": 1782326056009,
          "status": "passed",
          "title": "D2: retorna 400 si el ejemplar no esta en estado disponible"
        },
        {
          "ancestorTitles": [
            "Ejemplar.controller unit tests",
            "eliminarEjemplar"
          ],
          "duration": 1,
          "failing": false,
          "failureDetails": [],
          "failureMessages": [],
          "fullName": "Ejemplar.controller unit tests eliminarEjemplar D3: elimina el ejemplar disponible y responde con mensaje de exito",
          "invocations": 1,
          "location": null,
          "numPassingAsserts": 2,
          "retryReasons": [],
          "startAt": 1782326056009,
          "status": "passed",
          "title": "D3: elimina el ejemplar disponible y responde con mensaje de exito"
        },
        {
          "ancestorTitles": [
            "Ejemplar.controller unit tests",
            "eliminarEjemplar"
          ],
          "duration": 1,
          "failing": false,
          "failureDetails": [],
          "failureMessages": [],
          "fullName": "Ejemplar.controller unit tests eliminarEjemplar D4: retorna 500 si falla la BD",
          "invocations": 1,
          "location": null,
          "numPassingAsserts": 2,
          "retryReasons": [],
          "startAt": 1782326056010,
          "status": "passed",
          "title": "D4: retorna 500 si falla la BD"
        }
      ],
      "failureMessage": null
    },
    {
      "leaks": false,
      "numFailingTests": 0,
      "numPassingTests": 24,
      "numPendingTests": 0,
      "numTodoTests": 0,
      "openHandles": [],
      "perfStats": {
        "end": 1782326056050,
        "loadTestEnvironmentEnd": 1782326055125,
        "loadTestEnvironmentStart": 1782326054823,
        "runtime": 924,
        "setupAfterEnvEnd": 1782326055476,
        "setupAfterEnvStart": 1782326055476,
        "setupFilesEnd": 1782326055126,
        "setupFilesStart": 1782326055126,
        "slow": false,
        "start": 1782326055126
      },
      "skipped": false,
      "snapshot": {
        "added": 0,
        "fileDeleted": false,
        "matched": 0,
        "unchecked": 0,
        "uncheckedKeys": [],
        "unmatched": 0,
        "updated": 0
      },
      "testFilePath": "C:\\Users\\Oscar\\Documents\\GitHub\\Biblioteca-error404\\Backend\\tests\\unit\\controllers\\admin.controller.test.js",
      "testResults": [
        {
          "ancestorTitles": [
            "admin.controller unit tests",
            "obtenerResumenAdmin"
          ],
          "duration": 8,
          "failing": false,
          "failureDetails": [],
          "failureMessages": [],
          "fullName": "admin.controller unit tests obtenerResumenAdmin A1: retorna resumen con todos los conteos",
          "invocations": 1,
          "location": null,
          "numPassingAsserts": 1,
          "retryReasons": [],
          "startAt": 1782326055984,
          "status": "passed",
          "title": "A1: retorna resumen con todos los conteos"
        },
        {
          "ancestorTitles": [
            "admin.controller unit tests",
            "obtenerResumenAdmin"
          ],
          "duration": 35,
          "failing": false,
          "failureDetails": [],
          "failureMessages": [],
          "fullName": "admin.controller unit tests obtenerResumenAdmin A2: retorna 500 si falla una consulta",
          "invocations": 1,
          "location": null,
          "numPassingAsserts": 2,
          "retryReasons": [],
          "startAt": 1782326055992,
          "status": "passed",
          "title": "A2: retorna 500 si falla una consulta"
        },
        {
          "ancestorTitles": [
            "admin.controller unit tests",
            "obtenerResumenAdminSummary"
          ],
          "duration": 0,
          "failing": false,
          "failureDetails": [],
          "failureMessages": [],
          "fullName": "admin.controller unit tests obtenerResumenAdminSummary B1: retorna el resumen administrativo",
          "invocations": 1,
          "location": null,
          "numPassingAsserts": 1,
          "retryReasons": [],
          "startAt": 1782326056028,
          "status": "passed",
          "title": "B1: retorna el resumen administrativo"
        },
        {
          "ancestorTitles": [
            "admin.controller unit tests",
            "listarRoles"
          ],
          "duration": 0,
          "failing": false,
          "failureDetails": [],
          "failureMessages": [],
          "fullName": "admin.controller unit tests listarRoles C1: retorna lista de roles",
          "invocations": 1,
          "location": null,
          "numPassingAsserts": 2,
          "retryReasons": [],
          "startAt": 1782326056029,
          "status": "passed",
          "title": "C1: retorna lista de roles"
        },
        {
          "ancestorTitles": [
            "admin.controller unit tests",
            "listarRoles"
          ],
          "duration": 2,
          "failing": false,
          "failureDetails": [],
          "failureMessages": [],
          "fullName": "admin.controller unit tests listarRoles C2: retorna 500 si falla",
          "invocations": 1,
          "location": null,
          "numPassingAsserts": 2,
          "retryReasons": [],
          "startAt": 1782326056029,
          "status": "passed",
          "title": "C2: retorna 500 si falla"
        },
        {
          "ancestorTitles": [
            "admin.controller unit tests",
            "crearRol"
          ],
          "duration": 1,
          "failing": false,
          "failureDetails": [],
          "failureMessages": [],
          "fullName": "admin.controller unit tests crearRol D1: retorna 400 si falta el nombre",
          "invocations": 1,
          "location": null,
          "numPassingAsserts": 2,
          "retryReasons": [],
          "startAt": 1782326056031,
          "status": "passed",
          "title": "D1: retorna 400 si falta el nombre"
        },
        {
          "ancestorTitles": [
            "admin.controller unit tests",
            "crearRol"
          ],
          "duration": 0,
          "failing": false,
          "failureDetails": [],
          "failureMessages": [],
          "fullName": "admin.controller unit tests crearRol D2: crea el rol y responde 201",
          "invocations": 1,
          "location": null,
          "numPassingAsserts": 3,
          "retryReasons": [],
          "startAt": 1782326056032,
          "status": "passed",
          "title": "D2: crea el rol y responde 201"
        },
        {
          "ancestorTitles": [
            "admin.controller unit tests",
            "crearRol"
          ],
          "duration": 1,
          "failing": false,
          "failureDetails": [],
          "failureMessages": [],
          "fullName": "admin.controller unit tests crearRol D3: retorna 500 si falla la BD",
          "invocations": 1,
          "location": null,
          "numPassingAsserts": 2,
          "retryReasons": [],
          "startAt": 1782326056033,
          "status": "passed",
          "title": "D3: retorna 500 si falla la BD"
        },
        {
          "ancestorTitles": [
            "admin.controller unit tests",
            "listarCategorias"
          ],
          "duration": 1,
          "failing": false,
          "failureDetails": [],
          "failureMessages": [],
          "fullName": "admin.controller unit tests listarCategorias E1: retorna lista de categorias",
          "invocations": 1,
          "location": null,
          "numPassingAsserts": 2,
          "retryReasons": [],
          "startAt": 1782326056034,
          "status": "passed",
          "title": "E1: retorna lista de categorias"
        },
        {
          "ancestorTitles": [
            "admin.controller unit tests",
            "listarCategorias"
          ],
          "duration": 1,
          "failing": false,
          "failureDetails": [],
          "failureMessages": [],
          "fullName": "admin.controller unit tests listarCategorias E2: retorna 500 si falla",
          "invocations": 1,
          "location": null,
          "numPassingAsserts": 2,
          "retryReasons": [],
          "startAt": 1782326056035,
          "status": "passed",
          "title": "E2: retorna 500 si falla"
        },
        {
          "ancestorTitles": [
            "admin.controller unit tests",
            "crearCategoria"
          ],
          "duration": 0,
          "failing": false,
          "failureDetails": [],
          "failureMessages": [],
          "fullName": "admin.controller unit tests crearCategoria F1: retorna 400 si falta el nombre",
          "invocations": 1,
          "location": null,
          "numPassingAsserts": 2,
          "retryReasons": [],
          "startAt": 1782326056037,
          "status": "passed",
          "title": "F1: retorna 400 si falta el nombre"
        },
        {
          "ancestorTitles": [
            "admin.controller unit tests",
            "crearCategoria"
          ],
          "duration": 0,
          "failing": false,
          "failureDetails": [],
          "failureMessages": [],
          "fullName": "admin.controller unit tests crearCategoria F2: crea la categoria y responde 201",
          "invocations": 1,
          "location": null,
          "numPassingAsserts": 3,
          "retryReasons": [],
          "startAt": 1782326056037,
          "status": "passed",
          "title": "F2: crea la categoria y responde 201"
        },
        {
          "ancestorTitles": [
            "admin.controller unit tests",
            "crearCategoria"
          ],
          "duration": 1,
          "failing": false,
          "failureDetails": [],
          "failureMessages": [],
          "fullName": "admin.controller unit tests crearCategoria F3: retorna 500 si falla la BD",
          "invocations": 1,
          "location": null,
          "numPassingAsserts": 2,
          "retryReasons": [],
          "startAt": 1782326056038,
          "status": "passed",
          "title": "F3: retorna 500 si falla la BD"
        },
        {
          "ancestorTitles": [
            "admin.controller unit tests",
            "obtenerUsuariosMasPrestamos"
          ],
          "duration": 1,
          "failing": false,
          "failureDetails": [],
          "failureMessages": [],
          "fullName": "admin.controller unit tests obtenerUsuariosMasPrestamos G1: retorna el ranking de usuarios con mas prestamos",
          "invocations": 1,
          "location": null,
          "numPassingAsserts": 2,
          "retryReasons": [],
          "startAt": 1782326056039,
          "status": "passed",
          "title": "G1: retorna el ranking de usuarios con mas prestamos"
        },
        {
          "ancestorTitles": [
            "admin.controller unit tests",
            "obtenerUsuariosMasPrestamos"
          ],
          "duration": 0,
          "failing": false,
          "failureDetails": [],
          "failureMessages": [],
          "fullName": "admin.controller unit tests obtenerUsuariosMasPrestamos G2: retorna 500 si falla",
          "invocations": 1,
          "location": null,
          "numPassingAsserts": 2,
          "retryReasons": [],
          "startAt": 1782326056040,
          "status": "passed",
          "title": "G2: retorna 500 si falla"
        },
        {
          "ancestorTitles": [
            "admin.controller unit tests",
            "obtenerLibrosMasPrestados"
          ],
          "duration": 0,
          "failing": false,
          "failureDetails": [],
          "failureMessages": [],
          "fullName": "admin.controller unit tests obtenerLibrosMasPrestados H1: retorna el ranking de libros mas prestados",
          "invocations": 1,
          "location": null,
          "numPassingAsserts": 2,
          "retryReasons": [],
          "startAt": 1782326056041,
          "status": "passed",
          "title": "H1: retorna el ranking de libros mas prestados"
        },
        {
          "ancestorTitles": [
            "admin.controller unit tests",
            "obtenerLibrosMasPrestados"
          ],
          "duration": 1,
          "failing": false,
          "failureDetails": [],
          "failureMessages": [],
          "fullName": "admin.controller unit tests obtenerLibrosMasPrestados H2: retorna 500 si falla",
          "invocations": 1,
          "location": null,
          "numPassingAsserts": 2,
          "retryReasons": [],
          "startAt": 1782326056041,
          "status": "passed",
          "title": "H2: retorna 500 si falla"
        },
        {
          "ancestorTitles": [
            "admin.controller unit tests",
            "obtenerReportes"
          ],
          "duration": 1,
          "failing": false,
          "failureDetails": [],
          "failureMessages": [],
          "fullName": "admin.controller unit tests obtenerReportes I1: retorna objeto con prestamos, usuarios y libros",
          "invocations": 1,
          "location": null,
          "numPassingAsserts": 1,
          "retryReasons": [],
          "startAt": 1782326056042,
          "status": "passed",
          "title": "I1: retorna objeto con prestamos, usuarios y libros"
        },
        {
          "ancestorTitles": [
            "admin.controller unit tests",
            "obtenerReportes"
          ],
          "duration": 1,
          "failing": false,
          "failureDetails": [],
          "failureMessages": [],
          "fullName": "admin.controller unit tests obtenerReportes I2: retorna 500 si falla",
          "invocations": 1,
          "location": null,
          "numPassingAsserts": 2,
          "retryReasons": [],
          "startAt": 1782326056043,
          "status": "passed",
          "title": "I2: retorna 500 si falla"
        },
        {
          "ancestorTitles": [
            "admin.controller unit tests",
            "obtenerAuditoria"
          ],
          "duration": 1,
          "failing": false,
          "failureDetails": [],
          "failureMessages": [],
          "fullName": "admin.controller unit tests obtenerAuditoria J1: retorna toda la auditoria sin filtros",
          "invocations": 1,
          "location": null,
          "numPassingAsserts": 2,
          "retryReasons": [],
          "startAt": 1782326056044,
          "status": "passed",
          "title": "J1: retorna toda la auditoria sin filtros"
        },
        {
          "ancestorTitles": [
[...]
          "invocations": 1,
          "location": null,
          "numPassingAsserts": 2,
          "retryReasons": [],
          "startAt": 1782326056041,
          "status": "passed",
          "title": "C2: retorna 500 si falla"
        },
        {
          "ancestorTitles": [
            "loan.controller unit tests",
            "listarPrestamosVencidos"
          ],
          "duration": 1,
          "failing": false,
          "failureDetails": [],
          "failureMessages": [],
          "fullName": "loan.controller unit tests listarPrestamosVencidos D1: retorna lista de prestamos vencidos",
          "invocations": 1,
          "location": null,
          "numPassingAsserts": 2,
          "retryReasons": [],
          "startAt": 1782326056042,
          "status": "passed",
          "title": "D1: retorna lista de prestamos vencidos"
        },
        {
          "ancestorTitles": [
            "loan.controller unit tests",
            "listarPrestamosVencidos"
          ],
          "duration": 3,
          "failing": false,
          "failureDetails": [],
          "failureMessages": [],
          "fullName": "loan.controller unit tests listarPrestamosVencidos D2: retorna 500 si falla",
          "invocations": 1,
          "location": null,
          "numPassingAsserts": 2,
          "retryReasons": [],
          "startAt": 1782326056043,
          "status": "passed",
          "title": "D2: retorna 500 si falla"
        },
        {
          "ancestorTitles": [
            "loan.controller unit tests",
            "listarMultasPorUsuario"
          ],
          "duration": 0,
          "failing": false,
          "failureDetails": [],
          "failureMessages": [],
          "fullName": "loan.controller unit tests listarMultasPorUsuario E1: retorna multas del usuario",
          "invocations": 1,
          "location": null,
          "numPassingAsserts": 2,
          "retryReasons": [],
          "startAt": 1782326056047,
          "status": "passed",
          "title": "E1: retorna multas del usuario"
        },
        {
          "ancestorTitles": [
            "loan.controller unit tests",
            "listarMultasPorUsuario"
          ],
          "duration": 1,
          "failing": false,
          "failureDetails": [],
          "failureMessages": [],
          "fullName": "loan.controller unit tests listarMultasPorUsuario E2: retorna 500 si falla",
          "invocations": 1,
          "location": null,
          "numPassingAsserts": 2,
          "retryReasons": [],
          "startAt": 1782326056047,
          "status": "passed",
          "title": "E2: retorna 500 si falla"
        },
        {
          "ancestorTitles": [
            "loan.controller unit tests",
            "notificarVencimientosYRetrasos"
          ],
          "duration": 1,
          "failing": false,
          "failureDetails": [],
          "failureMessages": [],
          "fullName": "loan.controller unit tests notificarVencimientosYRetrasos F1: procesa prestamos y crea notificaciones de vencimiento proximo",
          "invocations": 1,
          "location": null,
          "numPassingAsserts": 2,
          "retryReasons": [],
          "startAt": 1782326056048,
          "status": "passed",
          "title": "F1: procesa prestamos y crea notificaciones de vencimiento proximo"
        },
        {
          "ancestorTitles": [
            "loan.controller unit tests",
            "notificarVencimientosYRetrasos"
          ],
          "duration": 0,
          "failing": false,
          "failureDetails": [],
          "failureMessages": [],
          "fullName": "loan.controller unit tests notificarVencimientosYRetrasos F2: crea notificacion multa_pendiente para prestamos vencidos",
          "invocations": 1,
          "location": null,
          "numPassingAsserts": 2,
          "retryReasons": [],
          "startAt": 1782326056049,
          "status": "passed",
          "title": "F2: crea notificacion multa_pendiente para prestamos vencidos"
        },
        {
          "ancestorTitles": [
            "loan.controller unit tests",
            "notificarVencimientosYRetrasos"
          ],
          "duration": 1,
          "failing": false,
          "failureDetails": [],
          "failureMessages": [],
          "fullName": "loan.controller unit tests notificarVencimientosYRetrasos F3: retorna 500 si falla",
          "invocations": 1,
          "location": null,
          "numPassingAsserts": 2,
          "retryReasons": [],
          "startAt": 1782326056049,
          "status": "passed",
          "title": "F3: retorna 500 si falla"
        },
        {
          "ancestorTitles": [
            "loan.controller unit tests",
            "crearPrestamo"
          ],
          "duration": 0,
          "failing": false,
          "failureDetails": [],
          "failureMessages": [],
          "fullName": "loan.controller unit tests crearPrestamo G1: 400 si faltan ejemplar_id o usuario_id",
          "invocations": 1,
          "location": null,
          "numPassingAsserts": 2,
          "retryReasons": [],
          "startAt": 1782326056050,
          "status": "passed",
          "title": "G1: 400 si faltan ejemplar_id o usuario_id"
        },
        {
          "ancestorTitles": [
            "loan.controller unit tests",
            "crearPrestamo"
          ],
          "duration": 1,
          "failing": false,
          "failureDetails": [],
          "failureMessages": [],
          "fullName": "loan.controller unit tests crearPrestamo G2: 404 si ejemplar no existe",
          "invocations": 1,
          "location": null,
          "numPassingAsserts": 2,
          "retryReasons": [],
          "startAt": 1782326056050,
          "status": "passed",
          "title": "G2: 404 si ejemplar no existe"
        },
        {
          "ancestorTitles": [
            "loan.controller unit tests",
            "crearPrestamo"
          ],
          "duration": 0,
          "failing": false,
          "failureDetails": [],
          "failureMessages": [],
          "fullName": "loan.controller unit tests crearPrestamo G3: 400 si ejemplar no esta disponible",
          "invocations": 1,
          "location": null,
          "numPassingAsserts": 2,
          "retryReasons": [],
          "startAt": 1782326056051,
          "status": "passed",
          "title": "G3: 400 si ejemplar no esta disponible"
        },
        {
          "ancestorTitles": [
            "loan.controller unit tests",
            "crearPrestamo"
          ],
          "duration": 0,
          "failing": false,
          "failureDetails": [],
          "failureMessages": [],
          "fullName": "loan.controller unit tests crearPrestamo G4: 404 si usuario no existe",
          "invocations": 1,
          "location": null,
          "numPassingAsserts": 2,
          "retryReasons": [],
          "startAt": 1782326056051,
          "status": "passed",
          "title": "G4: 404 si usuario no existe"
        },
        {
          "ancestorTitles": [
            "loan.controller unit tests",
            "crearPrestamo"
          ],
          "duration": 1,
          "failing": false,
          "failureDetails": [],
          "failureMessages": [],
          "fullName": "loan.controller unit tests crearPrestamo G5: 400 si usuario alcanzo max_prestamos",
          "invocations": 1,
          "location": null,
          "numPassingAsserts": 2,
          "retryReasons": [],
          "startAt": 1782326056051,
          "status": "passed",
          "title": "G5: 400 si usuario alcanzo max_prestamos"
        },
        {
          "ancestorTitles": [
            "loan.controller unit tests",
            "crearPrestamo"
          ],
          "duration": 1,
          "failing": false,
          "failureDetails": [],
          "failureMessages": [],
          "fullName": "loan.controller unit tests crearPrestamo G6: crea prestamo y responde 201",
          "invocations": 1,
          "location": null,
          "numPassingAsserts": 5,
          "retryReasons": [],
          "startAt": 1782326056052,
          "status": "passed",
          "title": "G6: crea prestamo y responde 201"
        },
        {
          "ancestorTitles": [
            "loan.controller unit tests",
            "crearPrestamo"
          ],
          "duration": 0,
          "failing": false,
          "failureDetails": [],
          "failureMessages": [],
          "fullName": "loan.controller unit tests crearPrestamo G7: si existe reserva activa del usuario la completa",
          "invocations": 1,
          "location": null,
          "numPassingAsserts": 3,
          "retryReasons": [],
          "startAt": 1782326056053,
          "status": "passed",
          "title": "G7: si existe reserva activa del usuario la completa"
        },
        {
          "ancestorTitles": [
            "loan.controller unit tests",
            "crearPrestamo"
          ],
          "duration": 1,
          "failing": false,
          "failureDetails": [],
          "failureMessages": [],
          "fullName": "loan.controller unit tests crearPrestamo G8: retorna 500 si falla internamente",
          "invocations": 1,
          "location": null,
          "numPassingAsserts": 2,
          "retryReasons": [],
          "startAt": 1782326056053,
          "status": "passed",
          "title": "G8: retorna 500 si falla internamente"
        },
        {
          "ancestorTitles": [
            "loan.controller unit tests",
            "actualizarPrestamo"
          ],
          "duration": 1,
          "failing": false,
          "failureDetails": [],
          "failureMessages": [],
          "fullName": "loan.controller unit tests actualizarPrestamo H1: 404 si prestamo no existe",
          "invocations": 1,
          "location": null,
          "numPassingAsserts": 2,
          "retryReasons": [],
          "startAt": 1782326056054,
          "status": "passed",
          "title": "H1: 404 si prestamo no existe"
        },
        {
          "ancestorTitles": [
            "loan.controller unit tests",
            "actualizarPrestamo"
          ],
          "duration": 0,
          "failing": false,
          "failureDetails": [],
          "failureMessages": [],
          "fullName": "loan.controller unit tests actualizarPrestamo H2: actualiza observaciones y retorna prestamo",
          "invocations": 1,
          "location": null,
          "numPassingAsserts": 3,
          "retryReasons": [],
          "startAt": 1782326056055,
          "status": "passed",
          "title": "H2: actualiza observaciones y retorna prestamo"
        },
        {
          "ancestorTitles": [
            "loan.controller unit tests",
            "actualizarPrestamo"
          ],
          "duration": 0,
          "failing": false,
          "failureDetails": [],
          "failureMessages": [],
          "fullName": "loan.controller unit tests actualizarPrestamo H3: estado renovado con renovaciones < 2 extiende fecha",
          "invocations": 1,
          "location": null,
          "numPassingAsserts": 1,
          "retryReasons": [],
          "startAt": 1782326056055,
          "status": "passed",
          "title": "H3: estado renovado con renovaciones < 2 extiende fecha"
        },
        {
          "ancestorTitles": [
            "loan.controller unit tests",
            "actualizarPrestamo"
          ],
          "duration": 1,
          "failing": false,
          "failureDetails": [],
          "failureMessages": [],
          "fullName": "loan.controller unit tests actualizarPrestamo H4: estado renovado con renovaciones >= 2 retorna 400",
          "invocations": 1,
          "location": null,
          "numPassingAsserts": 2,
          "retryReasons": [],
          "startAt": 1782326056055,
          "status": "passed",
          "title": "H4: estado renovado con renovaciones >= 2 retorna 400"
        },
        {
          "ancestorTitles": [
            "loan.controller unit tests",
            "actualizarPrestamo"
          ],
          "duration": 0,
          "failing": false,
          "failureDetails": [],
          "failureMessages": [],
          "fullName": "loan.controller unit tests actualizarPrestamo H5: estado devuelto crea notificacion y libera ejemplar",
          "invocations": 1,
          "location": null,
          "numPassingAsserts": 3,
          "retryReasons": [],
          "startAt": 1782326056056,
          "status": "passed",
          "title": "H5: estado devuelto crea notificacion y libera ejemplar"
        },
        {
          "ancestorTitles": [
            "loan.controller unit tests",
            "actualizarPrestamo"
          ],
          "duration": 1,
          "failing": false,
          "failureDetails": [],
          "failureMessages": [],
          "fullName": "loan.controller unit tests actualizarPrestamo H6: devolucion con retraso crea multa y retorna {prestamo, multa}",
          "invocations": 1,
          "location": null,
          "numPassingAsserts": 2,
          "retryReasons": [],
          "startAt": 1782326056056,
          "status": "passed",
          "title": "H6: devolucion con retraso crea multa y retorna {prestamo, multa}"
        },
        {
          "ancestorTitles": [
            "loan.controller unit tests",
            "actualizarPrestamo"
          ],
          "duration": 1,
          "failing": false,
          "failureDetails": [],
          "failureMessages": [],
          "fullName": "loan.controller unit tests actualizarPrestamo H7: retorna 500 si falla",
          "invocations": 1,
          "location": null,
          "numPassingAsserts": 2,
          "retryReasons": [],
          "startAt": 1782326056057,
          "status": "passed",
          "title": "H7: retorna 500 si falla"
        },
        {
          "ancestorTitles": [
            "loan.controller unit tests",
            "renovarPrestamo"
          ],
          "duration": 0,
          "failing": false,
          "failureDetails": [],
          "failureMessages": [],
          "fullName": "loan.controller unit tests renovarPrestamo I1: 404 si prestamo no existe",
          "invocations": 1,
          "location": null,
          "numPassingAsserts": 2,
          "retryReasons": [],
          "startAt": 1782326056058,
          "status": "passed",
          "title": "I1: 404 si prestamo no existe"
        },
        {
          "ancestorTitles": [
            "loan.controller unit tests",
            "renovarPrestamo"
          ],
          "duration": 1,
          "failing": false,
          "failureDetails": [],
          "failureMessages": [],
          "fullName": "loan.controller unit tests renovarPrestamo I2: 400 si prestamo ya fue devuelto",
          "invocations": 1,
          "location": null,
          "numPassingAsserts": 2,
          "retryReasons": [],
          "startAt": 1782326056058,
          "status": "passed",
          "title": "I2: 400 si prestamo ya fue devuelto"
        },
        {
          "ancestorTitles": [
            "loan.controller unit tests",
            "renovarPrestamo"
          ],
          "duration": 0,
          "failing": false,
          "failureDetails": [],
          "failureMessages": [],
          "fullName": "loan.controller unit tests renovarPrestamo I3: 400 si renovaciones >= 2",
          "invocations": 1,
          "location": null,
          "numPassingAsserts": 2,
          "retryReasons": [],
          "startAt": 1782326056059,
          "status": "passed",
          "title": "I3: 400 si renovaciones >= 2"
        },
        {
          "ancestorTitles": [
            "loan.controller unit tests",
            "renovarPrestamo"
          ],
          "duration": 0,
          "failing": false,
          "failureDetails": [],
          "failureMessages": [],
          "fullName": "loan.controller unit tests renovarPrestamo I4: 400 si hay reservas pendientes para el libro",
          "invocations": 1,
          "location": null,
          "numPassingAsserts": 2,
          "retryReasons": [],
          "startAt": 1782326056059,
          "status": "passed",
          "title": "I4: 400 si hay reservas pendientes para el libro"
        },
        {
          "ancestorTitles": [
            "loan.controller unit tests",
            "renovarPrestamo"
          ],
          "duration": 1,
          "failing": false,
          "failureDetails": [],
          "failureMessages": [],
          "fullName": "loan.controller unit tests renovarPrestamo I5: renueva correctamente y extiende fecha 7 dias",
          "invocations": 1,
          "location": null,
          "numPassingAsserts": 5,
          "retryReasons": [],
          "startAt": 1782326056059,
          "status": "passed",
          "title": "I5: renueva correctamente y extiende fecha 7 dias"
        },
        {
          "ancestorTitles": [
            "loan.controller unit tests",
            "renovarPrestamo"
          ],
          "duration": 1,
          "failing": false,
          "failureDetails": [],
          "failureMessages": [],
          "fullName": "loan.controller unit tests renovarPrestamo I6: retorna 500 si falla",
          "invocations": 1,
          "location": null,
          "numPassingAsserts": 2,
          "retryReasons": [],
          "startAt": 1782326056060,
          "status": "passed",
          "title": "I6: retorna 500 si falla"
        },
        {
          "ancestorTitles": [
            "loan.controller unit tests",
            "eliminarPrestamo"
          ],
          "duration": 1,
          "failing": false,
          "failureDetails": [],
          "failureMessages": [],
          "fullName": "loan.controller unit tests eliminarPrestamo J1: 404 si prestamo no existe",
          "invocations": 1,
          "location": null,
          "numPassingAsserts": 2,
          "retryReasons": [],
          "startAt": 1782326056061,
          "status": "passed",
          "title": "J1: 404 si prestamo no existe"
        },
        {
          "ancestorTitles": [
            "loan.controller unit tests",
            "eliminarPrestamo"
          ],
          "duration": 1,
          "failing": false,
          "failureDetails": [],
          "failureMessages": [],
          "fullName": "loan.controller unit tests eliminarPrestamo J2: elimina prestamo devuelto sin liberar ejemplar",
          "invocations": 1,
          "location": null,
          "numPassingAsserts": 4,
          "retryReasons": [],
          "startAt": 1782326056062,
          "status": "passed",
          "title": "J2: elimina prestamo devuelto sin liberar ejemplar"
        },
        {
          "ancestorTitles": [
            "loan.controller unit tests",
            "eliminarPrestamo"
          ],
          "duration": 0,
          "failing": false,
          "failureDetails": [],
          "failureMessages": [],
          "fullName": "loan.controller unit tests eliminarPrestamo J3: elimina prestamo activo y libera ejemplar",
          "invocations": 1,
          "location": null,
          "numPassingAsserts": 3,
          "retryReasons": [],
          "startAt": 1782326056063,
          "status": "passed",
          "title": "J3: elimina prestamo activo y libera ejemplar"
        },
        {
          "ancestorTitles": [
            "loan.controller unit tests",
            "eliminarPrestamo"
          ],
          "duration": 1,
          "failing": false,
          "failureDetails": [],
          "failureMessages": [],
          "fullName": "loan.controller unit tests eliminarPrestamo J4: retorna 500 si falla",
          "invocations": 1,
          "location": null,
          "numPassingAsserts": 2,
          "retryReasons": [],
          "startAt": 1782326056063,
          "status": "passed",
          "title": "J4: retorna 500 si falla"
        }
      ],
      "failureMessage": null
    }
  ],
  "wasInterrupted": false
}